<?xml version="1.0" encoding="UTF-8"?>
<!-- Generated by org.testng.reporters.JUnitReportReporter -->
<testsuite skipped="0" hostname="DESKTOP-0FSTDRC" name="com.freshproposals.selenium.Image_Duplicate_Template" tests="11" failures="0" timestamp="2020-03-20T14:55:55 IST" time="59.402" errors="0">
  <testcase name="login" time="0.763" classname="com.freshproposals.selenium.Image_Duplicate_Template"/>
  <testcase name="open_Template" time="20.582" classname="com.freshproposals.selenium.Image_Duplicate_Template"/>
  <testcase name="height_width" time="5.568" classname="com.freshproposals.selenium.Image_Duplicate_Template"/>
  <testcase name="assert_width_1" time="0.213" classname="com.freshproposals.selenium.Image_Duplicate_Template"/>
  <testcase name="duplicate" time="2.529" classname="com.freshproposals.selenium.Image_Duplicate_Template"/>
  <testcase name="DragDrop" time="3.371" classname="com.freshproposals.selenium.Image_Duplicate_Template"/>
  <testcase name="assert_width_2" time="0.099" classname="com.freshproposals.selenium.Image_Duplicate_Template"/>
  <testcase name="Save" time="7.772" classname="com.freshproposals.selenium.Image_Duplicate_Template"/>
  <testcase name="clear" time="7.439" classname="com.freshproposals.selenium.Image_Duplicate_Template"/>
  <testcase name="reset_sign_1" time="3.515" classname="com.freshproposals.selenium.Image_Duplicate_Template"/>
  <testcase name="Save2" time="7.551" classname="com.freshproposals.selenium.Image_Duplicate_Template"/>
</testsuite> <!-- com.freshproposals.selenium.Image_Duplicate_Template -->
