<?xml version="1.0" encoding="UTF-8"?>
<!-- Generated by org.testng.reporters.JUnitReportReporter -->
<testsuite skipped="0" hostname="DESKTOP-0FSTDRC" name="com.freshproposals.selenium.F2B2" tests="5" failures="0" timestamp="2020-02-27T16:35:24 IST" time="28.054" errors="0">
  <testcase name="login" time="0.696" classname="com.freshproposals.selenium.F2B2"/>
  <testcase name="Backward" time="17.161" classname="com.freshproposals.selenium.F2B2"/>
  <testcase name="Back" time="3.433" classname="com.freshproposals.selenium.F2B2"/>
  <testcase name="Front" time="3.364" classname="com.freshproposals.selenium.F2B2"/>
  <testcase name="Forward" time="3.400" classname="com.freshproposals.selenium.F2B2"/>
</testsuite> <!-- com.freshproposals.selenium.F2B2 -->
