<?xml version="1.0" encoding="UTF-8"?>
<!-- Generated by org.testng.reporters.JUnitReportReporter -->
<testsuite skipped="0" hostname="DESKTOP-DFBIVRO" name="com.freshproposals.selenium.CheckPositionOfTheTextcomponent" tests="2" failures="0" timestamp="2019-12-19T15:27:18 IST" time="39.701" errors="0">
  <testcase name="login" time="0.499" classname="com.freshproposals.selenium.CheckPositionOfTheTextcomponent"/>
  <testcase name="TextComponentPosition" time="39.202" classname="com.freshproposals.selenium.CheckPositionOfTheTextcomponent"/>
</testsuite> <!-- com.freshproposals.selenium.CheckPositionOfTheTextcomponent -->
