<?xml version="1.0" encoding="UTF-8"?>
<!-- Generated by org.testng.reporters.JUnitReportReporter -->
<testsuite skipped="0" hostname="DESKTOP-0FSTDRC" name="com.freshproposals.F2B2" tests="5" failures="0" timestamp="2019-11-01T11:40:01 IST" time="24.014" errors="0">
  <testcase name="login" time="0.616" classname="com.freshproposals.F2B2"/>
  <testcase name="Backward" time="12.983" classname="com.freshproposals.F2B2"/>
  <testcase name="Back" time="3.483" classname="com.freshproposals.F2B2"/>
  <testcase name="Front" time="3.440" classname="com.freshproposals.F2B2"/>
  <testcase name="Forward" time="3.492" classname="com.freshproposals.F2B2"/>
</testsuite> <!-- com.freshproposals.F2B2 -->
