<?xml version="1.0" encoding="UTF-8"?>
<!-- Generated by org.testng.reporters.JUnitReportReporter -->
<testsuite skipped="0" hostname="DESKTOP-0FSTDRC" name="com.freshproposals.selenium.Signature_Duplicate_Section" tests="13" failures="0" timestamp="2019-12-26T15:00:15 IST" time="46.671" errors="0">
  <testcase name="login" time="0.627" classname="com.freshproposals.selenium.Signature_Duplicate_Section"/>
  <testcase name="open_Template" time="14.334" classname="com.freshproposals.selenium.Signature_Duplicate_Section"/>
  <testcase name="height_width" time="3.624" classname="com.freshproposals.selenium.Signature_Duplicate_Section"/>
  <testcase name="assert_width_1" time="0.099" classname="com.freshproposals.selenium.Signature_Duplicate_Section"/>
  <testcase name="assert_height_1" time="0.074" classname="com.freshproposals.selenium.Signature_Duplicate_Section"/>
  <testcase name="duplicate" time="2.535" classname="com.freshproposals.selenium.Signature_Duplicate_Section"/>
  <testcase name="DragDrop" time="3.601" classname="com.freshproposals.selenium.Signature_Duplicate_Section"/>
  <testcase name="assert_width_2" time="0.113" classname="com.freshproposals.selenium.Signature_Duplicate_Section"/>
  <testcase name="assert_height_2" time="0.080" classname="com.freshproposals.selenium.Signature_Duplicate_Section"/>
  <testcase name="Save" time="7.446" classname="com.freshproposals.selenium.Signature_Duplicate_Section"/>
  <testcase name="clear" time="3.554" classname="com.freshproposals.selenium.Signature_Duplicate_Section"/>
  <testcase name="reset_sign_1" time="3.514" classname="com.freshproposals.selenium.Signature_Duplicate_Section"/>
  <testcase name="Save2" time="7.070" classname="com.freshproposals.selenium.Signature_Duplicate_Section"/>
</testsuite> <!-- com.freshproposals.selenium.Signature_Duplicate_Section -->
