<?xml version="1.0" encoding="UTF-8"?>
<!-- Generated by org.testng.reporters.JUnitReportReporter -->
<testsuite skipped="0" hostname="DESKTOP-0FSTDRC" name="com.freshproposals.selenium.Signature_Section" tests="23" failures="0" timestamp="2020-01-02T19:15:17 IST" time="83.345" errors="0">
  <testcase name="login" time="0.694" classname="com.freshproposals.selenium.Signature_Section"/>
  <testcase name="open_Proposal" time="9.777" classname="com.freshproposals.selenium.Signature_Section"/>
  <testcase name="width" time="1.228" classname="com.freshproposals.selenium.Signature_Section"/>
  <testcase name="height" time="1.226" classname="com.freshproposals.selenium.Signature_Section"/>
  <testcase name="Save_height_width" time="7.401" classname="com.freshproposals.selenium.Signature_Section"/>
  <testcase name="reflect_width" time="0.480" classname="com.freshproposals.selenium.Signature_Section"/>
  <testcase name="reflect_height" time="0.075" classname="com.freshproposals.selenium.Signature_Section"/>
  <testcase name="Reset_height_width" time="2.506" classname="com.freshproposals.selenium.Signature_Section"/>
  <testcase name="corner" time="1.149" classname="com.freshproposals.selenium.Signature_Section"/>
  <testcase name="rotate" time="1.181" classname="com.freshproposals.selenium.Signature_Section"/>
  <testcase name="color" time="6.670" classname="com.freshproposals.selenium.Signature_Section"/>
  <testcase name="border_width" time="4.300" classname="com.freshproposals.selenium.Signature_Section"/>
  <testcase name="border_style" time="1.311" classname="com.freshproposals.selenium.Signature_Section"/>
  <testcase name="padding_top" time="1.376" classname="com.freshproposals.selenium.Signature_Section"/>
  <testcase name="padding_left" time="1.212" classname="com.freshproposals.selenium.Signature_Section"/>
  <testcase name="pading_bottom" time="1.191" classname="com.freshproposals.selenium.Signature_Section"/>
  <testcase name="padding_right" time="1.192" classname="com.freshproposals.selenium.Signature_Section"/>
  <testcase name="Save" time="7.066" classname="com.freshproposals.selenium.Signature_Section"/>
  <testcase name="reflect_corner" time="0.538" classname="com.freshproposals.selenium.Signature_Section"/>
  <testcase name="reflect_border_width" time="5.087" classname="com.freshproposals.selenium.Signature_Section"/>
  <testcase name="reflect_border_style" time="5.120" classname="com.freshproposals.selenium.Signature_Section"/>
  <testcase name="reflect_padding" time="5.224" classname="com.freshproposals.selenium.Signature_Section"/>
  <testcase name="Reset_All" time="17.341" classname="com.freshproposals.selenium.Signature_Section"/>
</testsuite> <!-- com.freshproposals.selenium.Signature_Section -->
