<?xml version="1.0" encoding="UTF-8"?>
<!-- Generated by org.testng.reporters.JUnitReportReporter -->
<testsuite skipped="0" hostname="DESKTOP-0FSTDRC" name="com.freshproposals.selenium.Page_Up_Properties" tests="2" failures="0" timestamp="2019-11-21T19:27:05 IST" time="50.528" errors="0">
  <testcase name="login" time="0.582" classname="com.freshproposals.selenium.Page_Up_Properties"/>
  <testcase name="Properties" time="49.946" classname="com.freshproposals.selenium.Page_Up_Properties"/>
</testsuite> <!-- com.freshproposals.selenium.Page_Up_Properties -->
