<?xml version="1.0" encoding="UTF-8"?>
<!-- Generated by org.testng.reporters.JUnitReportReporter -->
<testsuite skipped="0" hostname="DESKTOP-0FSTDRC" name="com.freshproposals.selenium.Signature_DragDrop_Position" tests="6" failures="0" timestamp="2019-12-14T12:55:39 IST" time="43.812" errors="0">
  <testcase name="login" time="0.538" classname="com.freshproposals.selenium.Signature_DragDrop_Position"/>
  <testcase name="openExistTemplate" time="14.694" classname="com.freshproposals.selenium.Signature_DragDrop_Position"/>
  <testcase name="Get_Position" time="9.226" classname="com.freshproposals.selenium.Signature_DragDrop_Position"/>
  <testcase name="DragDrop" time="3.501" classname="com.freshproposals.selenium.Signature_DragDrop_Position"/>
  <testcase name="DragDrop_Get_Position" time="8.748" classname="com.freshproposals.selenium.Signature_DragDrop_Position"/>
  <testcase name="Reset" time="7.105" classname="com.freshproposals.selenium.Signature_DragDrop_Position"/>
</testsuite> <!-- com.freshproposals.selenium.Signature_DragDrop_Position -->
