<?xml version="1.0" encoding="UTF-8"?>
<!-- Generated by org.testng.reporters.JUnitReportReporter -->
<testsuite skipped="0" hostname="DESKTOP-0FSTDRC" name="com.freshproposals.selenium.Signature_Duplicate_Section" tests="13" failures="0" timestamp="2020-01-20T18:20:32 IST" time="38.050" errors="0">
  <testcase name="login" time="0.666" classname="com.freshproposals.selenium.Signature_Duplicate_Section"/>
  <testcase name="open_Template" time="6.498" classname="com.freshproposals.selenium.Signature_Duplicate_Section"/>
  <testcase name="height_width" time="3.545" classname="com.freshproposals.selenium.Signature_Duplicate_Section"/>
  <testcase name="assert_width_1" time="0.100" classname="com.freshproposals.selenium.Signature_Duplicate_Section"/>
  <testcase name="assert_height_1" time="0.074" classname="com.freshproposals.selenium.Signature_Duplicate_Section"/>
  <testcase name="duplicate" time="2.348" classname="com.freshproposals.selenium.Signature_Duplicate_Section"/>
  <testcase name="DragDrop" time="3.450" classname="com.freshproposals.selenium.Signature_Duplicate_Section"/>
  <testcase name="assert_width_2" time="0.096" classname="com.freshproposals.selenium.Signature_Duplicate_Section"/>
  <testcase name="assert_height_2" time="0.072" classname="com.freshproposals.selenium.Signature_Duplicate_Section"/>
  <testcase name="Save" time="7.528" classname="com.freshproposals.selenium.Signature_Duplicate_Section"/>
  <testcase name="clear" time="3.316" classname="com.freshproposals.selenium.Signature_Duplicate_Section"/>
  <testcase name="reset_sign_1" time="3.414" classname="com.freshproposals.selenium.Signature_Duplicate_Section"/>
  <testcase name="Save2" time="6.943" classname="com.freshproposals.selenium.Signature_Duplicate_Section"/>
</testsuite> <!-- com.freshproposals.selenium.Signature_Duplicate_Section -->
