<?xml version="1.0" encoding="UTF-8"?>
<!-- Generated by org.testng.reporters.JUnitReportReporter -->
<testsuite skipped="0" hostname="DESKTOP-0FSTDRC" name="com.freshproposals.selenium.Image_Duplicate_Section" tests="11" failures="0" timestamp="2020-02-28T17:51:05 IST" time="46.690" errors="0">
  <testcase name="login" time="0.640" classname="com.freshproposals.selenium.Image_Duplicate_Section"/>
  <testcase name="open_Template" time="9.314" classname="com.freshproposals.selenium.Image_Duplicate_Section"/>
  <testcase name="height_width" time="5.547" classname="com.freshproposals.selenium.Image_Duplicate_Section"/>
  <testcase name="assert_width_1" time="0.201" classname="com.freshproposals.selenium.Image_Duplicate_Section"/>
  <testcase name="duplicate" time="2.386" classname="com.freshproposals.selenium.Image_Duplicate_Section"/>
  <testcase name="DragDrop" time="3.439" classname="com.freshproposals.selenium.Image_Duplicate_Section"/>
  <testcase name="assert_width_2" time="0.099" classname="com.freshproposals.selenium.Image_Duplicate_Section"/>
  <testcase name="Save" time="7.185" classname="com.freshproposals.selenium.Image_Duplicate_Section"/>
  <testcase name="clear" time="7.343" classname="com.freshproposals.selenium.Image_Duplicate_Section"/>
  <testcase name="reset_sign_1" time="3.417" classname="com.freshproposals.selenium.Image_Duplicate_Section"/>
  <testcase name="Save2" time="7.119" classname="com.freshproposals.selenium.Image_Duplicate_Section"/>
</testsuite> <!-- com.freshproposals.selenium.Image_Duplicate_Section -->
