<?xml version="1.0" encoding="UTF-8"?>
<!-- Generated by org.testng.reporters.JUnitReportReporter -->
<testsuite skipped="0" hostname="DESKTOP-0FSTDRC" name="com.freshproposals.selenium.Verify_Color" tests="2" failures="0" timestamp="2019-11-29T16:27:25 IST" time="11.739" errors="0">
  <testcase name="login" time="0.640" classname="com.freshproposals.selenium.Verify_Color"/>
  <testcase name="verify_Color" time="11.099" classname="com.freshproposals.selenium.Verify_Color"/>
</testsuite> <!-- com.freshproposals.selenium.Verify_Color -->
