<?xml version="1.0" encoding="UTF-8"?>
<!-- Generated by org.testng.reporters.JUnitReportReporter -->
<testsuite skipped="0" hostname="DESKTOP-0FSTDRC" name="com.freshproposals.selenium.Push_Proposal" tests="4" failures="0" timestamp="2020-04-06T15:59:42 IST" time="81.325" errors="0">
  <testcase name="login" time="0.739" classname="com.freshproposals.selenium.Push_Proposal"/>
  <testcase name="ExtendsMethods" time="37.195" classname="com.freshproposals.selenium.Push_Proposal"/>
  <testcase name="ProposalVersion" time="41.382" classname="com.freshproposals.selenium.Push_Proposal"/>
  <testcase name="Assert_Prop" time="2.009" classname="com.freshproposals.selenium.Push_Proposal"/>
</testsuite> <!-- com.freshproposals.selenium.Push_Proposal -->
