<?xml version="1.0" encoding="UTF-8"?>
<!-- Generated by org.testng.reporters.JUnitReportReporter -->
<testsuite skipped="1" hostname="DESKTOP-0FSTDRC" name="com.freshproposals.Collapse_Controls" tests="3" failures="0" timestamp="2019-11-04T19:23:27 IST" time="30.992" errors="0">
  <testcase name="login" time="0.674" classname="com.freshproposals.Collapse_Controls"/>
  <testcase name="grid" time="30.318" classname="com.freshproposals.Collapse_Controls"/>
  <testcase name="createtemplate" classname="com.freshproposals.Collapse_Controls">
    <skipped/>
  </testcase> <!-- createtemplate -->
</testsuite> <!-- com.freshproposals.Collapse_Controls -->
