<?xml version="1.0" encoding="UTF-8"?>
<!-- Generated by org.testng.reporters.JUnitReportReporter -->
<testsuite skipped="0" hostname="DESKTOP-0FSTDRC" name="com.freshproposals.selenium.Section_List" tests="5" failures="0" timestamp="2019-12-20T18:27:11 IST" time="60.006" errors="0">
  <testcase name="login" time="0.640" classname="com.freshproposals.selenium.Section_List"/>
  <testcase name="createtemplate" time="8.099" classname="com.freshproposals.selenium.Section_List"/>
  <testcase name="rename" time="24.917" classname="com.freshproposals.selenium.Section_List"/>
  <testcase name="copy" time="12.227" classname="com.freshproposals.selenium.Section_List"/>
  <testcase name="delete" time="14.123" classname="com.freshproposals.selenium.Section_List"/>
</testsuite> <!-- com.freshproposals.selenium.Section_List -->
