<?xml version="1.0" encoding="UTF-8"?>
<!-- Generated by org.testng.reporters.JUnitReportReporter -->
<testsuite skipped="0" hostname="DESKTOP-0FSTDRC" name="com.freshproposals.selenium.Image_Template" tests="20" failures="0" timestamp="2020-04-17T12:30:29 IST" time="111.786" errors="0">
  <testcase name="SetUnmPwd" time="0.588" classname="com.freshproposals.selenium.Image_Template"/>
  <testcase name="openExistTemplate" time="8.383" classname="com.freshproposals.selenium.Image_Template"/>
  <testcase name="width" time="4.717" classname="com.freshproposals.selenium.Image_Template"/>
  <testcase name="Save_width" time="12.354" classname="com.freshproposals.selenium.Image_Template"/>
  <testcase name="reflect_width" time="0.500" classname="com.freshproposals.selenium.Image_Template"/>
  <testcase name="Reset_width" time="4.619" classname="com.freshproposals.selenium.Image_Template"/>
  <testcase name="rotate" time="3.604" classname="com.freshproposals.selenium.Image_Template"/>
  <testcase name="color" time="8.261" classname="com.freshproposals.selenium.Image_Template"/>
  <testcase name="border_width" time="2.555" classname="com.freshproposals.selenium.Image_Template"/>
  <testcase name="border_style" time="1.573" classname="com.freshproposals.selenium.Image_Template"/>
  <testcase name="padding_top" time="2.608" classname="com.freshproposals.selenium.Image_Template"/>
  <testcase name="padding_left" time="1.397" classname="com.freshproposals.selenium.Image_Template"/>
  <testcase name="padding_bottom" time="1.460" classname="com.freshproposals.selenium.Image_Template"/>
  <testcase name="padding_right" time="0.360" classname="com.freshproposals.selenium.Image_Template"/>
  <testcase name="greyscale" time="3.624" classname="com.freshproposals.selenium.Image_Template"/>
  <testcase name="save" time="7.613" classname="com.freshproposals.selenium.Image_Template"/>
  <testcase name="reflect_border_width" time="6.321" classname="com.freshproposals.selenium.Image_Template"/>
  <testcase name="reflect_border_style" time="5.265" classname="com.freshproposals.selenium.Image_Template"/>
  <testcase name="reflect_padding" time="5.351" classname="com.freshproposals.selenium.Image_Template"/>
  <testcase name="Reset_All" time="30.633" classname="com.freshproposals.selenium.Image_Template"/>
</testsuite> <!-- com.freshproposals.selenium.Image_Template -->
