<?xml version="1.0" encoding="UTF-8"?>
<!-- Generated by org.testng.reporters.JUnitReportReporter -->
<testsuite skipped="0" hostname="DESKTOP-0FSTDRC" name="com.freshproposals.selenium.Signature_DragDrop_Position_Template" tests="6" failures="0" timestamp="2019-12-20T15:39:18 IST" time="42.384" errors="0">
  <testcase name="login" time="0.660" classname="com.freshproposals.selenium.Signature_DragDrop_Position_Template"/>
  <testcase name="openExistTemplate" time="13.767" classname="com.freshproposals.selenium.Signature_DragDrop_Position_Template"/>
  <testcase name="Get_Position" time="7.983" classname="com.freshproposals.selenium.Signature_DragDrop_Position_Template"/>
  <testcase name="DragDrop" time="4.728" classname="com.freshproposals.selenium.Signature_DragDrop_Position_Template"/>
  <testcase name="DragDrop_Get_Position" time="8.409" classname="com.freshproposals.selenium.Signature_DragDrop_Position_Template"/>
  <testcase name="Reset" time="6.837" classname="com.freshproposals.selenium.Signature_DragDrop_Position_Template"/>
</testsuite> <!-- com.freshproposals.selenium.Signature_DragDrop_Position_Template -->
