<?xml version="1.0" encoding="UTF-8"?>
<!-- Generated by org.testng.reporters.JUnitReportReporter -->
<testsuite skipped="0" hostname="DESKTOP-0FSTDRC" name="com.freshproposals.selenium.Gmail_Testing" tests="9" failures="0" timestamp="2019-12-23T14:42:25 IST" time="60.706" errors="0">
  <testcase name="login" time="0.635" classname="com.freshproposals.selenium.Gmail_Testing"/>
  <testcase name="createTemplate" time="8.955" classname="com.freshproposals.selenium.Gmail_Testing"/>
  <testcase name="generateProposal" time="7.478" classname="com.freshproposals.selenium.Gmail_Testing"/>
  <testcase name="client" time="3.323" classname="com.freshproposals.selenium.Gmail_Testing"/>
  <testcase name="scrollWindow" time="3.048" classname="com.freshproposals.selenium.Gmail_Testing"/>
  <testcase name="calender" time="9.853" classname="com.freshproposals.selenium.Gmail_Testing"/>
  <testcase name="sendEmail" time="8.795" classname="com.freshproposals.selenium.Gmail_Testing"/>
  <testcase name="Gmail_login" time="3.845" classname="com.freshproposals.selenium.Gmail_Testing"/>
  <testcase name="Search" time="14.774" classname="com.freshproposals.selenium.Gmail_Testing"/>
</testsuite> <!-- com.freshproposals.selenium.Gmail_Testing -->
