<?xml version="1.0" encoding="UTF-8"?>
<!-- Generated by org.testng.reporters.JUnitReportReporter -->
<testsuite skipped="0" hostname="DESKTOP-0FSTDRC" name="com.freshproposals.selenium.Verify_Color" tests="2" failures="0" timestamp="2019-11-13T19:06:40 IST" time="23.681" errors="0">
  <testcase name="login" time="0.600" classname="com.freshproposals.selenium.Verify_Color"/>
  <testcase name="verify_Color" time="23.081" classname="com.freshproposals.selenium.Verify_Color"/>
</testsuite> <!-- com.freshproposals.selenium.Verify_Color -->
