<?xml version="1.0" encoding="UTF-8"?>
<!-- Generated by org.testng.reporters.JUnitReportReporter -->
<testsuite skipped="0" hostname="DESKTOP-0FSTDRC" name="com.freshproposals.selenium.Signature_Proposal" tests="24" failures="0" timestamp="2020-01-02T17:32:42 IST" time="88.120" errors="0">
  <testcase name="login" time="0.581" classname="com.freshproposals.selenium.Signature_Proposal"/>
  <testcase name="open_Proposal" time="10.647" classname="com.freshproposals.selenium.Signature_Proposal"/>
  <testcase name="width" time="1.232" classname="com.freshproposals.selenium.Signature_Proposal"/>
  <testcase name="height" time="1.153" classname="com.freshproposals.selenium.Signature_Proposal"/>
  <testcase name="Save_height_width" time="7.271" classname="com.freshproposals.selenium.Signature_Proposal"/>
  <testcase name="reflect_width" time="0.817" classname="com.freshproposals.selenium.Signature_Proposal"/>
  <testcase name="reflect_height" time="0.072" classname="com.freshproposals.selenium.Signature_Proposal"/>
  <testcase name="Reset_height_width" time="2.447" classname="com.freshproposals.selenium.Signature_Proposal"/>
  <testcase name="corner" time="1.194" classname="com.freshproposals.selenium.Signature_Proposal"/>
  <testcase name="rotate" time="1.180" classname="com.freshproposals.selenium.Signature_Proposal"/>
  <testcase name="color" time="7.859" classname="com.freshproposals.selenium.Signature_Proposal"/>
  <testcase name="border_width" time="4.322" classname="com.freshproposals.selenium.Signature_Proposal"/>
  <testcase name="border_style" time="1.353" classname="com.freshproposals.selenium.Signature_Proposal"/>
  <testcase name="padding_top" time="1.435" classname="com.freshproposals.selenium.Signature_Proposal"/>
  <testcase name="padding_left" time="1.206" classname="com.freshproposals.selenium.Signature_Proposal"/>
  <testcase name="pading_bottom" time="1.193" classname="com.freshproposals.selenium.Signature_Proposal"/>
  <testcase name="padding_right" time="1.211" classname="com.freshproposals.selenium.Signature_Proposal"/>
  <testcase name="signee" time="1.147" classname="com.freshproposals.selenium.Signature_Proposal"/>
  <testcase name="Save" time="7.217" classname="com.freshproposals.selenium.Signature_Proposal"/>
  <testcase name="reflect_corner" time="0.787" classname="com.freshproposals.selenium.Signature_Proposal"/>
  <testcase name="reflect_border_width" time="5.073" classname="com.freshproposals.selenium.Signature_Proposal"/>
  <testcase name="reflect_border_style" time="5.115" classname="com.freshproposals.selenium.Signature_Proposal"/>
  <testcase name="reflect_padding" time="5.152" classname="com.freshproposals.selenium.Signature_Proposal"/>
  <testcase name="Reset_All" time="18.456" classname="com.freshproposals.selenium.Signature_Proposal"/>
</testsuite> <!-- com.freshproposals.selenium.Signature_Proposal -->
