<?xml version="1.0" encoding="UTF-8"?>
<!-- Generated by org.testng.reporters.JUnitReportReporter -->
<testsuite skipped="1" hostname="DESKTOP-0FSTDRC" name="com.freshproposals.selenium.Collapse_Controls" tests="3" failures="0" timestamp="2019-11-08T15:54:03 IST" time="32.824" errors="0">
  <testcase name="login" time="0.621" classname="com.freshproposals.selenium.Collapse_Controls"/>
  <testcase name="grid" time="32.203" classname="com.freshproposals.selenium.Collapse_Controls"/>
  <testcase name="createtemplate" classname="com.freshproposals.selenium.Collapse_Controls">
    <skipped/>
  </testcase> <!-- createtemplate -->
</testsuite> <!-- com.freshproposals.selenium.Collapse_Controls -->
