<?xml version="1.0" encoding="UTF-8"?>
<!-- Generated by org.testng.reporters.JUnitReportReporter -->
<testsuite skipped="0" hostname="DESKTOP-0FSTDRC" name="com.freshproposals.selenium.Ellipse_Duplicate_Section" tests="13" failures="0" timestamp="2019-12-27T14:21:40 IST" time="45.485" errors="0">
  <testcase name="login" time="0.572" classname="com.freshproposals.selenium.Ellipse_Duplicate_Section"/>
  <testcase name="open_Template" time="13.308" classname="com.freshproposals.selenium.Ellipse_Duplicate_Section"/>
  <testcase name="height_width" time="3.499" classname="com.freshproposals.selenium.Ellipse_Duplicate_Section"/>
  <testcase name="assert_width_1" time="0.088" classname="com.freshproposals.selenium.Ellipse_Duplicate_Section"/>
  <testcase name="assert_height_1" time="0.070" classname="com.freshproposals.selenium.Ellipse_Duplicate_Section"/>
  <testcase name="duplicate" time="2.399" classname="com.freshproposals.selenium.Ellipse_Duplicate_Section"/>
  <testcase name="DragDrop" time="3.460" classname="com.freshproposals.selenium.Ellipse_Duplicate_Section"/>
  <testcase name="assert_width_2" time="0.105" classname="com.freshproposals.selenium.Ellipse_Duplicate_Section"/>
  <testcase name="assert_height_2" time="0.067" classname="com.freshproposals.selenium.Ellipse_Duplicate_Section"/>
  <testcase name="Save" time="7.566" classname="com.freshproposals.selenium.Ellipse_Duplicate_Section"/>
  <testcase name="clear" time="3.287" classname="com.freshproposals.selenium.Ellipse_Duplicate_Section"/>
  <testcase name="reset_sign_1" time="3.449" classname="com.freshproposals.selenium.Ellipse_Duplicate_Section"/>
  <testcase name="Save2" time="7.615" classname="com.freshproposals.selenium.Ellipse_Duplicate_Section"/>
</testsuite> <!-- com.freshproposals.selenium.Ellipse_Duplicate_Section -->
