<?xml version="1.0" encoding="UTF-8"?>
<!-- Generated by org.testng.reporters.JUnitReportReporter -->
<testsuite skipped="0" hostname="DESKTOP-0FSTDRC" name="com.freshproposals.selenium.Signature_Proposal" tests="3" failures="0" timestamp="2020-04-08T17:50:14 IST" time="108.887" errors="0">
  <testcase name="SetUnmPwd" time="0.618" classname="com.freshproposals.selenium.Signature_Proposal"/>
  <testcase name="open_Proposal" time="15.829" classname="com.freshproposals.selenium.Signature_Proposal"/>
  <testcase name="ExtendsMethods" time="92.440" classname="com.freshproposals.selenium.Signature_Proposal"/>
</testsuite> <!-- com.freshproposals.selenium.Signature_Proposal -->
