<?xml version="1.0" encoding="UTF-8"?>
<!-- Generated by org.testng.reporters.JUnitReportReporter -->
<testsuite skipped="0" hostname="DESKTOP-0FSTDRC" name="com.freshproposals.selenium.Duplicate_Proposal" tests="9" failures="0" timestamp="2019-12-24T18:38:13 IST" time="46.847" errors="0">
  <testcase name="login" time="0.663" classname="com.freshproposals.selenium.Duplicate_Proposal"/>
  <testcase name="open_Proposal" time="12.620" classname="com.freshproposals.selenium.Duplicate_Proposal"/>
  <testcase name="write" time="6.212" classname="com.freshproposals.selenium.Duplicate_Proposal"/>
  <testcase name="duplicate" time="2.424" classname="com.freshproposals.selenium.Duplicate_Proposal"/>
  <testcase name="DragDrop" time="3.462" classname="com.freshproposals.selenium.Duplicate_Proposal"/>
  <testcase name="Save" time="7.468" classname="com.freshproposals.selenium.Duplicate_Proposal"/>
  <testcase name="clear" time="5.829" classname="com.freshproposals.selenium.Duplicate_Proposal"/>
  <testcase name="Save2" time="7.160" classname="com.freshproposals.selenium.Duplicate_Proposal"/>
  <testcase name="final_Result" time="1.009" classname="com.freshproposals.selenium.Duplicate_Proposal"/>
</testsuite> <!-- com.freshproposals.selenium.Duplicate_Proposal -->
