<?xml version="1.0" encoding="UTF-8"?>
<!-- Generated by org.testng.reporters.JUnitReportReporter -->
<testsuite skipped="0" hostname="DESKTOP-0FSTDRC" name="com.freshproposals.selenium.Template_TextBox_2" tests="8" failures="0" timestamp="2020-01-02T11:37:37 IST" time="60.898" errors="0">
  <testcase name="login" time="0.602" classname="com.freshproposals.selenium.Template_TextBox_2"/>
  <testcase name="openExistTemplate" time="10.257" classname="com.freshproposals.selenium.Template_TextBox_2"/>
  <testcase name="color" time="6.547" classname="com.freshproposals.selenium.Template_TextBox_2"/>
  <testcase name="corner" time="2.551" classname="com.freshproposals.selenium.Template_TextBox_2"/>
  <testcase name="advance" time="7.491" classname="com.freshproposals.selenium.Template_TextBox_2"/>
  <testcase name="gradient" time="4.244" classname="com.freshproposals.selenium.Template_TextBox_2"/>
  <testcase name="Save" time="10.207" classname="com.freshproposals.selenium.Template_TextBox_2"/>
  <testcase name="Reset" time="18.999" classname="com.freshproposals.selenium.Template_TextBox_2"/>
</testsuite> <!-- com.freshproposals.selenium.Template_TextBox_2 -->
