<?xml version="1.0" encoding="UTF-8"?>
<!-- Generated by org.testng.reporters.JUnitReportReporter -->
<testsuite skipped="0" hostname="DESKTOP-0FSTDRC" name="com.freshproposals.selenium.Image_Duplicate_Proposal" tests="11" failures="0" timestamp="2020-02-28T17:42:47 IST" time="50.740" errors="0">
  <testcase name="login" time="0.596" classname="com.freshproposals.selenium.Image_Duplicate_Proposal"/>
  <testcase name="open_Template" time="12.916" classname="com.freshproposals.selenium.Image_Duplicate_Proposal"/>
  <testcase name="height_width" time="5.723" classname="com.freshproposals.selenium.Image_Duplicate_Proposal"/>
  <testcase name="assert_width_1" time="0.196" classname="com.freshproposals.selenium.Image_Duplicate_Proposal"/>
  <testcase name="duplicate" time="2.405" classname="com.freshproposals.selenium.Image_Duplicate_Proposal"/>
  <testcase name="DragDrop" time="3.396" classname="com.freshproposals.selenium.Image_Duplicate_Proposal"/>
  <testcase name="assert_width_2" time="0.101" classname="com.freshproposals.selenium.Image_Duplicate_Proposal"/>
  <testcase name="Save" time="7.343" classname="com.freshproposals.selenium.Image_Duplicate_Proposal"/>
  <testcase name="clear" time="7.423" classname="com.freshproposals.selenium.Image_Duplicate_Proposal"/>
  <testcase name="reset_sign_1" time="3.513" classname="com.freshproposals.selenium.Image_Duplicate_Proposal"/>
  <testcase name="Save2" time="7.128" classname="com.freshproposals.selenium.Image_Duplicate_Proposal"/>
</testsuite> <!-- com.freshproposals.selenium.Image_Duplicate_Proposal -->
