<?xml version="1.0" encoding="UTF-8"?>
<!-- Generated by org.testng.reporters.JUnitReportReporter -->
<testsuite skipped="0" hostname="DESKTOP-0FSTDRC" name="com.freshproposals.selenium.FontPropertiesInProposal" tests="13" failures="0" timestamp="2020-03-20T14:55:55 IST" time="82.140" errors="0">
  <testcase name="login" time="5.649" classname="com.freshproposals.selenium.FontPropertiesInProposal"/>
  <testcase name="FontPropertiesHeading1" time="10.702" classname="com.freshproposals.selenium.FontPropertiesInProposal"/>
  <testcase name="Heading1PropertiesInPreview" time="7.206" classname="com.freshproposals.selenium.FontPropertiesInProposal"/>
  <testcase name="FontPropertiesHeading2" time="5.920" classname="com.freshproposals.selenium.FontPropertiesInProposal"/>
  <testcase name="FontPropertiesHeading2Preview" time="5.832" classname="com.freshproposals.selenium.FontPropertiesInProposal"/>
  <testcase name="Heading3Properties" time="5.887" classname="com.freshproposals.selenium.FontPropertiesInProposal"/>
  <testcase name="Heading3PropertiesInPreview" time="5.933" classname="com.freshproposals.selenium.FontPropertiesInProposal"/>
  <testcase name="Heading4FontProperties" time="5.901" classname="com.freshproposals.selenium.FontPropertiesInProposal"/>
  <testcase name="Heading4FontPropertiesInPreview" time="5.799" classname="com.freshproposals.selenium.FontPropertiesInProposal"/>
  <testcase name="FontBodyProperties" time="5.875" classname="com.freshproposals.selenium.FontPropertiesInProposal"/>
  <testcase name="FontBodyPropertiesInPreview" time="5.785" classname="com.freshproposals.selenium.FontPropertiesInProposal"/>
  <testcase name="FontQuoteProperties" time="5.846" classname="com.freshproposals.selenium.FontPropertiesInProposal"/>
  <testcase name="FontQuotePropertiesInPreview" time="5.805" classname="com.freshproposals.selenium.FontPropertiesInProposal"/>
</testsuite> <!-- com.freshproposals.selenium.FontPropertiesInProposal -->
