<?xml version="1.0" encoding="UTF-8"?>
<!-- Generated by org.testng.reporters.JUnitReportReporter -->
<testsuite skipped="0" hostname="DESKTOP-0FSTDRC" name="com.freshproposals.selenium.Image_Section" tests="19" failures="0" timestamp="2020-01-22T18:43:57 IST" time="84.225" errors="0">
  <testcase name="login" time="0.643" classname="com.freshproposals.selenium.Image_Section"/>
  <testcase name="openExistTemplate" time="9.291" classname="com.freshproposals.selenium.Image_Section"/>
  <testcase name="width" time="4.551" classname="com.freshproposals.selenium.Image_Section"/>
  <testcase name="Save_width" time="12.385" classname="com.freshproposals.selenium.Image_Section"/>
  <testcase name="reflect_width" time="0.239" classname="com.freshproposals.selenium.Image_Section"/>
  <testcase name="Reset_width" time="4.272" classname="com.freshproposals.selenium.Image_Section"/>
  <testcase name="rotate" time="3.290" classname="com.freshproposals.selenium.Image_Section"/>
  <testcase name="corner" time="1.527" classname="com.freshproposals.selenium.Image_Section"/>
  <testcase name="border_width" time="2.329" classname="com.freshproposals.selenium.Image_Section"/>
  <testcase name="border_style" time="1.330" classname="com.freshproposals.selenium.Image_Section"/>
  <testcase name="padding_top" time="2.358" classname="com.freshproposals.selenium.Image_Section"/>
  <testcase name="padding_left" time="1.191" classname="com.freshproposals.selenium.Image_Section"/>
  <testcase name="padding_bottom" time="1.208" classname="com.freshproposals.selenium.Image_Section"/>
  <testcase name="padding_right" time="0.180" classname="com.freshproposals.selenium.Image_Section"/>
  <testcase name="save" time="7.456" classname="com.freshproposals.selenium.Image_Section"/>
  <testcase name="reflect_border_width" time="5.569" classname="com.freshproposals.selenium.Image_Section"/>
  <testcase name="reflect_border_style" time="5.127" classname="com.freshproposals.selenium.Image_Section"/>
  <testcase name="reflect_padding" time="5.182" classname="com.freshproposals.selenium.Image_Section"/>
  <testcase name="Reset_All" time="16.097" classname="com.freshproposals.selenium.Image_Section"/>
</testsuite> <!-- com.freshproposals.selenium.Image_Section -->
