<?xml version="1.0" encoding="UTF-8"?>
<!-- Generated by org.testng.reporters.JUnitReportReporter -->
<testsuite skipped="0" hostname="DESKTOP-DFBIVRO" name="com.freshproposals.selenium.AddVariablesandVerify" tests="4" failures="0" timestamp="2020-03-04T14:31:56 IST" time="61.905" errors="0">
  <testcase name="login" time="5.531" classname="com.freshproposals.selenium.AddVariablesandVerify"/>
  <testcase name="Addvariables" time="35.371" classname="com.freshproposals.selenium.AddVariablesandVerify"/>
  <testcase name="VerifyUpdatedVariables" time="7.475" classname="com.freshproposals.selenium.AddVariablesandVerify"/>
  <testcase name="DeleteAllVariableFromBox" time="13.528" classname="com.freshproposals.selenium.AddVariablesandVerify"/>
</testsuite> <!-- com.freshproposals.selenium.AddVariablesandVerify -->
