<?xml version="1.0" encoding="UTF-8"?>
<!-- Generated by org.testng.reporters.JUnitReportReporter -->
<testsuite skipped="0" hostname="DESKTOP-0FSTDRC" name="com.freshproposals.selenium.Image_Duplicate_Section" tests="11" failures="0" timestamp="2019-12-26T16:42:23 IST" time="41.371" errors="0">
  <testcase name="login" time="0.718" classname="com.freshproposals.selenium.Image_Duplicate_Section"/>
  <testcase name="open_Template" time="8.022" classname="com.freshproposals.selenium.Image_Duplicate_Section"/>
  <testcase name="height_width" time="5.502" classname="com.freshproposals.selenium.Image_Duplicate_Section"/>
  <testcase name="assert_width_1" time="0.231" classname="com.freshproposals.selenium.Image_Duplicate_Section"/>
  <testcase name="duplicate" time="2.397" classname="com.freshproposals.selenium.Image_Duplicate_Section"/>
  <testcase name="DragDrop" time="3.435" classname="com.freshproposals.selenium.Image_Duplicate_Section"/>
  <testcase name="assert_width_2" time="0.084" classname="com.freshproposals.selenium.Image_Duplicate_Section"/>
  <testcase name="Save" time="7.302" classname="com.freshproposals.selenium.Image_Duplicate_Section"/>
  <testcase name="clear" time="3.326" classname="com.freshproposals.selenium.Image_Duplicate_Section"/>
  <testcase name="reset_sign_1" time="3.408" classname="com.freshproposals.selenium.Image_Duplicate_Section"/>
  <testcase name="Save2" time="6.946" classname="com.freshproposals.selenium.Image_Duplicate_Section"/>
</testsuite> <!-- com.freshproposals.selenium.Image_Duplicate_Section -->
