<?xml version="1.0" encoding="UTF-8"?>
<!-- Generated by org.testng.reporters.JUnitReportReporter -->
<testsuite skipped="3" hostname="DESKTOP-0FSTDRC" name="com.freshproposals.selenium.TextBox_Top_Properties2" tests="60" failures="0" timestamp="2019-12-30T12:05:00 IST" time="342.388" errors="0">
  <testcase name="login" time="0.616" classname="com.freshproposals.selenium.TextBox_Top_Properties2"/>
  <testcase name="url" time="15.055" classname="com.freshproposals.selenium.TextBox_Top_Properties2"/>
  <testcase name="click_reflect_h1" time="6.362" classname="com.freshproposals.selenium.TextBox_Top_Properties2"/>
  <testcase name="click_reflect_h2" time="3.737" classname="com.freshproposals.selenium.TextBox_Top_Properties2"/>
  <testcase name="click_reflect_h3" time="3.568" classname="com.freshproposals.selenium.TextBox_Top_Properties2"/>
  <testcase name="click_reflect_h4" time="3.697" classname="com.freshproposals.selenium.TextBox_Top_Properties2"/>
  <testcase name="click_reflect_body" time="3.612" classname="com.freshproposals.selenium.TextBox_Top_Properties2"/>
  <testcase name="click_reflect_quote" time="3.572" classname="com.freshproposals.selenium.TextBox_Top_Properties2"/>
  <testcase name="Save_paragraph_style" time="8.370" classname="com.freshproposals.selenium.TextBox_Top_Properties2"/>
  <testcase name="delete_all" time="2.149" classname="com.freshproposals.selenium.TextBox_Top_Properties2"/>
  <testcase name="click_reflect_default" time="7.678" classname="com.freshproposals.selenium.TextBox_Top_Properties2"/>
  <testcase name="click_reflect_single" time="5.051" classname="com.freshproposals.selenium.TextBox_Top_Properties2"/>
  <testcase name="click_reflect_1point15" time="5.033" classname="com.freshproposals.selenium.TextBox_Top_Properties2"/>
  <testcase name="click_reflect_1point5" time="4.968" classname="com.freshproposals.selenium.TextBox_Top_Properties2"/>
  <testcase name="click_reflect_double" time="4.916" classname="com.freshproposals.selenium.TextBox_Top_Properties2"/>
  <testcase name="Save_line_height" time="8.207" classname="com.freshproposals.selenium.TextBox_Top_Properties2"/>
  <testcase name="delete_all_2" time="2.086" classname="com.freshproposals.selenium.TextBox_Top_Properties2"/>
  <testcase name="align_left" time="7.423" classname="com.freshproposals.selenium.TextBox_Top_Properties2"/>
  <testcase name="align_center" time="4.817" classname="com.freshproposals.selenium.TextBox_Top_Properties2"/>
  <testcase name="align_right" time="4.840" classname="com.freshproposals.selenium.TextBox_Top_Properties2"/>
  <testcase name="align_justify" time="4.911" classname="com.freshproposals.selenium.TextBox_Top_Properties2"/>
  <testcase name="Save_align" time="8.440" classname="com.freshproposals.selenium.TextBox_Top_Properties2"/>
  <testcase name="delete_all_3" time="2.087" classname="com.freshproposals.selenium.TextBox_Top_Properties2"/>
  <testcase name="orderList_default" time="10.921" classname="com.freshproposals.selenium.TextBox_Top_Properties2"/>
  <testcase name="Save_ol1" time="8.183" classname="com.freshproposals.selenium.TextBox_Top_Properties2"/>
  <testcase name="delete_all_4" time="2.092" classname="com.freshproposals.selenium.TextBox_Top_Properties2"/>
  <testcase name="orderlist_lower_alpha" time="10.633" classname="com.freshproposals.selenium.TextBox_Top_Properties2"/>
  <testcase name="Save_ol2" time="7.392" classname="com.freshproposals.selenium.TextBox_Top_Properties2"/>
  <testcase name="delete_all_5" time="2.333" classname="com.freshproposals.selenium.TextBox_Top_Properties2"/>
  <testcase name="orderlist_lower_greek" time="10.507" classname="com.freshproposals.selenium.TextBox_Top_Properties2"/>
  <testcase name="Save_ol3" time="8.290" classname="com.freshproposals.selenium.TextBox_Top_Properties2"/>
  <testcase name="delete_all_6" time="1.969" classname="com.freshproposals.selenium.TextBox_Top_Properties2"/>
  <testcase name="orderlist_lower_roman" time="9.618" classname="com.freshproposals.selenium.TextBox_Top_Properties2"/>
  <testcase name="Save_ol4" time="8.234" classname="com.freshproposals.selenium.TextBox_Top_Properties2"/>
  <testcase name="delete_all_7" time="2.073" classname="com.freshproposals.selenium.TextBox_Top_Properties2"/>
  <testcase name="orderlist_upper_alpha" time="10.007" classname="com.freshproposals.selenium.TextBox_Top_Properties2"/>
  <testcase name="Save_ol5" time="7.680" classname="com.freshproposals.selenium.TextBox_Top_Properties2"/>
  <testcase name="delete_all_8" time="2.364" classname="com.freshproposals.selenium.TextBox_Top_Properties2"/>
  <testcase name="orderlist_upper_roman" time="8.772" classname="com.freshproposals.selenium.TextBox_Top_Properties2"/>
  <testcase name="Save_ol6" time="7.002" classname="com.freshproposals.selenium.TextBox_Top_Properties2"/>
  <testcase name="delete_all_9" time="2.318" classname="com.freshproposals.selenium.TextBox_Top_Properties2"/>
  <testcase name="unorderlist_default" time="9.729" classname="com.freshproposals.selenium.TextBox_Top_Properties2"/>
  <testcase name="Save_ul1" time="8.246" classname="com.freshproposals.selenium.TextBox_Top_Properties2"/>
  <testcase name="delete_all_10" time="2.220" classname="com.freshproposals.selenium.TextBox_Top_Properties2"/>
  <testcase name="unorderlist_circle" time="9.738" classname="com.freshproposals.selenium.TextBox_Top_Properties2"/>
  <testcase name="Save_ul2" time="8.366" classname="com.freshproposals.selenium.TextBox_Top_Properties2"/>
  <testcase name="delete_all_11" time="2.355" classname="com.freshproposals.selenium.TextBox_Top_Properties2"/>
  <testcase name="unorderlist_disc" time="10.179" classname="com.freshproposals.selenium.TextBox_Top_Properties2"/>
  <testcase name="Save_ul3" time="7.390" classname="com.freshproposals.selenium.TextBox_Top_Properties2"/>
  <testcase name="delete_all_12" time="2.220" classname="com.freshproposals.selenium.TextBox_Top_Properties2"/>
  <testcase name="unorderlist_square" time="9.833" classname="com.freshproposals.selenium.TextBox_Top_Properties2"/>
  <testcase name="Save_ul4" time="7.178" classname="com.freshproposals.selenium.TextBox_Top_Properties2"/>
  <testcase name="delete_all_13" time="2.308" classname="com.freshproposals.selenium.TextBox_Top_Properties2"/>
  <testcase name="insert_link" time="3.695" classname="com.freshproposals.selenium.TextBox_Top_Properties2"/>
  <testcase name="Save_link" time="8.087" classname="com.freshproposals.selenium.TextBox_Top_Properties2"/>
  <testcase name="delete_all_14" time="2.107" classname="com.freshproposals.selenium.TextBox_Top_Properties2"/>
  <testcase name="Save_final" time="7.154" classname="com.freshproposals.selenium.TextBox_Top_Properties2"/>
  <testcase name="linkStyle" classname="com.freshproposals.selenium.TextBox_Top_Properties2">
    <skipped/>
  </testcase> <!-- linkStyle -->
  <testcase name="bold" classname="com.freshproposals.selenium.TextBox_Top_Properties2">
    <skipped/>
  </testcase> <!-- bold -->
  <testcase name="Save_link_update" classname="com.freshproposals.selenium.TextBox_Top_Properties2">
    <skipped/>
  </testcase> <!-- Save_link_update -->
</testsuite> <!-- com.freshproposals.selenium.TextBox_Top_Properties2 -->
