<?xml version="1.0" encoding="UTF-8"?>
<!-- Generated by org.testng.reporters.JUnitReportReporter -->
<testsuite skipped="0" hostname="DESKTOP-0FSTDRC" name="com.freshproposals.selenium.Section_List_Proposal" tests="8" failures="0" timestamp="2019-12-23T11:03:28 IST" time="97.418" errors="0">
  <testcase name="login" time="0.668" classname="com.freshproposals.selenium.Section_List_Proposal"/>
  <testcase name="nameProposal" time="17.973" classname="com.freshproposals.selenium.Section_List_Proposal"/>
  <testcase name="client" time="3.250" classname="com.freshproposals.selenium.Section_List_Proposal"/>
  <testcase name="scrollWindow" time="3.058" classname="com.freshproposals.selenium.Section_List_Proposal"/>
  <testcase name="calender" time="9.791" classname="com.freshproposals.selenium.Section_List_Proposal"/>
  <testcase name="rename" time="29.991" classname="com.freshproposals.selenium.Section_List_Proposal"/>
  <testcase name="copy" time="15.335" classname="com.freshproposals.selenium.Section_List_Proposal"/>
  <testcase name="delete" time="17.352" classname="com.freshproposals.selenium.Section_List_Proposal"/>
</testsuite> <!-- com.freshproposals.selenium.Section_List_Proposal -->
