<?xml version="1.0" encoding="UTF-8"?>
<!-- Generated by org.testng.reporters.JUnitReportReporter -->
<testsuite skipped="0" hostname="DESKTOP-0FSTDRC" name="com.freshproposals.selenium.Send_Proposal_Temp" tests="3" failures="0" timestamp="2020-03-28T17:35:12 IST" time="67.075" errors="0">
  <testcase name="login" time="0.754" classname="com.freshproposals.selenium.Send_Proposal_Temp"/>
  <testcase name="extends_Methods" time="54.920" classname="com.freshproposals.selenium.Send_Proposal_Temp"/>
  <testcase name="sendEmail" time="11.401" classname="com.freshproposals.selenium.Send_Proposal_Temp"/>
</testsuite> <!-- com.freshproposals.selenium.Send_Proposal_Temp -->
