<?xml version="1.0" encoding="UTF-8"?>
<!-- Generated by org.testng.reporters.JUnitReportReporter -->
<testsuite skipped="0" hostname="DESKTOP-0FSTDRC" name="com.freshproposals.selenium.SectionHeading3PropertiesInPreview" tests="7" failures="0" timestamp="2019-11-08T14:17:25 IST" time="14.760" errors="0">
  <testcase name="login" time="0.576" classname="com.freshproposals.selenium.SectionHeading3PropertiesInPreview"/>
  <testcase name="ReadtextFontsize" time="13.997" classname="com.freshproposals.selenium.SectionHeading3PropertiesInPreview"/>
  <testcase name="ReadFontColor" time="0.041" classname="com.freshproposals.selenium.SectionHeading3PropertiesInPreview"/>
  <testcase name="FontStyle" time="0.030" classname="com.freshproposals.selenium.SectionHeading3PropertiesInPreview"/>
  <testcase name="FontAlignment" time="0.034" classname="com.freshproposals.selenium.SectionHeading3PropertiesInPreview"/>
  <testcase name="Fontfamily" time="0.035" classname="com.freshproposals.selenium.SectionHeading3PropertiesInPreview"/>
  <testcase name="FontWeight" time="0.047" classname="com.freshproposals.selenium.SectionHeading3PropertiesInPreview"/>
</testsuite> <!-- com.freshproposals.selenium.SectionHeading3PropertiesInPreview -->
