<?xml version="1.0" encoding="UTF-8"?>
<!-- Generated by org.testng.reporters.JUnitReportReporter -->
<testsuite skipped="0" hostname="DESKTOP-0FSTDRC" name="com.freshproposals.selenium.Signature_Proposal" tests="24" failures="0" timestamp="2020-02-27T12:39:04 IST" time="93.101" errors="0">
  <testcase name="login" time="4.278" classname="com.freshproposals.selenium.Signature_Proposal"/>
  <testcase name="open_Proposal" time="9.572" classname="com.freshproposals.selenium.Signature_Proposal"/>
  <testcase name="width" time="1.311" classname="com.freshproposals.selenium.Signature_Proposal"/>
  <testcase name="height" time="1.222" classname="com.freshproposals.selenium.Signature_Proposal"/>
  <testcase name="Save_height_width" time="8.805" classname="com.freshproposals.selenium.Signature_Proposal"/>
  <testcase name="reflect_width" time="0.176" classname="com.freshproposals.selenium.Signature_Proposal"/>
  <testcase name="reflect_height" time="0.082" classname="com.freshproposals.selenium.Signature_Proposal"/>
  <testcase name="Reset_height_width" time="2.457" classname="com.freshproposals.selenium.Signature_Proposal"/>
  <testcase name="corner" time="1.199" classname="com.freshproposals.selenium.Signature_Proposal"/>
  <testcase name="rotate" time="1.200" classname="com.freshproposals.selenium.Signature_Proposal"/>
  <testcase name="color" time="7.933" classname="com.freshproposals.selenium.Signature_Proposal"/>
  <testcase name="border_width" time="4.377" classname="com.freshproposals.selenium.Signature_Proposal"/>
  <testcase name="border_style" time="1.321" classname="com.freshproposals.selenium.Signature_Proposal"/>
  <testcase name="padding_top" time="1.377" classname="com.freshproposals.selenium.Signature_Proposal"/>
  <testcase name="padding_left" time="1.281" classname="com.freshproposals.selenium.Signature_Proposal"/>
  <testcase name="pading_bottom" time="1.240" classname="com.freshproposals.selenium.Signature_Proposal"/>
  <testcase name="padding_right" time="1.156" classname="com.freshproposals.selenium.Signature_Proposal"/>
  <testcase name="signee" time="1.096" classname="com.freshproposals.selenium.Signature_Proposal"/>
  <testcase name="Save" time="8.875" classname="com.freshproposals.selenium.Signature_Proposal"/>
  <testcase name="reflect_corner" time="0.270" classname="com.freshproposals.selenium.Signature_Proposal"/>
  <testcase name="reflect_border_width" time="5.081" classname="com.freshproposals.selenium.Signature_Proposal"/>
  <testcase name="reflect_border_style" time="5.131" classname="com.freshproposals.selenium.Signature_Proposal"/>
  <testcase name="reflect_padding" time="5.223" classname="com.freshproposals.selenium.Signature_Proposal"/>
  <testcase name="Reset_All" time="18.438" classname="com.freshproposals.selenium.Signature_Proposal"/>
</testsuite> <!-- com.freshproposals.selenium.Signature_Proposal -->
