<?xml version="1.0" encoding="UTF-8"?>
<!-- Generated by org.testng.reporters.JUnitReportReporter -->
<testsuite skipped="0" hostname="DESKTOP-0FSTDRC" name="com.freshproposals.selenium.Registration" tests="1" failures="0" timestamp="2020-04-13T15:27:30 IST" time="16.487" errors="0">
  <testcase name="form" time="16.487" classname="com.freshproposals.selenium.Registration"/>
</testsuite> <!-- com.freshproposals.selenium.Registration -->
