<?xml version="1.0" encoding="UTF-8"?>
<!-- Generated by org.testng.reporters.JUnitReportReporter -->
<testsuite skipped="0" hostname="DESKTOP-0FSTDRC" name="myPackage.common_Methods" tests="1" failures="0" timestamp="2019-10-18T11:40:41 IST" time="0.735" errors="0">
  <testcase name="login" time="0.735" classname="myPackage.common_Methods"/>
</testsuite> <!-- myPackage.common_Methods -->
