<?xml version="1.0" encoding="UTF-8"?>
<!-- Generated by org.testng.reporters.JUnitReportReporter -->
<testsuite skipped="0" hostname="DESKTOP-0FSTDRC" name="com.freshproposals.selenium.Image_Template" tests="20" failures="0" timestamp="2020-02-27T12:03:01 IST" time="92.919" errors="0">
  <testcase name="login" time="0.737" classname="com.freshproposals.selenium.Image_Template"/>
  <testcase name="openExistTemplate" time="5.484" classname="com.freshproposals.selenium.Image_Template"/>
  <testcase name="width" time="4.511" classname="com.freshproposals.selenium.Image_Template"/>
  <testcase name="Save_width" time="13.535" classname="com.freshproposals.selenium.Image_Template"/>
  <testcase name="reflect_width" time="0.216" classname="com.freshproposals.selenium.Image_Template"/>
  <testcase name="Reset_width" time="4.335" classname="com.freshproposals.selenium.Image_Template"/>
  <testcase name="rotate" time="3.351" classname="com.freshproposals.selenium.Image_Template"/>
  <testcase name="corner" time="1.457" classname="com.freshproposals.selenium.Image_Template"/>
  <testcase name="border_width" time="2.336" classname="com.freshproposals.selenium.Image_Template"/>
  <testcase name="border_style" time="1.337" classname="com.freshproposals.selenium.Image_Template"/>
  <testcase name="padding_top" time="2.348" classname="com.freshproposals.selenium.Image_Template"/>
  <testcase name="padding_left" time="1.178" classname="com.freshproposals.selenium.Image_Template"/>
  <testcase name="padding_bottom" time="1.199" classname="com.freshproposals.selenium.Image_Template"/>
  <testcase name="padding_right" time="0.194" classname="com.freshproposals.selenium.Image_Template"/>
  <testcase name="greyscale" time="3.518" classname="com.freshproposals.selenium.Image_Template"/>
  <testcase name="save" time="8.735" classname="com.freshproposals.selenium.Image_Template"/>
  <testcase name="reflect_border_width" time="5.302" classname="com.freshproposals.selenium.Image_Template"/>
  <testcase name="reflect_border_style" time="5.123" classname="com.freshproposals.selenium.Image_Template"/>
  <testcase name="reflect_padding" time="5.206" classname="com.freshproposals.selenium.Image_Template"/>
  <testcase name="Reset_All" time="22.817" classname="com.freshproposals.selenium.Image_Template"/>
</testsuite> <!-- com.freshproposals.selenium.Image_Template -->
