<?xml version="1.0" encoding="UTF-8"?>
<!-- Generated by org.testng.reporters.JUnitReportReporter -->
<testsuite skipped="0" hostname="DESKTOP-DFBIVRO" name="com.freshproposals.selenium.FontPropertiesInProposal" tests="13" failures="0" timestamp="2020-03-04T16:09:34 IST" time="92.453" errors="0">
  <testcase name="login" time="5.662" classname="com.freshproposals.selenium.FontPropertiesInProposal"/>
  <testcase name="FontPropertiesHeading1" time="20.319" classname="com.freshproposals.selenium.FontPropertiesInProposal"/>
  <testcase name="Heading1PropertiesInPreview" time="7.768" classname="com.freshproposals.selenium.FontPropertiesInProposal"/>
  <testcase name="FontPropertiesHeading2" time="6.146" classname="com.freshproposals.selenium.FontPropertiesInProposal"/>
  <testcase name="FontPropertiesHeading2Preview" time="5.804" classname="com.freshproposals.selenium.FontPropertiesInProposal"/>
  <testcase name="Heading3Properties" time="5.813" classname="com.freshproposals.selenium.FontPropertiesInProposal"/>
  <testcase name="Heading3PropertiesInPreview" time="5.724" classname="com.freshproposals.selenium.FontPropertiesInProposal"/>
  <testcase name="Heading4FontProperties" time="5.788" classname="com.freshproposals.selenium.FontPropertiesInProposal"/>
  <testcase name="Heading4FontPropertiesInPreview" time="5.711" classname="com.freshproposals.selenium.FontPropertiesInProposal"/>
  <testcase name="FontBodyProperties" time="5.793" classname="com.freshproposals.selenium.FontPropertiesInProposal"/>
  <testcase name="FontBodyPropertiesInPreview" time="5.680" classname="com.freshproposals.selenium.FontPropertiesInProposal"/>
  <testcase name="FontQuoteProperties" time="6.534" classname="com.freshproposals.selenium.FontPropertiesInProposal"/>
  <testcase name="FontQuotePropertiesInPreview" time="5.711" classname="com.freshproposals.selenium.FontPropertiesInProposal"/>
</testsuite> <!-- com.freshproposals.selenium.FontPropertiesInProposal -->
