<?xml version="1.0" encoding="UTF-8"?>
<!-- Generated by org.testng.reporters.JUnitReportReporter -->
<testsuite skipped="0" hostname="DESKTOP-0FSTDRC" name="com.freshproposals.selenium.Verify_Color" tests="2" failures="0" timestamp="2020-03-20T14:55:55 IST" time="26.707" errors="0">
  <testcase name="login" time="0.784" classname="com.freshproposals.selenium.Verify_Color"/>
  <testcase name="verify_Color" time="25.923" classname="com.freshproposals.selenium.Verify_Color"/>
</testsuite> <!-- com.freshproposals.selenium.Verify_Color -->
