<?xml version="1.0" encoding="UTF-8"?>
<!-- Generated by org.testng.reporters.JUnitReportReporter -->
<testsuite skipped="0" hostname="DESKTOP-0FSTDRC" name="com.freshproposals.selenium.Signature_Duplicate_Template" tests="13" failures="0" timestamp="2020-01-20T18:28:31 IST" time="39.016" errors="0">
  <testcase name="login" time="0.731" classname="com.freshproposals.selenium.Signature_Duplicate_Template"/>
  <testcase name="open_Template" time="6.780" classname="com.freshproposals.selenium.Signature_Duplicate_Template"/>
  <testcase name="height_width" time="3.572" classname="com.freshproposals.selenium.Signature_Duplicate_Template"/>
  <testcase name="assert_width_1" time="0.100" classname="com.freshproposals.selenium.Signature_Duplicate_Template"/>
  <testcase name="assert_height_1" time="0.088" classname="com.freshproposals.selenium.Signature_Duplicate_Template"/>
  <testcase name="duplicate" time="2.402" classname="com.freshproposals.selenium.Signature_Duplicate_Template"/>
  <testcase name="DragDrop" time="3.420" classname="com.freshproposals.selenium.Signature_Duplicate_Template"/>
  <testcase name="assert_width_2" time="0.098" classname="com.freshproposals.selenium.Signature_Duplicate_Template"/>
  <testcase name="assert_height_2" time="0.068" classname="com.freshproposals.selenium.Signature_Duplicate_Template"/>
  <testcase name="Save" time="7.681" classname="com.freshproposals.selenium.Signature_Duplicate_Template"/>
  <testcase name="clear" time="3.332" classname="com.freshproposals.selenium.Signature_Duplicate_Template"/>
  <testcase name="reset_sign_1" time="3.430" classname="com.freshproposals.selenium.Signature_Duplicate_Template"/>
  <testcase name="Save2" time="7.314" classname="com.freshproposals.selenium.Signature_Duplicate_Template"/>
</testsuite> <!-- com.freshproposals.selenium.Signature_Duplicate_Template -->
