<?xml version="1.0" encoding="UTF-8"?>
<!-- Generated by org.testng.reporters.JUnitReportReporter -->
<testsuite skipped="0" hostname="DESKTOP-DFBIVRO" name="com.freshproposals.selenium.RectangleAndLineRepositionTemplate" tests="5" failures="0" timestamp="2020-03-04T15:44:23 IST" time="51.969" errors="0">
  <testcase name="login" time="5.539" classname="com.freshproposals.selenium.RectangleAndLineRepositionTemplate"/>
  <testcase name="GetURL" time="12.358" classname="com.freshproposals.selenium.RectangleAndLineRepositionTemplate"/>
  <testcase name="Rectangleverification" time="12.132" classname="com.freshproposals.selenium.RectangleAndLineRepositionTemplate"/>
  <testcase name="RectangleRepositionVerification" time="6.805" classname="com.freshproposals.selenium.RectangleAndLineRepositionTemplate"/>
  <testcase name="RectangleRepositionReset" time="15.135" classname="com.freshproposals.selenium.RectangleAndLineRepositionTemplate"/>
</testsuite> <!-- com.freshproposals.selenium.RectangleAndLineRepositionTemplate -->
