<?xml version="1.0" encoding="UTF-8"?>
<!-- Generated by org.testng.reporters.JUnitReportReporter -->
<testsuite skipped="0" hostname="DESKTOP-0FSTDRC" name="com.freshproposals.selenium.TempRead" tests="11" failures="0" timestamp="2020-02-26T12:00:32 IST" time="104.916" errors="0">
  <testcase name="login" time="5.668" classname="com.freshproposals.selenium.TempRead"/>
  <testcase name="ReadTemplate" time="4.528" classname="com.freshproposals.selenium.TempRead"/>
  <testcase name="ReadTemplateCoverLetter" time="10.338" classname="com.freshproposals.selenium.TempRead"/>
  <testcase name="ReadTemplateExecutiveSummary" time="10.422" classname="com.freshproposals.selenium.TempRead"/>
  <testcase name="ReadTemplateAboutUs" time="10.395" classname="com.freshproposals.selenium.TempRead"/>
  <testcase name="ReadTemplateProjectActivity" time="10.550" classname="com.freshproposals.selenium.TempRead"/>
  <testcase name="ReadTemplatePreview" time="11.411" classname="com.freshproposals.selenium.TempRead"/>
  <testcase name="ReadTemplateCoverLetterPreview" time="10.433" classname="com.freshproposals.selenium.TempRead"/>
  <testcase name="ReadTemplateExecutiveSummaryPreview" time="10.366" classname="com.freshproposals.selenium.TempRead"/>
  <testcase name="ReadTemplateAboutUsPreview" time="10.315" classname="com.freshproposals.selenium.TempRead"/>
  <testcase name="ReadTemplateProjectActivityPreview" time="10.490" classname="com.freshproposals.selenium.TempRead"/>
</testsuite> <!-- com.freshproposals.selenium.TempRead -->
