<?xml version="1.0" encoding="UTF-8"?>
<!-- Generated by org.testng.reporters.JUnitReportReporter -->
<testsuite skipped="0" hostname="DESKTOP-0FSTDRC" name="com.freshproposals.selenium.ClientContact" tests="7" failures="0" timestamp="2019-11-08T14:41:39 IST" time="29.006" errors="0">
  <testcase name="login" time="0.602" classname="com.freshproposals.selenium.ClientContact"/>
  <testcase name="CreateNewClient" time="6.295" classname="com.freshproposals.selenium.ClientContact"/>
  <testcase name="CreatenewContact" time="1.482" classname="com.freshproposals.selenium.ClientContact"/>
  <testcase name="newContactaddedintoexistingClient" time="1.689" classname="com.freshproposals.selenium.ClientContact"/>
  <testcase name="ClientUpdated" time="6.412" classname="com.freshproposals.selenium.ClientContact"/>
  <testcase name="ContactUpdated" time="2.283" classname="com.freshproposals.selenium.ClientContact"/>
  <testcase name="ClientDeleted" time="10.243" classname="com.freshproposals.selenium.ClientContact"/>
</testsuite> <!-- com.freshproposals.selenium.ClientContact -->
