<?xml version="1.0" encoding="UTF-8"?>
<!-- Generated by org.testng.reporters.JUnitReportReporter -->
<testsuite skipped="0" hostname="DESKTOP-0FSTDRC" name="com.freshproposals.selenium.Email_Template" tests="3" failures="0" timestamp="2019-11-28T16:18:10 IST" time="30.229" errors="0">
  <testcase name="login" time="0.629" classname="com.freshproposals.selenium.Email_Template"/>
  <testcase name="createEmailTemplate" time="20.259" classname="com.freshproposals.selenium.Email_Template"/>
  <testcase name="unorderList" time="9.341" classname="com.freshproposals.selenium.Email_Template"/>
</testsuite> <!-- com.freshproposals.selenium.Email_Template -->
