<?xml version="1.0" encoding="UTF-8"?>
<!-- Generated by org.testng.reporters.JUnitReportReporter -->
<testsuite skipped="0" hostname="DESKTOP-0FSTDRC" name="com.freshproposals.selenium.Signature_DragDrop_Position_Template" tests="6" failures="0" timestamp="2020-02-26T11:40:43 IST" time="36.302" errors="0">
  <testcase name="login" time="0.738" classname="com.freshproposals.selenium.Signature_DragDrop_Position_Template"/>
  <testcase name="openExistTemplate" time="7.580" classname="com.freshproposals.selenium.Signature_DragDrop_Position_Template"/>
  <testcase name="Get_Position" time="7.759" classname="com.freshproposals.selenium.Signature_DragDrop_Position_Template"/>
  <testcase name="DragDrop" time="4.764" classname="com.freshproposals.selenium.Signature_DragDrop_Position_Template"/>
  <testcase name="DragDrop_Get_Position" time="8.631" classname="com.freshproposals.selenium.Signature_DragDrop_Position_Template"/>
  <testcase name="Reset" time="6.830" classname="com.freshproposals.selenium.Signature_DragDrop_Position_Template"/>
</testsuite> <!-- com.freshproposals.selenium.Signature_DragDrop_Position_Template -->
