<?xml version="1.0" encoding="UTF-8"?>
<!-- Generated by org.testng.reporters.JUnitReportReporter -->
<testsuite skipped="0" hostname="DESKTOP-0FSTDRC" name="com.freshproposals.selenium.TextBox_Duplicate_Section" tests="9" failures="0" timestamp="2020-02-03T11:07:06 IST" time="40.956" errors="0">
  <testcase name="login" time="0.746" classname="com.freshproposals.selenium.TextBox_Duplicate_Section"/>
  <testcase name="open_Template" time="7.355" classname="com.freshproposals.selenium.TextBox_Duplicate_Section"/>
  <testcase name="write" time="6.079" classname="com.freshproposals.selenium.TextBox_Duplicate_Section"/>
  <testcase name="duplicate" time="2.402" classname="com.freshproposals.selenium.TextBox_Duplicate_Section"/>
  <testcase name="DragDrop" time="3.453" classname="com.freshproposals.selenium.TextBox_Duplicate_Section"/>
  <testcase name="Save" time="7.119" classname="com.freshproposals.selenium.TextBox_Duplicate_Section"/>
  <testcase name="clear" time="5.822" classname="com.freshproposals.selenium.TextBox_Duplicate_Section"/>
  <testcase name="before_save_result" time="1.009" classname="com.freshproposals.selenium.TextBox_Duplicate_Section"/>
  <testcase name="Save2" time="6.971" classname="com.freshproposals.selenium.TextBox_Duplicate_Section"/>
</testsuite> <!-- com.freshproposals.selenium.TextBox_Duplicate_Section -->
