<?xml version="1.0" encoding="UTF-8"?>
<!-- Generated by org.testng.reporters.JUnitReportReporter -->
<testsuite skipped="0" hostname="DESKTOP-0FSTDRC" name="com.freshproposals.selenium.F2B2_Multiple" tests="5" failures="0" timestamp="2020-02-27T16:36:16 IST" time="26.032" errors="0">
  <testcase name="login" time="0.926" classname="com.freshproposals.selenium.F2B2_Multiple"/>
  <testcase name="Backward" time="12.691" classname="com.freshproposals.selenium.F2B2_Multiple"/>
  <testcase name="Back" time="3.385" classname="com.freshproposals.selenium.F2B2_Multiple"/>
  <testcase name="Forward" time="5.603" classname="com.freshproposals.selenium.F2B2_Multiple"/>
  <testcase name="Front" time="3.427" classname="com.freshproposals.selenium.F2B2_Multiple"/>
</testsuite> <!-- com.freshproposals.selenium.F2B2_Multiple -->
