<?xml version="1.0" encoding="UTF-8"?>
<!-- Generated by org.testng.reporters.JUnitReportReporter -->
<testsuite skipped="0" hostname="DESKTOP-0FSTDRC" name="com.freshproposals.selenium.Image_Duplicate_Section" tests="11" failures="0" timestamp="2020-01-20T17:32:36 IST" time="48.541" errors="0">
  <testcase name="login" time="0.710" classname="com.freshproposals.selenium.Image_Duplicate_Section"/>
  <testcase name="open_Template" time="11.143" classname="com.freshproposals.selenium.Image_Duplicate_Section"/>
  <testcase name="height_width" time="5.555" classname="com.freshproposals.selenium.Image_Duplicate_Section"/>
  <testcase name="assert_width_1" time="0.139" classname="com.freshproposals.selenium.Image_Duplicate_Section"/>
  <testcase name="duplicate" time="2.439" classname="com.freshproposals.selenium.Image_Duplicate_Section"/>
  <testcase name="DragDrop" time="3.449" classname="com.freshproposals.selenium.Image_Duplicate_Section"/>
  <testcase name="assert_width_2" time="0.097" classname="com.freshproposals.selenium.Image_Duplicate_Section"/>
  <testcase name="Save" time="7.264" classname="com.freshproposals.selenium.Image_Duplicate_Section"/>
  <testcase name="clear" time="7.353" classname="com.freshproposals.selenium.Image_Duplicate_Section"/>
  <testcase name="reset_sign_1" time="3.417" classname="com.freshproposals.selenium.Image_Duplicate_Section"/>
  <testcase name="Save2" time="6.975" classname="com.freshproposals.selenium.Image_Duplicate_Section"/>
</testsuite> <!-- com.freshproposals.selenium.Image_Duplicate_Section -->
