<?xml version="1.0" encoding="UTF-8"?>
<!-- Generated by org.testng.reporters.JUnitReportReporter -->
<testsuite skipped="0" hostname="DESKTOP-0FSTDRC" name="com.freshproposals.selenium.Rectangle_Duplicate_Template" tests="13" failures="0" timestamp="2019-12-27T10:59:21 IST" time="45.930" errors="0">
  <testcase name="login" time="0.684" classname="com.freshproposals.selenium.Rectangle_Duplicate_Template"/>
  <testcase name="open_Template" time="14.261" classname="com.freshproposals.selenium.Rectangle_Duplicate_Template"/>
  <testcase name="height_width" time="3.558" classname="com.freshproposals.selenium.Rectangle_Duplicate_Template"/>
  <testcase name="assert_width_1" time="0.143" classname="com.freshproposals.selenium.Rectangle_Duplicate_Template"/>
  <testcase name="assert_height_1" time="0.095" classname="com.freshproposals.selenium.Rectangle_Duplicate_Template"/>
  <testcase name="duplicate" time="2.411" classname="com.freshproposals.selenium.Rectangle_Duplicate_Template"/>
  <testcase name="DragDrop" time="3.436" classname="com.freshproposals.selenium.Rectangle_Duplicate_Template"/>
  <testcase name="assert_width_2" time="0.093" classname="com.freshproposals.selenium.Rectangle_Duplicate_Template"/>
  <testcase name="assert_height_2" time="0.075" classname="com.freshproposals.selenium.Rectangle_Duplicate_Template"/>
  <testcase name="Save" time="7.327" classname="com.freshproposals.selenium.Rectangle_Duplicate_Template"/>
  <testcase name="clear" time="3.362" classname="com.freshproposals.selenium.Rectangle_Duplicate_Template"/>
  <testcase name="reset_sign_1" time="3.465" classname="com.freshproposals.selenium.Rectangle_Duplicate_Template"/>
  <testcase name="Save2" time="7.020" classname="com.freshproposals.selenium.Rectangle_Duplicate_Template"/>
</testsuite> <!-- com.freshproposals.selenium.Rectangle_Duplicate_Template -->
