<?xml version="1.0" encoding="UTF-8"?>
<!-- Generated by org.testng.reporters.JUnitReportReporter -->
<testsuite skipped="0" hostname="DESKTOP-0FSTDRC" name="com.freshproposals.selenium.Signature_Duplicate_Proposal" tests="13" failures="0" timestamp="2020-01-15T11:35:05 IST" time="39.331" errors="0">
  <testcase name="login" time="0.681" classname="com.freshproposals.selenium.Signature_Duplicate_Proposal"/>
  <testcase name="open_Proposal" time="7.779" classname="com.freshproposals.selenium.Signature_Duplicate_Proposal"/>
  <testcase name="height_width" time="3.526" classname="com.freshproposals.selenium.Signature_Duplicate_Proposal"/>
  <testcase name="assert_width_1" time="0.103" classname="com.freshproposals.selenium.Signature_Duplicate_Proposal"/>
  <testcase name="assert_height_1" time="0.076" classname="com.freshproposals.selenium.Signature_Duplicate_Proposal"/>
  <testcase name="duplicate" time="2.458" classname="com.freshproposals.selenium.Signature_Duplicate_Proposal"/>
  <testcase name="DragDrop" time="3.459" classname="com.freshproposals.selenium.Signature_Duplicate_Proposal"/>
  <testcase name="assert_width_2" time="0.099" classname="com.freshproposals.selenium.Signature_Duplicate_Proposal"/>
  <testcase name="assert_height_2" time="0.069" classname="com.freshproposals.selenium.Signature_Duplicate_Proposal"/>
  <testcase name="Save" time="7.337" classname="com.freshproposals.selenium.Signature_Duplicate_Proposal"/>
  <testcase name="clear" time="3.378" classname="com.freshproposals.selenium.Signature_Duplicate_Proposal"/>
  <testcase name="reset_sign_1" time="3.404" classname="com.freshproposals.selenium.Signature_Duplicate_Proposal"/>
  <testcase name="Save2" time="6.962" classname="com.freshproposals.selenium.Signature_Duplicate_Proposal"/>
</testsuite> <!-- com.freshproposals.selenium.Signature_Duplicate_Proposal -->
