<?xml version="1.0" encoding="UTF-8"?>
<!-- Generated by org.testng.reporters.JUnitReportReporter -->
<testsuite skipped="0" hostname="DESKTOP-0FSTDRC" name="com.freshproposals.selenium.Rectangle_Duplicate_Section" tests="13" failures="0" timestamp="2019-12-27T11:23:21 IST" time="36.860" errors="0">
  <testcase name="login" time="0.558" classname="com.freshproposals.selenium.Rectangle_Duplicate_Section"/>
  <testcase name="open_Template" time="5.886" classname="com.freshproposals.selenium.Rectangle_Duplicate_Section"/>
  <testcase name="height_width" time="3.496" classname="com.freshproposals.selenium.Rectangle_Duplicate_Section"/>
  <testcase name="assert_width_1" time="0.110" classname="com.freshproposals.selenium.Rectangle_Duplicate_Section"/>
  <testcase name="assert_height_1" time="0.079" classname="com.freshproposals.selenium.Rectangle_Duplicate_Section"/>
  <testcase name="duplicate" time="2.318" classname="com.freshproposals.selenium.Rectangle_Duplicate_Section"/>
  <testcase name="DragDrop" time="3.433" classname="com.freshproposals.selenium.Rectangle_Duplicate_Section"/>
  <testcase name="assert_width_2" time="0.091" classname="com.freshproposals.selenium.Rectangle_Duplicate_Section"/>
  <testcase name="assert_height_2" time="0.069" classname="com.freshproposals.selenium.Rectangle_Duplicate_Section"/>
  <testcase name="Save" time="7.165" classname="com.freshproposals.selenium.Rectangle_Duplicate_Section"/>
  <testcase name="clear" time="3.342" classname="com.freshproposals.selenium.Rectangle_Duplicate_Section"/>
  <testcase name="reset_sign_1" time="3.380" classname="com.freshproposals.selenium.Rectangle_Duplicate_Section"/>
  <testcase name="Save2" time="6.933" classname="com.freshproposals.selenium.Rectangle_Duplicate_Section"/>
</testsuite> <!-- com.freshproposals.selenium.Rectangle_Duplicate_Section -->
