<?xml version="1.0" encoding="UTF-8"?>
<!-- Generated by org.testng.reporters.JUnitReportReporter -->
<testsuite skipped="0" hostname="DESKTOP-0FSTDRC" name="com.freshproposals.selenium.F2B2" tests="5" failures="0" timestamp="2020-01-23T12:29:20 IST" time="33.020" errors="0">
  <testcase name="login" time="0.724" classname="com.freshproposals.selenium.F2B2"/>
  <testcase name="Backward" time="21.926" classname="com.freshproposals.selenium.F2B2"/>
  <testcase name="Back" time="3.488" classname="com.freshproposals.selenium.F2B2"/>
  <testcase name="Front" time="3.451" classname="com.freshproposals.selenium.F2B2"/>
  <testcase name="Forward" time="3.431" classname="com.freshproposals.selenium.F2B2"/>
</testsuite> <!-- com.freshproposals.selenium.F2B2 -->
