<?xml version="1.0" encoding="UTF-8"?>
<!-- Generated by org.testng.reporters.JUnitReportReporter -->
<testsuite skipped="0" hostname="DESKTOP-0FSTDRC" name="com.freshproposals.selenium.Image_DragDrop_Position_Template" tests="6" failures="0" timestamp="2020-03-20T14:55:54 IST" time="50.016" errors="0">
  <testcase name="login" time="0.751" classname="com.freshproposals.selenium.Image_DragDrop_Position_Template"/>
  <testcase name="openExistTemplate" time="16.681" classname="com.freshproposals.selenium.Image_DragDrop_Position_Template"/>
  <testcase name="Get_Position" time="9.207" classname="com.freshproposals.selenium.Image_DragDrop_Position_Template"/>
  <testcase name="DragDrop" time="5.593" classname="com.freshproposals.selenium.Image_DragDrop_Position_Template"/>
  <testcase name="DragDrop_Get_Position" time="10.167" classname="com.freshproposals.selenium.Image_DragDrop_Position_Template"/>
  <testcase name="Reset" time="7.617" classname="com.freshproposals.selenium.Image_DragDrop_Position_Template"/>
</testsuite> <!-- com.freshproposals.selenium.Image_DragDrop_Position_Template -->
