<?xml version="1.0" encoding="UTF-8"?>
<!-- Generated by org.testng.reporters.JUnitReportReporter -->
<testsuite skipped="0" hostname="DESKTOP-0FSTDRC" name="com.freshproposals.selenium.Check_Versions" tests="5" failures="0" timestamp="2019-11-08T14:38:41 IST" time="76.166" errors="0">
  <testcase name="login" time="0.814" classname="com.freshproposals.selenium.Check_Versions"/>
  <testcase name="createtemplate" time="10.723" classname="com.freshproposals.selenium.Check_Versions"/>
  <testcase name="TemplateVersion" time="20.815" classname="com.freshproposals.selenium.Check_Versions"/>
  <testcase name="createproposal" time="20.886" classname="com.freshproposals.selenium.Check_Versions"/>
  <testcase name="ProposalVersion" time="22.928" classname="com.freshproposals.selenium.Check_Versions"/>
</testsuite> <!-- com.freshproposals.selenium.Check_Versions -->
