<?xml version="1.0" encoding="UTF-8"?>
<!-- Generated by org.testng.reporters.JUnitReportReporter -->
<testsuite skipped="0" hostname="DESKTOP-0FSTDRC" name="com.freshproposals.selenium.SectionHeading4Properties" tests="7" failures="0" timestamp="2019-11-08T14:19:03 IST" time="17.491" errors="0">
  <testcase name="login" time="0.751" classname="com.freshproposals.selenium.SectionHeading4Properties"/>
  <testcase name="ReadtextFontsize" time="16.592" classname="com.freshproposals.selenium.SectionHeading4Properties"/>
  <testcase name="ReadFontColor" time="0.034" classname="com.freshproposals.selenium.SectionHeading4Properties"/>
  <testcase name="FontStyle" time="0.026" classname="com.freshproposals.selenium.SectionHeading4Properties"/>
  <testcase name="FontAlignment" time="0.025" classname="com.freshproposals.selenium.SectionHeading4Properties"/>
  <testcase name="Fontfamily" time="0.033" classname="com.freshproposals.selenium.SectionHeading4Properties"/>
  <testcase name="FontWeight" time="0.030" classname="com.freshproposals.selenium.SectionHeading4Properties"/>
</testsuite> <!-- com.freshproposals.selenium.SectionHeading4Properties -->
