<?xml version="1.0" encoding="UTF-8"?>
<!-- Generated by org.testng.reporters.JUnitReportReporter -->
<testsuite skipped="0" hostname="DESKTOP-0FSTDRC" name="com.freshproposals.selenium.Existing_Single_Image_Proposal" tests="20" failures="0" timestamp="2020-04-17T12:12:45 IST" time="108.150" errors="0">
  <testcase name="SetUnmPwd" time="0.665" classname="com.freshproposals.selenium.Existing_Single_Image_Proposal"/>
  <testcase name="openExistTemplate" time="11.583" classname="com.freshproposals.selenium.Existing_Single_Image_Proposal"/>
  <testcase name="width" time="4.816" classname="com.freshproposals.selenium.Existing_Single_Image_Proposal"/>
  <testcase name="Save_width" time="12.283" classname="com.freshproposals.selenium.Existing_Single_Image_Proposal"/>
  <testcase name="reflect_width" time="0.232" classname="com.freshproposals.selenium.Existing_Single_Image_Proposal"/>
  <testcase name="Reset_width" time="4.520" classname="com.freshproposals.selenium.Existing_Single_Image_Proposal"/>
  <testcase name="rotate" time="3.360" classname="com.freshproposals.selenium.Existing_Single_Image_Proposal"/>
  <testcase name="color" time="4.949" classname="com.freshproposals.selenium.Existing_Single_Image_Proposal"/>
  <testcase name="border_width" time="3.687" classname="com.freshproposals.selenium.Existing_Single_Image_Proposal"/>
  <testcase name="border_style" time="1.439" classname="com.freshproposals.selenium.Existing_Single_Image_Proposal"/>
  <testcase name="padding_top" time="2.660" classname="com.freshproposals.selenium.Existing_Single_Image_Proposal"/>
  <testcase name="padding_left" time="1.414" classname="com.freshproposals.selenium.Existing_Single_Image_Proposal"/>
  <testcase name="padding_bottom" time="1.253" classname="com.freshproposals.selenium.Existing_Single_Image_Proposal"/>
  <testcase name="padding_right" time="0.391" classname="com.freshproposals.selenium.Existing_Single_Image_Proposal"/>
  <testcase name="greyscale" time="3.627" classname="com.freshproposals.selenium.Existing_Single_Image_Proposal"/>
  <testcase name="save" time="7.521" classname="com.freshproposals.selenium.Existing_Single_Image_Proposal"/>
  <testcase name="reflect_border_width" time="6.584" classname="com.freshproposals.selenium.Existing_Single_Image_Proposal"/>
  <testcase name="reflect_border_style" time="5.173" classname="com.freshproposals.selenium.Existing_Single_Image_Proposal"/>
  <testcase name="reflect_padding" time="5.453" classname="com.freshproposals.selenium.Existing_Single_Image_Proposal"/>
  <testcase name="Reset_All" time="26.540" classname="com.freshproposals.selenium.Existing_Single_Image_Proposal"/>
</testsuite> <!-- com.freshproposals.selenium.Existing_Single_Image_Proposal -->
