<?xml version="1.0" encoding="UTF-8"?>
<!-- Generated by org.testng.reporters.JUnitReportReporter -->
<testsuite skipped="0" hostname="DESKTOP-0FSTDRC" name="com.freshproposals.selenium.Existing_Single_Image" tests="3" failures="0" timestamp="2019-11-08T14:49:36 IST" time="46.873" errors="0">
  <testcase name="login" time="0.640" classname="com.freshproposals.selenium.Existing_Single_Image"/>
  <testcase name="openExistTemplate" time="17.760" classname="com.freshproposals.selenium.Existing_Single_Image"/>
  <testcase name="properties" time="28.473" classname="com.freshproposals.selenium.Existing_Single_Image"/>
</testsuite> <!-- com.freshproposals.selenium.Existing_Single_Image -->
