<?xml version="1.0" encoding="UTF-8"?>
<!-- Generated by org.testng.reporters.JUnitReportReporter -->
<testsuite skipped="0" hostname="DESKTOP-0FSTDRC" name="com.freshproposals.selenium.Image_Template" tests="21" failures="0" timestamp="2020-01-03T18:09:07 IST" time="110.168" errors="0">
  <testcase name="login" time="0.672" classname="com.freshproposals.selenium.Image_Template"/>
  <testcase name="openExistTemplate" time="11.029" classname="com.freshproposals.selenium.Image_Template"/>
  <testcase name="width" time="4.468" classname="com.freshproposals.selenium.Image_Template"/>
  <testcase name="Save_width" time="12.284" classname="com.freshproposals.selenium.Image_Template"/>
  <testcase name="reflect_width" time="0.196" classname="com.freshproposals.selenium.Image_Template"/>
  <testcase name="Reset_width" time="4.306" classname="com.freshproposals.selenium.Image_Template"/>
  <testcase name="color" time="7.727" classname="com.freshproposals.selenium.Image_Template"/>
  <testcase name="rotate" time="3.298" classname="com.freshproposals.selenium.Image_Template"/>
  <testcase name="corner" time="1.450" classname="com.freshproposals.selenium.Image_Template"/>
  <testcase name="border_width" time="2.353" classname="com.freshproposals.selenium.Image_Template"/>
  <testcase name="border_style" time="1.348" classname="com.freshproposals.selenium.Image_Template"/>
  <testcase name="padding_top" time="2.328" classname="com.freshproposals.selenium.Image_Template"/>
  <testcase name="padding_left" time="1.192" classname="com.freshproposals.selenium.Image_Template"/>
  <testcase name="padding_bottom" time="1.174" classname="com.freshproposals.selenium.Image_Template"/>
  <testcase name="padding_right" time="0.201" classname="com.freshproposals.selenium.Image_Template"/>
  <testcase name="flip" time="1.153" classname="com.freshproposals.selenium.Image_Template"/>
  <testcase name="save" time="9.954" classname="com.freshproposals.selenium.Image_Template"/>
  <testcase name="reflect_border_width" time="5.879" classname="com.freshproposals.selenium.Image_Template"/>
  <testcase name="reflect_border_style" time="5.175" classname="com.freshproposals.selenium.Image_Template"/>
  <testcase name="reflect_padding" time="5.201" classname="com.freshproposals.selenium.Image_Template"/>
  <testcase name="Reset_All" time="28.780" classname="com.freshproposals.selenium.Image_Template"/>
</testsuite> <!-- com.freshproposals.selenium.Image_Template -->
