<?xml version="1.0" encoding="UTF-8"?>
<!-- Generated by org.testng.reporters.JUnitReportReporter -->
<testsuite skipped="0" hostname="DESKTOP-0FSTDRC" name="com.freshproposals.selenium.Image_DragDrop_Position" tests="6" failures="0" timestamp="2019-11-29T16:16:56 IST" time="41.191" errors="0">
  <testcase name="login" time="0.681" classname="com.freshproposals.selenium.Image_DragDrop_Position"/>
  <testcase name="openExistTemplate" time="7.756" classname="com.freshproposals.selenium.Image_DragDrop_Position"/>
  <testcase name="Get_Position" time="10.344" classname="com.freshproposals.selenium.Image_DragDrop_Position"/>
  <testcase name="DragDrop" time="3.508" classname="com.freshproposals.selenium.Image_DragDrop_Position"/>
  <testcase name="DragDrop_Get_Position" time="10.261" classname="com.freshproposals.selenium.Image_DragDrop_Position"/>
  <testcase name="Reset" time="8.641" classname="com.freshproposals.selenium.Image_DragDrop_Position"/>
</testsuite> <!-- com.freshproposals.selenium.Image_DragDrop_Position -->
