<?xml version="1.0" encoding="UTF-8"?>
<!-- Generated by org.testng.reporters.JUnitReportReporter -->
<testsuite skipped="0" hostname="DESKTOP-0FSTDRC" name="com.freshproposals.selenium.Image_Section" tests="20" failures="0" timestamp="2020-01-03T17:03:33 IST" time="100.976" errors="0">
  <testcase name="login" time="0.587" classname="com.freshproposals.selenium.Image_Section"/>
  <testcase name="openExistTemplate" time="11.407" classname="com.freshproposals.selenium.Image_Section"/>
  <testcase name="width" time="4.535" classname="com.freshproposals.selenium.Image_Section"/>
  <testcase name="Save_width" time="12.235" classname="com.freshproposals.selenium.Image_Section"/>
  <testcase name="reflect_width" time="0.162" classname="com.freshproposals.selenium.Image_Section"/>
  <testcase name="Reset_width" time="4.286" classname="com.freshproposals.selenium.Image_Section"/>
  <testcase name="color" time="7.649" classname="com.freshproposals.selenium.Image_Section"/>
  <testcase name="rotate" time="3.339" classname="com.freshproposals.selenium.Image_Section"/>
  <testcase name="corner" time="1.454" classname="com.freshproposals.selenium.Image_Section"/>
  <testcase name="border_width" time="2.329" classname="com.freshproposals.selenium.Image_Section"/>
  <testcase name="border_style" time="1.349" classname="com.freshproposals.selenium.Image_Section"/>
  <testcase name="padding_top" time="2.332" classname="com.freshproposals.selenium.Image_Section"/>
  <testcase name="padding_left" time="1.222" classname="com.freshproposals.selenium.Image_Section"/>
  <testcase name="padding_bottom" time="1.180" classname="com.freshproposals.selenium.Image_Section"/>
  <testcase name="padding_right" time="0.167" classname="com.freshproposals.selenium.Image_Section"/>
  <testcase name="save" time="7.069" classname="com.freshproposals.selenium.Image_Section"/>
  <testcase name="reflect_border_width" time="5.604" classname="com.freshproposals.selenium.Image_Section"/>
  <testcase name="reflect_border_style" time="5.108" classname="com.freshproposals.selenium.Image_Section"/>
  <testcase name="reflect_padding" time="5.174" classname="com.freshproposals.selenium.Image_Section"/>
  <testcase name="Reset_All" time="23.788" classname="com.freshproposals.selenium.Image_Section"/>
</testsuite> <!-- com.freshproposals.selenium.Image_Section -->
