<?xml version="1.0" encoding="UTF-8"?>
<!-- Generated by org.testng.reporters.JUnitReportReporter -->
<testsuite skipped="0" hostname="DESKTOP-0FSTDRC" name="com.freshproposals.selenium.Page_Up_Properties" tests="2" failures="0" timestamp="2020-02-28T12:26:47 IST" time="56.753" errors="0">
  <testcase name="login" time="0.634" classname="com.freshproposals.selenium.Page_Up_Properties"/>
  <testcase name="Properties" time="56.119" classname="com.freshproposals.selenium.Page_Up_Properties"/>
</testsuite> <!-- com.freshproposals.selenium.Page_Up_Properties -->
