<?xml version="1.0" encoding="UTF-8"?>
<!-- Generated by org.testng.reporters.JUnitReportReporter -->
<testsuite skipped="0" hostname="DESKTOP-0FSTDRC" name="Practice.practice2" tests="7" failures="0" timestamp="2019-10-18T12:46:55 IST" time="0.037" errors="0">
  <testcase name="first" time="0.021" classname="Practice.practice2"/>
  <testcase name="seven" time="0.003" classname="Practice.practice2"/>
  <testcase name="fourth" time="0.002" classname="Practice.practice2"/>
  <testcase name="second" time="0.002" classname="Practice.practice2"/>
  <testcase name="five" time="0.004" classname="Practice.practice2"/>
  <testcase name="third" time="0.003" classname="Practice.practice2"/>
  <testcase name="six" time="0.002" classname="Practice.practice2"/>
</testsuite> <!-- Practice.practice2 -->
