<?xml version="1.0" encoding="UTF-8"?>
<!-- Generated by org.testng.reporters.JUnitReportReporter -->
<testsuite skipped="0" hostname="DESKTOP-0FSTDRC" name="com.freshproposals.selenium.SectionQuoteProperties" tests="7" failures="0" timestamp="2019-11-08T14:21:46 IST" time="10.773" errors="0">
  <testcase name="login" time="0.584" classname="com.freshproposals.selenium.SectionQuoteProperties"/>
  <testcase name="ReadtextFontsize" time="9.979" classname="com.freshproposals.selenium.SectionQuoteProperties"/>
  <testcase name="ReadFontColor" time="0.062" classname="com.freshproposals.selenium.SectionQuoteProperties"/>
  <testcase name="FontStyle" time="0.039" classname="com.freshproposals.selenium.SectionQuoteProperties"/>
  <testcase name="FontAlignment" time="0.037" classname="com.freshproposals.selenium.SectionQuoteProperties"/>
  <testcase name="Fontfamily" time="0.040" classname="com.freshproposals.selenium.SectionQuoteProperties"/>
  <testcase name="FontWeight" time="0.032" classname="com.freshproposals.selenium.SectionQuoteProperties"/>
</testsuite> <!-- com.freshproposals.selenium.SectionQuoteProperties -->
