<?xml version="1.0" encoding="UTF-8"?>
<!-- Generated by org.testng.reporters.JUnitReportReporter -->
<testsuite skipped="0" hostname="DESKTOP-0FSTDRC" name="com.freshproposals.selenium.Check_Versions" tests="3" failures="0" timestamp="2019-12-27T17:49:40 IST" time="46.785" errors="0">
  <testcase name="login" time="0.683" classname="com.freshproposals.selenium.Check_Versions"/>
  <testcase name="createproposal" time="35.551" classname="com.freshproposals.selenium.Check_Versions"/>
  <testcase name="ProposalVersion" time="10.551" classname="com.freshproposals.selenium.Check_Versions"/>
</testsuite> <!-- com.freshproposals.selenium.Check_Versions -->
