<?xml version="1.0" encoding="UTF-8"?>
<!-- Generated by org.testng.reporters.JUnitReportReporter -->
<testsuite skipped="0" hostname="DESKTOP-DFBIVRO" name="com.freshproposals.selenium.ResizingOfAllComponent" tests="16" failures="0" timestamp="2020-03-04T13:15:03 IST" time="217.354" errors="0">
  <testcase name="login" time="4.538" classname="com.freshproposals.selenium.ResizingOfAllComponent"/>
  <testcase name="GetUrl" time="10.450" classname="com.freshproposals.selenium.ResizingOfAllComponent"/>
  <testcase name="ResizeTextComponent" time="0.520" classname="com.freshproposals.selenium.ResizingOfAllComponent"/>
  <testcase name="resizetext" time="9.052" classname="com.freshproposals.selenium.ResizingOfAllComponent"/>
  <testcase name="Resizetextverification" time="7.950" classname="com.freshproposals.selenium.ResizingOfAllComponent"/>
  <testcase name="Resizeback" time="12.398" classname="com.freshproposals.selenium.ResizingOfAllComponent"/>
  <testcase name="ResizeImage" time="21.236" classname="com.freshproposals.selenium.ResizingOfAllComponent"/>
  <testcase name="ResizeImageVerification" time="11.410" classname="com.freshproposals.selenium.ResizingOfAllComponent"/>
  <testcase name="ResizeImage2" time="17.192" classname="com.freshproposals.selenium.ResizingOfAllComponent"/>
  <testcase name="ResizeImage2Verification" time="8.314" classname="com.freshproposals.selenium.ResizingOfAllComponent"/>
  <testcase name="ImageReResize" time="23.766" classname="com.freshproposals.selenium.ResizingOfAllComponent"/>
  <testcase name="RectangleResize" time="26.092" classname="com.freshproposals.selenium.ResizingOfAllComponent"/>
  <testcase name="Rect1Verify" time="9.236" classname="com.freshproposals.selenium.ResizingOfAllComponent"/>
  <testcase name="Rect2" time="21.268" classname="com.freshproposals.selenium.ResizingOfAllComponent"/>
  <testcase name="RectangleResizeVerification" time="8.012" classname="com.freshproposals.selenium.ResizingOfAllComponent"/>
  <testcase name="RectangleReResize" time="25.920" classname="com.freshproposals.selenium.ResizingOfAllComponent"/>
</testsuite> <!-- com.freshproposals.selenium.ResizingOfAllComponent -->
