<?xml version="1.0" encoding="UTF-8"?>
<!-- Generated by org.testng.reporters.JUnitReportReporter -->
<testsuite skipped="0" hostname="DESKTOP-0FSTDRC" name="com.freshproposals.selenium.SectionBodyPropertiesInPreview" tests="7" failures="0" timestamp="2019-11-08T12:51:18 IST" time="12.416" errors="0">
  <testcase name="login" time="0.813" classname="com.freshproposals.selenium.SectionBodyPropertiesInPreview"/>
  <testcase name="ReadtextFontsize" time="11.449" classname="com.freshproposals.selenium.SectionBodyPropertiesInPreview"/>
  <testcase name="ReadFontColor" time="0.035" classname="com.freshproposals.selenium.SectionBodyPropertiesInPreview"/>
  <testcase name="FontStyle" time="0.034" classname="com.freshproposals.selenium.SectionBodyPropertiesInPreview"/>
  <testcase name="FontAlignment" time="0.027" classname="com.freshproposals.selenium.SectionBodyPropertiesInPreview"/>
  <testcase name="Fontfamily" time="0.031" classname="com.freshproposals.selenium.SectionBodyPropertiesInPreview"/>
  <testcase name="FontWeight" time="0.027" classname="com.freshproposals.selenium.SectionBodyPropertiesInPreview"/>
</testsuite> <!-- com.freshproposals.selenium.SectionBodyPropertiesInPreview -->
