<?xml version="1.0" encoding="UTF-8"?>
<!-- Generated by org.testng.reporters.JUnitReportReporter -->
<testsuite skipped="1" hostname="DESKTOP-0FSTDRC" name="com.freshproposals.selenium.Won_Proposal_Verification" tests="6" failures="0" timestamp="2020-03-05T15:48:40 IST" time="80.334" errors="0">
  <testcase name="login" time="1.019" classname="com.freshproposals.selenium.Won_Proposal_Verification"/>
  <testcase name="Dashboard_Get_Won_Value" time="10.021" classname="com.freshproposals.selenium.Won_Proposal_Verification"/>
  <testcase name="generateProposal" time="32.296" classname="com.freshproposals.selenium.Won_Proposal_Verification"/>
  <testcase name="Send_and_Copy" time="32.362" classname="com.freshproposals.selenium.Won_Proposal_Verification"/>
  <testcase name="Dashboard_Verify_Won_Value" time="4.636" classname="com.freshproposals.selenium.Won_Proposal_Verification"/>
  <testcase name="contentLibrary" classname="com.freshproposals.selenium.Won_Proposal_Verification">
    <skipped/>
  </testcase> <!-- contentLibrary -->
</testsuite> <!-- com.freshproposals.selenium.Won_Proposal_Verification -->
