<?xml version="1.0" encoding="UTF-8"?>
<!-- Generated by org.testng.reporters.JUnitReportReporter -->
<testsuite skipped="0" hostname="DESKTOP-0FSTDRC" name="com.freshproposals.selenium.Email_Template" tests="2" failures="0" timestamp="2019-11-12T12:52:46 IST" time="70.792" errors="0">
  <testcase name="login" time="0.629" classname="com.freshproposals.selenium.Email_Template"/>
  <testcase name="createEmailTemplate" time="70.163" classname="com.freshproposals.selenium.Email_Template"/>
</testsuite> <!-- com.freshproposals.selenium.Email_Template -->
