<?xml version="1.0" encoding="UTF-8"?>
<!-- Generated by org.testng.reporters.JUnitReportReporter -->
<testsuite skipped="0" hostname="DESKTOP-DFBIVRO" name="com.freshproposals.selenium.ZoomLevelTestingInSectionPreview" tests="2" failures="0" timestamp="2020-03-04T15:01:53 IST" time="37.810" errors="0">
  <testcase name="login" time="3.594" classname="com.freshproposals.selenium.ZoomLevelTestingInSectionPreview"/>
  <testcase name="selectzoom" time="34.216" classname="com.freshproposals.selenium.ZoomLevelTestingInSectionPreview"/>
</testsuite> <!-- com.freshproposals.selenium.ZoomLevelTestingInSectionPreview -->
