<?xml version="1.0" encoding="UTF-8"?>
<!-- Generated by org.testng.reporters.JUnitReportReporter -->
<testsuite skipped="0" hostname="DESKTOP-DFBIVRO" name="com.freshproposals.selenium.ResizeTextBox" tests="3" failures="0" timestamp="2019-12-10T12:13:10 IST" time="36.193" errors="0">
  <testcase name="login" time="2.737" classname="com.freshproposals.selenium.ResizeTextBox"/>
  <testcase name="ResizeTextBoxandVerify" time="25.804" classname="com.freshproposals.selenium.ResizeTextBox"/>
  <testcase name="Resizeback" time="7.652" classname="com.freshproposals.selenium.ResizeTextBox"/>
</testsuite> <!-- com.freshproposals.selenium.ResizeTextBox -->
