<?xml version="1.0" encoding="UTF-8"?>
<!-- Generated by org.testng.reporters.JUnitReportReporter -->
<testsuite skipped="0" hostname="DESKTOP-0FSTDRC" name="com.freshproposals.selenium.F2B2_Multiple" tests="5" failures="0" timestamp="2020-03-20T14:55:53 IST" time="27.818" errors="0">
  <testcase name="login" time="0.830" classname="com.freshproposals.selenium.F2B2_Multiple"/>
  <testcase name="Backward" time="14.689" classname="com.freshproposals.selenium.F2B2_Multiple"/>
  <testcase name="Back" time="3.417" classname="com.freshproposals.selenium.F2B2_Multiple"/>
  <testcase name="Forward" time="5.469" classname="com.freshproposals.selenium.F2B2_Multiple"/>
  <testcase name="Front" time="3.413" classname="com.freshproposals.selenium.F2B2_Multiple"/>
</testsuite> <!-- com.freshproposals.selenium.F2B2_Multiple -->
