<?xml version="1.0" encoding="UTF-8"?>
<!-- Generated by org.testng.reporters.JUnitReportReporter -->
<testsuite skipped="0" hostname="DESKTOP-0FSTDRC" name="com.freshproposals.selenium.FontPropertiesInSection" tests="13" failures="0" timestamp="2020-02-26T12:37:36 IST" time="78.378" errors="0">
  <testcase name="login" time="5.748" classname="com.freshproposals.selenium.FontPropertiesInSection"/>
  <testcase name="FontPropertiesHeading1" time="7.996" classname="com.freshproposals.selenium.FontPropertiesInSection"/>
  <testcase name="Heading1PropertiesInPreview" time="6.521" classname="com.freshproposals.selenium.FontPropertiesInSection"/>
  <testcase name="FontPropertiesHeading2" time="5.837" classname="com.freshproposals.selenium.FontPropertiesInSection"/>
  <testcase name="FontPropertiesHeading2Preview" time="5.790" classname="com.freshproposals.selenium.FontPropertiesInSection"/>
  <testcase name="Heading3Properties" time="5.811" classname="com.freshproposals.selenium.FontPropertiesInSection"/>
  <testcase name="Heading3PropertiesInPreview" time="5.803" classname="com.freshproposals.selenium.FontPropertiesInSection"/>
  <testcase name="Heading4FontProperties" time="5.795" classname="com.freshproposals.selenium.FontPropertiesInSection"/>
  <testcase name="Heading4FontPropertiesInPreview" time="5.796" classname="com.freshproposals.selenium.FontPropertiesInSection"/>
  <testcase name="FontBodyProperties" time="5.798" classname="com.freshproposals.selenium.FontPropertiesInSection"/>
  <testcase name="FontBodyPropertiesInPreview" time="5.830" classname="com.freshproposals.selenium.FontPropertiesInSection"/>
  <testcase name="FontQuoteProperties" time="5.865" classname="com.freshproposals.selenium.FontPropertiesInSection"/>
  <testcase name="FontQuotePropertiesInPreview" time="5.788" classname="com.freshproposals.selenium.FontPropertiesInSection"/>
</testsuite> <!-- com.freshproposals.selenium.FontPropertiesInSection -->
