<?xml version="1.0" encoding="UTF-8"?>
<!-- Generated by org.testng.reporters.JUnitReportReporter -->
<testsuite skipped="0" hostname="DESKTOP-0FSTDRC" name="com.freshproposals.selenium.Signature_Proposal" tests="3" failures="0" timestamp="2020-03-30T17:41:18 IST" time="96.188" errors="0">
  <testcase name="login" time="0.662" classname="com.freshproposals.selenium.Signature_Proposal"/>
  <testcase name="open_Proposal" time="16.174" classname="com.freshproposals.selenium.Signature_Proposal"/>
  <testcase name="ExtendsMethods" time="79.352" classname="com.freshproposals.selenium.Signature_Proposal"/>
</testsuite> <!-- com.freshproposals.selenium.Signature_Proposal -->
