<?xml version="1.0" encoding="UTF-8"?>
<!-- Generated by org.testng.reporters.JUnitReportReporter -->
<testsuite skipped="3" hostname="DESKTOP-0FSTDRC" name="com.freshproposals.selenium.RectangleandLinepropertiesInSection" tests="5" failures="0" timestamp="2020-02-26T11:31:57 IST" time="60.915" errors="0">
  <testcase name="login" time="4.675" classname="com.freshproposals.selenium.RectangleandLinepropertiesInSection"/>
  <testcase name="BackgroundColorandGradient" time="56.240" classname="com.freshproposals.selenium.RectangleandLinepropertiesInSection"/>
  <testcase name="RectangleRotationandBorder" classname="com.freshproposals.selenium.RectangleandLinepropertiesInSection">
    <skipped/>
  </testcase> <!-- RectangleRotationandBorder -->
  <testcase name="ChangeRectangleWidthandHeight" classname="com.freshproposals.selenium.RectangleandLinepropertiesInSection">
    <skipped/>
  </testcase> <!-- ChangeRectangleWidthandHeight -->
  <testcase name="LineProperties" classname="com.freshproposals.selenium.RectangleandLinepropertiesInSection">
    <skipped/>
  </testcase> <!-- LineProperties -->
</testsuite> <!-- com.freshproposals.selenium.RectangleandLinepropertiesInSection -->
