<?xml version="1.0" encoding="UTF-8"?>
<!-- Generated by org.testng.reporters.JUnitReportReporter -->
<testsuite skipped="0" hostname="DESKTOP-0FSTDRC" name="com.freshproposals.selenium.Signature_DragDrop_Position" tests="6" failures="0" timestamp="2019-12-20T15:14:26 IST" time="43.475" errors="0">
  <testcase name="login" time="0.575" classname="com.freshproposals.selenium.Signature_DragDrop_Position"/>
  <testcase name="openExistTemplate" time="14.823" classname="com.freshproposals.selenium.Signature_DragDrop_Position"/>
  <testcase name="Get_Position" time="8.041" classname="com.freshproposals.selenium.Signature_DragDrop_Position"/>
  <testcase name="DragDrop" time="4.788" classname="com.freshproposals.selenium.Signature_DragDrop_Position"/>
  <testcase name="DragDrop_Get_Position" time="8.450" classname="com.freshproposals.selenium.Signature_DragDrop_Position"/>
  <testcase name="Reset" time="6.798" classname="com.freshproposals.selenium.Signature_DragDrop_Position"/>
</testsuite> <!-- com.freshproposals.selenium.Signature_DragDrop_Position -->
