<?xml version="1.0" encoding="UTF-8"?>
<!-- Generated by org.testng.reporters.JUnitReportReporter -->
<testsuite skipped="0" hostname="DESKTOP-0FSTDRC" name="com.freshproposals.selenium.Section_List_Template" tests="5" failures="0" timestamp="2019-12-23T10:52:32 IST" time="65.565" errors="0">
  <testcase name="login" time="0.739" classname="com.freshproposals.selenium.Section_List_Template"/>
  <testcase name="createtemplate" time="14.020" classname="com.freshproposals.selenium.Section_List_Template"/>
  <testcase name="rename" time="22.863" classname="com.freshproposals.selenium.Section_List_Template"/>
  <testcase name="copy" time="13.803" classname="com.freshproposals.selenium.Section_List_Template"/>
  <testcase name="delete" time="14.140" classname="com.freshproposals.selenium.Section_List_Template"/>
</testsuite> <!-- com.freshproposals.selenium.Section_List_Template -->
