<?xml version="1.0" encoding="UTF-8"?>
<!-- Generated by org.testng.reporters.JUnitReportReporter -->
<testsuite skipped="0" hostname="DESKTOP-0FSTDRC" name="com.freshproposals.selenium.Select_Search_Tab" tests="5" failures="0" timestamp="2019-11-18T19:23:41 IST" time="97.664" errors="0">
  <testcase name="login" time="0.636" classname="com.freshproposals.selenium.Select_Search_Tab"/>
  <testcase name="Select" time="26.620" classname="com.freshproposals.selenium.Select_Search_Tab"/>
  <testcase name="Search" time="11.496" classname="com.freshproposals.selenium.Select_Search_Tab"/>
  <testcase name="Tab" time="17.286" classname="com.freshproposals.selenium.Select_Search_Tab"/>
  <testcase name="Tab_change" time="41.626" classname="com.freshproposals.selenium.Select_Search_Tab"/>
</testsuite> <!-- com.freshproposals.selenium.Select_Search_Tab -->
