<?xml version="1.0" encoding="UTF-8"?>
<!-- Generated by org.testng.reporters.JUnitReportReporter -->
<testsuite skipped="0" hostname="DESKTOP-0FSTDRC" name="com.freshproposals.selenium.Select_Search_Tab" tests="5" failures="0" timestamp="2019-11-27T18:19:43 IST" time="101.641" errors="0">
  <testcase name="login" time="0.686" classname="com.freshproposals.selenium.Select_Search_Tab"/>
  <testcase name="Select" time="24.419" classname="com.freshproposals.selenium.Select_Search_Tab"/>
  <testcase name="Search" time="11.147" classname="com.freshproposals.selenium.Select_Search_Tab"/>
  <testcase name="Tab" time="24.912" classname="com.freshproposals.selenium.Select_Search_Tab"/>
  <testcase name="Tab_change" time="40.477" classname="com.freshproposals.selenium.Select_Search_Tab"/>
</testsuite> <!-- com.freshproposals.selenium.Select_Search_Tab -->
