<?xml version="1.0" encoding="UTF-8"?>
<!-- Generated by org.testng.reporters.JUnitReportReporter -->
<testsuite skipped="1" hostname="DESKTOP-0FSTDRC" name="com.freshproposals.selenium.Collapse_Controls" tests="14" failures="1" timestamp="2020-04-17T10:43:54 IST" time="32.584" errors="0">
  <testcase name="SetUnmPwd" time="0.732" classname="com.freshproposals.selenium.Collapse_Controls"/>
  <testcase name="grid" time="16.102" classname="com.freshproposals.selenium.Collapse_Controls"/>
  <testcase name="grid_100" time="0.126" classname="com.freshproposals.selenium.Collapse_Controls"/>
  <testcase name="grid150" time="2.384" classname="com.freshproposals.selenium.Collapse_Controls">
    <failure type="java.lang.AssertionError" message="did not expect to find [349.5] but found [349.0]">
      <![CDATA[java.lang.AssertionError: did not expect to find [349.5] but found [349.0]
at org.testng.Assert.fail(Assert.java:97)
at org.testng.Assert.failNotEquals(Assert.java:969)
at org.testng.Assert.assertEquals(Assert.java:640)
at org.testng.Assert.assertEquals(Assert.java:651)
at com.freshproposals.selenium.Collapse_Controls.grid150(Collapse_Controls.java:139)
at sun.reflect.NativeMethodAccessorImpl.invoke0(Native Method)
at sun.reflect.NativeMethodAccessorImpl.invoke(Unknown Source)
at sun.reflect.DelegatingMethodAccessorImpl.invoke(Unknown Source)
at java.lang.reflect.Method.invoke(Unknown Source)
at org.testng.internal.MethodInvocationHelper.invokeMethod(MethodInvocationHelper.java:133)
at org.testng.internal.TestInvoker.invokeMethod(TestInvoker.java:584)
at org.testng.internal.TestInvoker.invokeTestMethod(TestInvoker.java:172)
at org.testng.internal.MethodRunner.runInSequence(MethodRunner.java:46)
at org.testng.internal.TestInvoker$MethodInvocationAgent.invoke(TestInvoker.java:804)
at org.testng.internal.TestInvoker.invokeTestMethods(TestInvoker.java:145)
at org.testng.internal.TestMethodWorker.invokeTestMethods(TestMethodWorker.java:146)
at org.testng.internal.TestMethodWorker.run(TestMethodWorker.java:128)
at org.testng.TestRunner$$Lambda$45/2048834776.accept(Unknown Source)
at java.util.ArrayList.forEach(Unknown Source)
at org.testng.TestRunner.privateRun(TestRunner.java:770)
at org.testng.TestRunner.run(TestRunner.java:591)
at org.testng.SuiteRunner.runTest(SuiteRunner.java:402)
at org.testng.SuiteRunner.runSequentially(SuiteRunner.java:396)
at org.testng.SuiteRunner.privateRun(SuiteRunner.java:355)
at org.testng.SuiteRunner.run(SuiteRunner.java:304)
at org.testng.SuiteRunnerWorker.runSuite(SuiteRunnerWorker.java:53)
at org.testng.SuiteRunnerWorker.run(SuiteRunnerWorker.java:96)
at org.testng.TestNG.runSuitesSequentially(TestNG.java:1180)
at org.testng.TestNG.runSuitesLocally(TestNG.java:1102)
at org.testng.TestNG.runSuites(TestNG.java:1032)
at org.testng.TestNG.run(TestNG.java:1000)
at org.testng.remote.AbstractRemoteTestNG.run(AbstractRemoteTestNG.java:115)
at org.testng.remote.RemoteTestNG.initAndRun(RemoteTestNG.java:251)
at org.testng.remote.RemoteTestNG.main(RemoteTestNG.java:77)
]]>
    </failure>
  </testcase> <!-- grid150 -->
  <testcase name="grid140" time="1.485" classname="com.freshproposals.selenium.Collapse_Controls"/>
  <testcase name="grid130" time="1.395" classname="com.freshproposals.selenium.Collapse_Controls"/>
  <testcase name="grid120" time="1.427" classname="com.freshproposals.selenium.Collapse_Controls"/>
  <testcase name="grid110" time="1.435" classname="com.freshproposals.selenium.Collapse_Controls"/>
  <testcase name="Rgrid100" time="1.505" classname="com.freshproposals.selenium.Collapse_Controls"/>
  <testcase name="grid80" time="1.437" classname="com.freshproposals.selenium.Collapse_Controls"/>
  <testcase name="grid60" time="1.564" classname="com.freshproposals.selenium.Collapse_Controls"/>
  <testcase name="grid40" time="1.597" classname="com.freshproposals.selenium.Collapse_Controls"/>
  <testcase name="grid20" time="1.395" classname="com.freshproposals.selenium.Collapse_Controls"/>
  <testcase name="createtemplate" classname="com.freshproposals.selenium.Collapse_Controls">
    <skipped/>
  </testcase> <!-- createtemplate -->
</testsuite> <!-- com.freshproposals.selenium.Collapse_Controls -->
