<?xml version="1.0" encoding="UTF-8"?>
<!-- Generated by org.testng.reporters.JUnitReportReporter -->
<testsuite skipped="0" hostname="DESKTOP-0FSTDRC" name="com.freshproposals.selenium.Rectangle_Duplicate_Template" tests="13" failures="0" timestamp="2020-01-21T14:57:02 IST" time="37.833" errors="0">
  <testcase name="login" time="0.653" classname="com.freshproposals.selenium.Rectangle_Duplicate_Template"/>
  <testcase name="open_Template" time="6.084" classname="com.freshproposals.selenium.Rectangle_Duplicate_Template"/>
  <testcase name="height_width" time="3.595" classname="com.freshproposals.selenium.Rectangle_Duplicate_Template"/>
  <testcase name="assert_width_1" time="0.116" classname="com.freshproposals.selenium.Rectangle_Duplicate_Template"/>
  <testcase name="assert_height_1" time="0.085" classname="com.freshproposals.selenium.Rectangle_Duplicate_Template"/>
  <testcase name="duplicate" time="2.467" classname="com.freshproposals.selenium.Rectangle_Duplicate_Template"/>
  <testcase name="DragDrop" time="3.450" classname="com.freshproposals.selenium.Rectangle_Duplicate_Template"/>
  <testcase name="assert_width_2" time="0.099" classname="com.freshproposals.selenium.Rectangle_Duplicate_Template"/>
  <testcase name="assert_height_2" time="0.074" classname="com.freshproposals.selenium.Rectangle_Duplicate_Template"/>
  <testcase name="Save" time="7.192" classname="com.freshproposals.selenium.Rectangle_Duplicate_Template"/>
  <testcase name="clear" time="3.374" classname="com.freshproposals.selenium.Rectangle_Duplicate_Template"/>
  <testcase name="reset_sign_1" time="3.516" classname="com.freshproposals.selenium.Rectangle_Duplicate_Template"/>
  <testcase name="Save2" time="7.128" classname="com.freshproposals.selenium.Rectangle_Duplicate_Template"/>
</testsuite> <!-- com.freshproposals.selenium.Rectangle_Duplicate_Template -->
