<?xml version="1.0" encoding="UTF-8"?>
<!-- Generated by org.testng.reporters.JUnitReportReporter -->
<testsuite skipped="0" hostname="DESKTOP-0FSTDRC" name="myPackage.freshproposals" tests="8" failures="0" timestamp="2019-10-18T11:40:41 IST" time="43.032" errors="0">
  <testcase name="login" time="0.633" classname="myPackage.freshproposals"/>
  <testcase name="createTemplate" time="10.111" classname="myPackage.freshproposals"/>
  <testcase name="contentLibrary" time="7.399" classname="myPackage.freshproposals"/>
  <testcase name="generateProposal" time="8.247" classname="myPackage.freshproposals"/>
  <testcase name="client" time="3.286" classname="myPackage.freshproposals"/>
  <testcase name="scrollWindow" time="3.050" classname="myPackage.freshproposals"/>
  <testcase name="calender" time="3.578" classname="myPackage.freshproposals"/>
  <testcase name="copyLink" time="6.728" classname="myPackage.freshproposals"/>
</testsuite> <!-- myPackage.freshproposals -->
