<?xml version="1.0" encoding="UTF-8"?>
<!-- Generated by org.testng.reporters.JUnitReportReporter -->
<testsuite skipped="0" hostname="DESKTOP-0FSTDRC" name="com.freshproposals.selenium.SectionHeading3Properties" tests="7" failures="0" timestamp="2019-11-08T13:18:52 IST" time="17.051" errors="0">
  <testcase name="login" time="0.682" classname="com.freshproposals.selenium.SectionHeading3Properties"/>
  <testcase name="ReadtextFontsize" time="16.214" classname="com.freshproposals.selenium.SectionHeading3Properties"/>
  <testcase name="ReadFontColor" time="0.040" classname="com.freshproposals.selenium.SectionHeading3Properties"/>
  <testcase name="FontStyle" time="0.027" classname="com.freshproposals.selenium.SectionHeading3Properties"/>
  <testcase name="FontAlignment" time="0.027" classname="com.freshproposals.selenium.SectionHeading3Properties"/>
  <testcase name="Fontfamily" time="0.032" classname="com.freshproposals.selenium.SectionHeading3Properties"/>
  <testcase name="FontWeight" time="0.029" classname="com.freshproposals.selenium.SectionHeading3Properties"/>
</testsuite> <!-- com.freshproposals.selenium.SectionHeading3Properties -->
