<?xml version="1.0" encoding="UTF-8"?>
<!-- Generated by org.testng.reporters.JUnitReportReporter -->
<testsuite skipped="0" hostname="DESKTOP-0FSTDRC" name="com.freshproposals.selenium.Image_Duplicate_Proposal" tests="11" failures="0" timestamp="2020-01-20T17:06:06 IST" time="46.685" errors="0">
  <testcase name="login" time="0.663" classname="com.freshproposals.selenium.Image_Duplicate_Proposal"/>
  <testcase name="open_Template" time="8.794" classname="com.freshproposals.selenium.Image_Duplicate_Proposal"/>
  <testcase name="height_width" time="5.545" classname="com.freshproposals.selenium.Image_Duplicate_Proposal"/>
  <testcase name="assert_width_1" time="0.224" classname="com.freshproposals.selenium.Image_Duplicate_Proposal"/>
  <testcase name="duplicate" time="2.421" classname="com.freshproposals.selenium.Image_Duplicate_Proposal"/>
  <testcase name="DragDrop" time="3.456" classname="com.freshproposals.selenium.Image_Duplicate_Proposal"/>
  <testcase name="assert_width_2" time="0.120" classname="com.freshproposals.selenium.Image_Duplicate_Proposal"/>
  <testcase name="Save" time="7.470" classname="com.freshproposals.selenium.Image_Duplicate_Proposal"/>
  <testcase name="clear" time="7.435" classname="com.freshproposals.selenium.Image_Duplicate_Proposal"/>
  <testcase name="reset_sign_1" time="3.473" classname="com.freshproposals.selenium.Image_Duplicate_Proposal"/>
  <testcase name="Save2" time="7.084" classname="com.freshproposals.selenium.Image_Duplicate_Proposal"/>
</testsuite> <!-- com.freshproposals.selenium.Image_Duplicate_Proposal -->
