<?xml version="1.0" encoding="UTF-8"?>
<!-- Generated by org.testng.reporters.JUnitReportReporter -->
<testsuite skipped="0" hostname="DESKTOP-0FSTDRC" name="com.freshproposals.selenium.Image_Section" tests="20" failures="0" timestamp="2020-02-27T12:21:36 IST" time="84.873" errors="0">
  <testcase name="login" time="0.814" classname="com.freshproposals.selenium.Image_Section"/>
  <testcase name="openExistTemplate" time="5.711" classname="com.freshproposals.selenium.Image_Section"/>
  <testcase name="width" time="7.648" classname="com.freshproposals.selenium.Image_Section"/>
  <testcase name="Save_width" time="13.565" classname="com.freshproposals.selenium.Image_Section"/>
  <testcase name="reflect_width" time="0.193" classname="com.freshproposals.selenium.Image_Section"/>
  <testcase name="Reset_width" time="4.244" classname="com.freshproposals.selenium.Image_Section"/>
  <testcase name="rotate" time="3.309" classname="com.freshproposals.selenium.Image_Section"/>
  <testcase name="corner" time="1.455" classname="com.freshproposals.selenium.Image_Section"/>
  <testcase name="border_width" time="2.322" classname="com.freshproposals.selenium.Image_Section"/>
  <testcase name="border_style" time="1.336" classname="com.freshproposals.selenium.Image_Section"/>
  <testcase name="padding_top" time="2.392" classname="com.freshproposals.selenium.Image_Section"/>
  <testcase name="padding_left" time="1.203" classname="com.freshproposals.selenium.Image_Section"/>
  <testcase name="padding_bottom" time="1.177" classname="com.freshproposals.selenium.Image_Section"/>
  <testcase name="padding_right" time="0.196" classname="com.freshproposals.selenium.Image_Section"/>
  <testcase name="greyscale" time="3.439" classname="com.freshproposals.selenium.Image_Section"/>
  <testcase name="save" time="8.781" classname="com.freshproposals.selenium.Image_Section"/>
  <testcase name="reflect_border_width" time="5.221" classname="com.freshproposals.selenium.Image_Section"/>
  <testcase name="reflect_border_style" time="5.081" classname="com.freshproposals.selenium.Image_Section"/>
  <testcase name="reflect_padding" time="5.221" classname="com.freshproposals.selenium.Image_Section"/>
  <testcase name="Reset_All" time="11.565" classname="com.freshproposals.selenium.Image_Section"/>
</testsuite> <!-- com.freshproposals.selenium.Image_Section -->
