<?xml version="1.0" encoding="UTF-8"?>
<!-- Generated by org.testng.reporters.JUnitReportReporter -->
<testsuite skipped="0" hostname="DESKTOP-0FSTDRC" name="com.freshproposals.selenium.Existing_Template" tests="19" failures="0" timestamp="2019-12-18T15:49:49 IST" time="93.120" errors="0">
  <testcase name="login" time="0.599" classname="com.freshproposals.selenium.Existing_Template"/>
  <testcase name="openExistTemplate" time="13.202" classname="com.freshproposals.selenium.Existing_Template"/>
  <testcase name="width" time="2.370" classname="com.freshproposals.selenium.Existing_Template"/>
  <testcase name="height" time="2.307" classname="com.freshproposals.selenium.Existing_Template"/>
  <testcase name="Save_height_width" time="7.382" classname="com.freshproposals.selenium.Existing_Template"/>
  <testcase name="reflect_width" time="0.995" classname="com.freshproposals.selenium.Existing_Template"/>
  <testcase name="reflect_height" time="0.108" classname="com.freshproposals.selenium.Existing_Template"/>
  <testcase name="Reset_height_width" time="4.610" classname="com.freshproposals.selenium.Existing_Template"/>
  <testcase name="rotate" time="2.300" classname="com.freshproposals.selenium.Existing_Template"/>
  <testcase name="color" time="4.946" classname="com.freshproposals.selenium.Existing_Template"/>
  <testcase name="opacity" time="2.429" classname="com.freshproposals.selenium.Existing_Template"/>
  <testcase name="border_Width" time="2.371" classname="com.freshproposals.selenium.Existing_Template"/>
  <testcase name="border_Style" time="1.216" classname="com.freshproposals.selenium.Existing_Template"/>
  <testcase name="padding" time="4.991" classname="com.freshproposals.selenium.Existing_Template"/>
  <testcase name="save" time="7.163" classname="com.freshproposals.selenium.Existing_Template"/>
  <testcase name="reflect_border_width" time="6.036" classname="com.freshproposals.selenium.Existing_Template"/>
  <testcase name="reflect_border_style" time="5.238" classname="com.freshproposals.selenium.Existing_Template"/>
  <testcase name="reflect_padding" time="5.202" classname="com.freshproposals.selenium.Existing_Template"/>
  <testcase name="Reset_All" time="19.655" classname="com.freshproposals.selenium.Existing_Template"/>
</testsuite> <!-- com.freshproposals.selenium.Existing_Template -->
