<?xml version="1.0" encoding="UTF-8"?>
<!-- Generated by org.testng.reporters.JUnitReportReporter -->
<testsuite skipped="0" hostname="DESKTOP-0FSTDRC" name="com.freshproposals.selenium.Image_Duplicate_Proposal" tests="11" failures="0" timestamp="2020-01-21T17:17:58 IST" time="46.880" errors="0">
  <testcase name="login" time="0.672" classname="com.freshproposals.selenium.Image_Duplicate_Proposal"/>
  <testcase name="open_Template" time="8.713" classname="com.freshproposals.selenium.Image_Duplicate_Proposal"/>
  <testcase name="height_width" time="5.601" classname="com.freshproposals.selenium.Image_Duplicate_Proposal"/>
  <testcase name="assert_width_1" time="0.188" classname="com.freshproposals.selenium.Image_Duplicate_Proposal"/>
  <testcase name="duplicate" time="2.534" classname="com.freshproposals.selenium.Image_Duplicate_Proposal"/>
  <testcase name="DragDrop" time="3.432" classname="com.freshproposals.selenium.Image_Duplicate_Proposal"/>
  <testcase name="assert_width_2" time="0.134" classname="com.freshproposals.selenium.Image_Duplicate_Proposal"/>
  <testcase name="Save" time="7.420" classname="com.freshproposals.selenium.Image_Duplicate_Proposal"/>
  <testcase name="clear" time="7.453" classname="com.freshproposals.selenium.Image_Duplicate_Proposal"/>
  <testcase name="reset_sign_1" time="3.499" classname="com.freshproposals.selenium.Image_Duplicate_Proposal"/>
  <testcase name="Save2" time="7.234" classname="com.freshproposals.selenium.Image_Duplicate_Proposal"/>
</testsuite> <!-- com.freshproposals.selenium.Image_Duplicate_Proposal -->
