<?xml version="1.0" encoding="UTF-8"?>
<!-- Generated by org.testng.reporters.JUnitReportReporter -->
<testsuite skipped="0" hostname="DESKTOP-0FSTDRC" name="com.freshproposals.selenium.ExistingVariable" tests="2" failures="0" timestamp="2020-03-20T14:55:54 IST" time="57.980" errors="0">
  <testcase name="login" time="0.700" classname="com.freshproposals.selenium.ExistingVariable"/>
  <testcase name="verifyVeriable" time="57.280" classname="com.freshproposals.selenium.ExistingVariable"/>
</testsuite> <!-- com.freshproposals.selenium.ExistingVariable -->
