<?xml version="1.0" encoding="UTF-8"?>
<!-- Generated by org.testng.reporters.JUnitReportReporter -->
<testsuite skipped="0" hostname="DESKTOP-0FSTDRC" name="com.freshproposals.selenium.TextBox_Duplicate_Section" tests="9" failures="0" timestamp="2020-01-21T15:26:24 IST" time="40.651" errors="0">
  <testcase name="login" time="0.747" classname="com.freshproposals.selenium.TextBox_Duplicate_Section"/>
  <testcase name="open_Template" time="5.726" classname="com.freshproposals.selenium.TextBox_Duplicate_Section"/>
  <testcase name="write" time="6.125" classname="com.freshproposals.selenium.TextBox_Duplicate_Section"/>
  <testcase name="duplicate" time="2.416" classname="com.freshproposals.selenium.TextBox_Duplicate_Section"/>
  <testcase name="DragDrop" time="3.493" classname="com.freshproposals.selenium.TextBox_Duplicate_Section"/>
  <testcase name="Save" time="8.053" classname="com.freshproposals.selenium.TextBox_Duplicate_Section"/>
  <testcase name="clear" time="5.879" classname="com.freshproposals.selenium.TextBox_Duplicate_Section"/>
  <testcase name="before_save_result" time="1.006" classname="com.freshproposals.selenium.TextBox_Duplicate_Section"/>
  <testcase name="Save2" time="7.206" classname="com.freshproposals.selenium.TextBox_Duplicate_Section"/>
</testsuite> <!-- com.freshproposals.selenium.TextBox_Duplicate_Section -->
