<?xml version="1.0" encoding="UTF-8"?>
<!-- Generated by org.testng.reporters.JUnitReportReporter -->
<testsuite skipped="0" hostname="DESKTOP-0FSTDRC" name="com.freshproposals.selenium.SectionHeading2Properties" tests="7" failures="0" timestamp="2019-11-08T13:15:44 IST" time="17.110" errors="0">
  <testcase name="login" time="0.671" classname="com.freshproposals.selenium.SectionHeading2Properties"/>
  <testcase name="ReadtextFontsize" time="16.221" classname="com.freshproposals.selenium.SectionHeading2Properties"/>
  <testcase name="ReadFontColor" time="0.068" classname="com.freshproposals.selenium.SectionHeading2Properties"/>
  <testcase name="FontStyle" time="0.055" classname="com.freshproposals.selenium.SectionHeading2Properties"/>
  <testcase name="FontAlignment" time="0.031" classname="com.freshproposals.selenium.SectionHeading2Properties"/>
  <testcase name="Fontfamily" time="0.037" classname="com.freshproposals.selenium.SectionHeading2Properties"/>
  <testcase name="FontWeight" time="0.027" classname="com.freshproposals.selenium.SectionHeading2Properties"/>
</testsuite> <!-- com.freshproposals.selenium.SectionHeading2Properties -->
