<?xml version="1.0" encoding="UTF-8"?>
<!-- Generated by org.testng.reporters.JUnitReportReporter -->
<testsuite skipped="0" hostname="DESKTOP-0FSTDRC" name="com.freshproposals.selenium.FontPropertiesInProposal" tests="13" failures="0" timestamp="2020-02-26T12:35:48 IST" time="80.657" errors="0">
  <testcase name="login" time="5.589" classname="com.freshproposals.selenium.FontPropertiesInProposal"/>
  <testcase name="FontPropertiesHeading1" time="9.400" classname="com.freshproposals.selenium.FontPropertiesInProposal"/>
  <testcase name="Heading1PropertiesInPreview" time="6.539" classname="com.freshproposals.selenium.FontPropertiesInProposal"/>
  <testcase name="FontPropertiesHeading2" time="5.928" classname="com.freshproposals.selenium.FontPropertiesInProposal"/>
  <testcase name="FontPropertiesHeading2Preview" time="5.825" classname="com.freshproposals.selenium.FontPropertiesInProposal"/>
  <testcase name="Heading3Properties" time="5.941" classname="com.freshproposals.selenium.FontPropertiesInProposal"/>
  <testcase name="Heading3PropertiesInPreview" time="5.776" classname="com.freshproposals.selenium.FontPropertiesInProposal"/>
  <testcase name="Heading4FontProperties" time="6.236" classname="com.freshproposals.selenium.FontPropertiesInProposal"/>
  <testcase name="Heading4FontPropertiesInPreview" time="5.834" classname="com.freshproposals.selenium.FontPropertiesInProposal"/>
  <testcase name="FontBodyProperties" time="5.906" classname="com.freshproposals.selenium.FontPropertiesInProposal"/>
  <testcase name="FontBodyPropertiesInPreview" time="5.950" classname="com.freshproposals.selenium.FontPropertiesInProposal"/>
  <testcase name="FontQuoteProperties" time="5.979" classname="com.freshproposals.selenium.FontPropertiesInProposal"/>
  <testcase name="FontQuotePropertiesInPreview" time="5.754" classname="com.freshproposals.selenium.FontPropertiesInProposal"/>
</testsuite> <!-- com.freshproposals.selenium.FontPropertiesInProposal -->
