<?xml version="1.0" encoding="UTF-8"?>
<!-- Generated by org.testng.reporters.JUnitReportReporter -->
<testsuite skipped="0" hostname="DESKTOP-0FSTDRC" name="com.freshproposals.selenium.Signature_Proposal" tests="3" failures="0" timestamp="2020-04-10T19:13:22 IST" time="98.510" errors="0">
  <testcase name="SetUnmPwd" time="0.540" classname="com.freshproposals.selenium.Signature_Proposal"/>
  <testcase name="open_Proposal" time="14.103" classname="com.freshproposals.selenium.Signature_Proposal"/>
  <testcase name="ExtendsMethods" time="83.867" classname="com.freshproposals.selenium.Signature_Proposal"/>
</testsuite> <!-- com.freshproposals.selenium.Signature_Proposal -->
