<?xml version="1.0" encoding="UTF-8"?>
<!-- Generated by org.testng.reporters.JUnitReportReporter -->
<testsuite skipped="0" hostname="DESKTOP-0FSTDRC" name="com.freshproposals.selenium.SectionHeading1Properties" tests="7" failures="0" timestamp="2019-11-08T13:09:49 IST" time="9.624" errors="0">
  <testcase name="login" time="0.562" classname="com.freshproposals.selenium.SectionHeading1Properties"/>
  <testcase name="ReadtextFontsize" time="8.843" classname="com.freshproposals.selenium.SectionHeading1Properties"/>
  <testcase name="ReadFontColor" time="0.054" classname="com.freshproposals.selenium.SectionHeading1Properties"/>
  <testcase name="FontStyle" time="0.040" classname="com.freshproposals.selenium.SectionHeading1Properties"/>
  <testcase name="FontAlignment" time="0.041" classname="com.freshproposals.selenium.SectionHeading1Properties"/>
  <testcase name="Fontfamily" time="0.044" classname="com.freshproposals.selenium.SectionHeading1Properties"/>
  <testcase name="FontWeight" time="0.040" classname="com.freshproposals.selenium.SectionHeading1Properties"/>
</testsuite> <!-- com.freshproposals.selenium.SectionHeading1Properties -->
