<?xml version="1.0" encoding="UTF-8"?>
<!-- Generated by org.testng.reporters.JUnitReportReporter -->
<testsuite skipped="0" hostname="DESKTOP-0FSTDRC" name="com.freshproposals.selenium.Check_Versions" tests="5" failures="0" timestamp="2019-12-11T18:02:38 IST" time="82.392" errors="0">
  <testcase name="login" time="0.751" classname="com.freshproposals.selenium.Check_Versions"/>
  <testcase name="createtemplate" time="17.731" classname="com.freshproposals.selenium.Check_Versions"/>
  <testcase name="TemplateVersion" time="21.796" classname="com.freshproposals.selenium.Check_Versions"/>
  <testcase name="createproposal" time="21.094" classname="com.freshproposals.selenium.Check_Versions"/>
  <testcase name="ProposalVersion" time="21.020" classname="com.freshproposals.selenium.Check_Versions"/>
</testsuite> <!-- com.freshproposals.selenium.Check_Versions -->
