<?xml version="1.0" encoding="UTF-8"?>
<!-- Generated by org.testng.reporters.JUnitReportReporter -->
<testsuite skipped="0" hostname="DESKTOP-0FSTDRC" name="com.freshproposals.selenium.UseThis_Checkversions" tests="3" failures="0" timestamp="2019-12-12T12:48:34 IST" time="69.120" errors="0">
  <testcase name="login" time="0.775" classname="com.freshproposals.selenium.UseThis_Checkversions"/>
  <testcase name="UseThisProp" time="29.568" classname="com.freshproposals.selenium.UseThis_Checkversions"/>
  <testcase name="UseThisTemp" time="38.777" classname="com.freshproposals.selenium.UseThis_Checkversions"/>
</testsuite> <!-- com.freshproposals.selenium.UseThis_Checkversions -->
