<?xml version="1.0" encoding="UTF-8"?>
<!-- Generated by org.testng.reporters.JUnitReportReporter -->
<testsuite skipped="0" hostname="DESKTOP-0FSTDRC" name="com.freshproposals.selenium.Image_Duplicate_Template" tests="11" failures="0" timestamp="2019-12-26T15:22:35 IST" time="42.838" errors="0">
  <testcase name="login" time="0.718" classname="com.freshproposals.selenium.Image_Duplicate_Template"/>
  <testcase name="open_Template" time="9.312" classname="com.freshproposals.selenium.Image_Duplicate_Template"/>
  <testcase name="height_width" time="5.488" classname="com.freshproposals.selenium.Image_Duplicate_Template"/>
  <testcase name="assert_width_1" time="0.137" classname="com.freshproposals.selenium.Image_Duplicate_Template"/>
  <testcase name="duplicate" time="2.425" classname="com.freshproposals.selenium.Image_Duplicate_Template"/>
  <testcase name="DragDrop" time="3.449" classname="com.freshproposals.selenium.Image_Duplicate_Template"/>
  <testcase name="assert_width_2" time="0.094" classname="com.freshproposals.selenium.Image_Duplicate_Template"/>
  <testcase name="Save" time="7.449" classname="com.freshproposals.selenium.Image_Duplicate_Template"/>
  <testcase name="clear" time="3.361" classname="com.freshproposals.selenium.Image_Duplicate_Template"/>
  <testcase name="reset_sign_1" time="3.446" classname="com.freshproposals.selenium.Image_Duplicate_Template"/>
  <testcase name="Save2" time="6.959" classname="com.freshproposals.selenium.Image_Duplicate_Template"/>
</testsuite> <!-- com.freshproposals.selenium.Image_Duplicate_Template -->
