<?xml version="1.0" encoding="UTF-8"?>
<!-- Generated by org.testng.reporters.JUnitReportReporter -->
<testsuite skipped="3" hostname="DESKTOP-0FSTDRC" name="com.freshproposals.selenium.TextBox_Top_Properties2" tests="60" failures="0" timestamp="2019-12-19T18:14:45 IST" time="324.552" errors="0">
  <testcase name="login" time="0.719" classname="com.freshproposals.selenium.TextBox_Top_Properties2"/>
  <testcase name="url" time="8.560" classname="com.freshproposals.selenium.TextBox_Top_Properties2"/>
  <testcase name="click_reflect_h1" time="6.565" classname="com.freshproposals.selenium.TextBox_Top_Properties2"/>
  <testcase name="click_reflect_h2" time="3.708" classname="com.freshproposals.selenium.TextBox_Top_Properties2"/>
  <testcase name="click_reflect_h3" time="3.732" classname="com.freshproposals.selenium.TextBox_Top_Properties2"/>
  <testcase name="click_reflect_h4" time="3.658" classname="com.freshproposals.selenium.TextBox_Top_Properties2"/>
  <testcase name="click_reflect_body" time="3.593" classname="com.freshproposals.selenium.TextBox_Top_Properties2"/>
  <testcase name="click_reflect_quote" time="3.618" classname="com.freshproposals.selenium.TextBox_Top_Properties2"/>
  <testcase name="Save_paragraph_style" time="7.440" classname="com.freshproposals.selenium.TextBox_Top_Properties2"/>
  <testcase name="delete_all" time="2.347" classname="com.freshproposals.selenium.TextBox_Top_Properties2"/>
  <testcase name="click_reflect_default" time="7.565" classname="com.freshproposals.selenium.TextBox_Top_Properties2"/>
  <testcase name="click_reflect_single" time="4.983" classname="com.freshproposals.selenium.TextBox_Top_Properties2"/>
  <testcase name="click_reflect_1point15" time="4.933" classname="com.freshproposals.selenium.TextBox_Top_Properties2"/>
  <testcase name="click_reflect_1point5" time="5.211" classname="com.freshproposals.selenium.TextBox_Top_Properties2"/>
  <testcase name="click_reflect_double" time="4.973" classname="com.freshproposals.selenium.TextBox_Top_Properties2"/>
  <testcase name="Save_line_height" time="7.227" classname="com.freshproposals.selenium.TextBox_Top_Properties2"/>
  <testcase name="delete_all_2" time="2.060" classname="com.freshproposals.selenium.TextBox_Top_Properties2"/>
  <testcase name="align_left" time="7.523" classname="com.freshproposals.selenium.TextBox_Top_Properties2"/>
  <testcase name="align_center" time="4.900" classname="com.freshproposals.selenium.TextBox_Top_Properties2"/>
  <testcase name="align_right" time="4.863" classname="com.freshproposals.selenium.TextBox_Top_Properties2"/>
  <testcase name="align_justify" time="4.860" classname="com.freshproposals.selenium.TextBox_Top_Properties2"/>
  <testcase name="Save_align" time="7.324" classname="com.freshproposals.selenium.TextBox_Top_Properties2"/>
  <testcase name="delete_all_3" time="2.367" classname="com.freshproposals.selenium.TextBox_Top_Properties2"/>
  <testcase name="orderList_default" time="10.645" classname="com.freshproposals.selenium.TextBox_Top_Properties2"/>
  <testcase name="Save_ol1" time="7.056" classname="com.freshproposals.selenium.TextBox_Top_Properties2"/>
  <testcase name="delete_all_4" time="2.148" classname="com.freshproposals.selenium.TextBox_Top_Properties2"/>
  <testcase name="orderlist_lower_alpha" time="10.509" classname="com.freshproposals.selenium.TextBox_Top_Properties2"/>
  <testcase name="Save_ol2" time="7.136" classname="com.freshproposals.selenium.TextBox_Top_Properties2"/>
  <testcase name="delete_all_5" time="2.200" classname="com.freshproposals.selenium.TextBox_Top_Properties2"/>
  <testcase name="orderlist_lower_greek" time="10.595" classname="com.freshproposals.selenium.TextBox_Top_Properties2"/>
  <testcase name="Save_ol3" time="7.190" classname="com.freshproposals.selenium.TextBox_Top_Properties2"/>
  <testcase name="delete_all_6" time="2.291" classname="com.freshproposals.selenium.TextBox_Top_Properties2"/>
  <testcase name="orderlist_lower_roman" time="10.007" classname="com.freshproposals.selenium.TextBox_Top_Properties2"/>
  <testcase name="Save_ol4" time="7.142" classname="com.freshproposals.selenium.TextBox_Top_Properties2"/>
  <testcase name="delete_all_7" time="2.199" classname="com.freshproposals.selenium.TextBox_Top_Properties2"/>
  <testcase name="orderlist_upper_alpha" time="9.676" classname="com.freshproposals.selenium.TextBox_Top_Properties2"/>
  <testcase name="Save_ol5" time="7.153" classname="com.freshproposals.selenium.TextBox_Top_Properties2"/>
  <testcase name="delete_all_8" time="2.032" classname="com.freshproposals.selenium.TextBox_Top_Properties2"/>
  <testcase name="orderlist_upper_roman" time="8.689" classname="com.freshproposals.selenium.TextBox_Top_Properties2"/>
  <testcase name="Save_ol6" time="7.070" classname="com.freshproposals.selenium.TextBox_Top_Properties2"/>
  <testcase name="delete_all_9" time="1.924" classname="com.freshproposals.selenium.TextBox_Top_Properties2"/>
  <testcase name="unorderlist_default" time="9.907" classname="com.freshproposals.selenium.TextBox_Top_Properties2"/>
  <testcase name="Save_ul1" time="7.163" classname="com.freshproposals.selenium.TextBox_Top_Properties2"/>
  <testcase name="delete_all_10" time="2.042" classname="com.freshproposals.selenium.TextBox_Top_Properties2"/>
  <testcase name="unorderlist_circle" time="9.788" classname="com.freshproposals.selenium.TextBox_Top_Properties2"/>
  <testcase name="Save_ul2" time="7.125" classname="com.freshproposals.selenium.TextBox_Top_Properties2"/>
  <testcase name="delete_all_11" time="2.067" classname="com.freshproposals.selenium.TextBox_Top_Properties2"/>
  <testcase name="unorderlist_disc" time="9.792" classname="com.freshproposals.selenium.TextBox_Top_Properties2"/>
  <testcase name="Save_ul3" time="7.305" classname="com.freshproposals.selenium.TextBox_Top_Properties2"/>
  <testcase name="delete_all_12" time="1.987" classname="com.freshproposals.selenium.TextBox_Top_Properties2"/>
  <testcase name="unorderlist_square" time="9.678" classname="com.freshproposals.selenium.TextBox_Top_Properties2"/>
  <testcase name="Save_ul4" time="7.203" classname="com.freshproposals.selenium.TextBox_Top_Properties2"/>
  <testcase name="delete_all_13" time="1.975" classname="com.freshproposals.selenium.TextBox_Top_Properties2"/>
  <testcase name="insert_link" time="3.824" classname="com.freshproposals.selenium.TextBox_Top_Properties2"/>
  <testcase name="Save_link" time="7.208" classname="com.freshproposals.selenium.TextBox_Top_Properties2"/>
  <testcase name="delete_all_14" time="2.033" classname="com.freshproposals.selenium.TextBox_Top_Properties2"/>
  <testcase name="Save_final" time="7.064" classname="com.freshproposals.selenium.TextBox_Top_Properties2"/>
  <testcase name="linkStyle" classname="com.freshproposals.selenium.TextBox_Top_Properties2">
    <skipped/>
  </testcase> <!-- linkStyle -->
  <testcase name="bold" classname="com.freshproposals.selenium.TextBox_Top_Properties2">
    <skipped/>
  </testcase> <!-- bold -->
  <testcase name="Save_link_update" classname="com.freshproposals.selenium.TextBox_Top_Properties2">
    <skipped/>
  </testcase> <!-- Save_link_update -->
</testsuite> <!-- com.freshproposals.selenium.TextBox_Top_Properties2 -->
