<?xml version="1.0" encoding="UTF-8"?>
<!-- Generated by org.testng.reporters.JUnitReportReporter -->
<testsuite skipped="0" hostname="DESKTOP-0FSTDRC" name="com.freshproposals.selenium.Ellipse_Duplicate_Template" tests="13" failures="0" timestamp="2019-12-27T12:18:28 IST" time="40.537" errors="0">
  <testcase name="login" time="0.597" classname="com.freshproposals.selenium.Ellipse_Duplicate_Template"/>
  <testcase name="open_Template" time="7.040" classname="com.freshproposals.selenium.Ellipse_Duplicate_Template"/>
  <testcase name="height_width" time="3.527" classname="com.freshproposals.selenium.Ellipse_Duplicate_Template"/>
  <testcase name="assert_width_1" time="0.112" classname="com.freshproposals.selenium.Ellipse_Duplicate_Template"/>
  <testcase name="assert_height_1" time="0.089" classname="com.freshproposals.selenium.Ellipse_Duplicate_Template"/>
  <testcase name="duplicate" time="2.295" classname="com.freshproposals.selenium.Ellipse_Duplicate_Template"/>
  <testcase name="DragDrop" time="3.464" classname="com.freshproposals.selenium.Ellipse_Duplicate_Template"/>
  <testcase name="assert_width_2" time="0.103" classname="com.freshproposals.selenium.Ellipse_Duplicate_Template"/>
  <testcase name="assert_height_2" time="0.074" classname="com.freshproposals.selenium.Ellipse_Duplicate_Template"/>
  <testcase name="Save" time="9.353" classname="com.freshproposals.selenium.Ellipse_Duplicate_Template"/>
  <testcase name="clear" time="3.406" classname="com.freshproposals.selenium.Ellipse_Duplicate_Template"/>
  <testcase name="reset_sign_1" time="3.438" classname="com.freshproposals.selenium.Ellipse_Duplicate_Template"/>
  <testcase name="Save2" time="7.039" classname="com.freshproposals.selenium.Ellipse_Duplicate_Template"/>
</testsuite> <!-- com.freshproposals.selenium.Ellipse_Duplicate_Template -->
