<?xml version="1.0" encoding="UTF-8"?>
<!-- Generated by org.testng.reporters.JUnitReportReporter -->
<testsuite skipped="0" hostname="DESKTOP-0FSTDRC" name="com.freshproposals.selenium.Existing_Template" tests="17" failures="0" timestamp="2019-11-26T18:57:30 IST" time="93.611" errors="0">
  <testcase name="login" time="0.595" classname="com.freshproposals.selenium.Existing_Template"/>
  <testcase name="openExistTemplate" time="27.393" classname="com.freshproposals.selenium.Existing_Template"/>
  <testcase name="verify_name" time="3.467" classname="com.freshproposals.selenium.Existing_Template"/>
  <testcase name="width" time="2.340" classname="com.freshproposals.selenium.Existing_Template"/>
  <testcase name="height" time="2.336" classname="com.freshproposals.selenium.Existing_Template"/>
  <testcase name="rotate" time="2.259" classname="com.freshproposals.selenium.Existing_Template"/>
  <testcase name="color" time="4.979" classname="com.freshproposals.selenium.Existing_Template"/>
  <testcase name="opacity" time="2.497" classname="com.freshproposals.selenium.Existing_Template"/>
  <testcase name="border_Width" time="2.425" classname="com.freshproposals.selenium.Existing_Template"/>
  <testcase name="border_Style" time="1.287" classname="com.freshproposals.selenium.Existing_Template"/>
  <testcase name="padding" time="4.856" classname="com.freshproposals.selenium.Existing_Template"/>
  <testcase name="paragraphStyle" time="3.635" classname="com.freshproposals.selenium.Existing_Template"/>
  <testcase name="setting" time="19.967" classname="com.freshproposals.selenium.Existing_Template"/>
  <testcase name="font_Size" time="4.308" classname="com.freshproposals.selenium.Existing_Template"/>
  <testcase name="BIU" time="2.321" classname="com.freshproposals.selenium.Existing_Template"/>
  <testcase name="align" time="8.484" classname="com.freshproposals.selenium.Existing_Template"/>
  <testcase name="write" time="0.462" classname="com.freshproposals.selenium.Existing_Template"/>
</testsuite> <!-- com.freshproposals.selenium.Existing_Template -->
