<?xml version="1.0" encoding="UTF-8"?>
<!-- Generated by org.testng.reporters.JUnitReportReporter -->
<testsuite skipped="0" hostname="DESKTOP-0FSTDRC" name="com.freshproposals.selenium.F2B2" tests="5" failures="0" timestamp="2019-11-12T18:57:38 IST" time="33.231" errors="0">
  <testcase name="login" time="0.637" classname="com.freshproposals.selenium.F2B2"/>
  <testcase name="Backward" time="21.250" classname="com.freshproposals.selenium.F2B2"/>
  <testcase name="Back" time="3.797" classname="com.freshproposals.selenium.F2B2"/>
  <testcase name="Front" time="3.794" classname="com.freshproposals.selenium.F2B2"/>
  <testcase name="Forward" time="3.753" classname="com.freshproposals.selenium.F2B2"/>
</testsuite> <!-- com.freshproposals.selenium.F2B2 -->
