<?xml version="1.0" encoding="UTF-8"?>
<!-- Generated by org.testng.reporters.JUnitReportReporter -->
<testsuite skipped="0" hostname="DESKTOP-0FSTDRC" name="com.freshproposals.selenium.SectionBodyProperties" tests="7" failures="0" timestamp="2019-12-11T14:18:45 IST" time="7.776" errors="0">
  <testcase name="login" time="0.582" classname="com.freshproposals.selenium.SectionBodyProperties"/>
  <testcase name="ReadtextFontsize" time="6.983" classname="com.freshproposals.selenium.SectionBodyProperties"/>
  <testcase name="ReadFontColor" time="0.091" classname="com.freshproposals.selenium.SectionBodyProperties"/>
  <testcase name="FontStyle" time="0.030" classname="com.freshproposals.selenium.SectionBodyProperties"/>
  <testcase name="FontAlignment" time="0.029" classname="com.freshproposals.selenium.SectionBodyProperties"/>
  <testcase name="Fontfamily" time="0.033" classname="com.freshproposals.selenium.SectionBodyProperties"/>
  <testcase name="FontWeight" time="0.028" classname="com.freshproposals.selenium.SectionBodyProperties"/>
</testsuite> <!-- com.freshproposals.selenium.SectionBodyProperties -->
