<?xml version="1.0" encoding="UTF-8"?>
<!-- Generated by org.testng.reporters.JUnitReportReporter -->
<testsuite skipped="0" hostname="DESKTOP-0FSTDRC" name="com.freshproposals.selenium.F2B2_Multiple" tests="5" failures="0" timestamp="2019-11-08T15:08:18 IST" time="29.647" errors="0">
  <testcase name="login" time="0.625" classname="com.freshproposals.selenium.F2B2_Multiple"/>
  <testcase name="Backward" time="16.244" classname="com.freshproposals.selenium.F2B2_Multiple"/>
  <testcase name="Back" time="3.352" classname="com.freshproposals.selenium.F2B2_Multiple"/>
  <testcase name="Forward" time="5.803" classname="com.freshproposals.selenium.F2B2_Multiple"/>
  <testcase name="Front" time="3.623" classname="com.freshproposals.selenium.F2B2_Multiple"/>
</testsuite> <!-- com.freshproposals.selenium.F2B2_Multiple -->
