<?xml version="1.0" encoding="UTF-8"?>
<!-- Generated by org.testng.reporters.JUnitReportReporter -->
<testsuite skipped="0" hostname="DESKTOP-0FSTDRC" name="com.freshproposals.selenium.Send_Proposal_Temp" tests="8" failures="0" timestamp="2020-01-29T19:22:29 IST" time="76.222" errors="0">
  <testcase name="login" time="0.637" classname="com.freshproposals.selenium.Send_Proposal_Temp"/>
  <testcase name="createTemplate" time="19.299" classname="com.freshproposals.selenium.Send_Proposal_Temp"/>
  <testcase name="contentLibrary" time="15.379" classname="com.freshproposals.selenium.Send_Proposal_Temp"/>
  <testcase name="generateProposal" time="8.444" classname="com.freshproposals.selenium.Send_Proposal_Temp"/>
  <testcase name="client" time="8.269" classname="com.freshproposals.selenium.Send_Proposal_Temp"/>
  <testcase name="scrollWindow" time="3.099" classname="com.freshproposals.selenium.Send_Proposal_Temp"/>
  <testcase name="calender" time="10.282" classname="com.freshproposals.selenium.Send_Proposal_Temp"/>
  <testcase name="sendEmail" time="10.813" classname="com.freshproposals.selenium.Send_Proposal_Temp"/>
</testsuite> <!-- com.freshproposals.selenium.Send_Proposal_Temp -->
