<?xml version="1.0" encoding="UTF-8"?>
<!-- Generated by org.testng.reporters.JUnitReportReporter -->
<testsuite skipped="0" hostname="DESKTOP-0FSTDRC" name="com.freshproposals.selenium.Rectangle_Duplicate_Section" tests="13" failures="0" timestamp="2020-01-21T14:53:21 IST" time="37.667" errors="0">
  <testcase name="login" time="0.661" classname="com.freshproposals.selenium.Rectangle_Duplicate_Section"/>
  <testcase name="open_Template" time="5.827" classname="com.freshproposals.selenium.Rectangle_Duplicate_Section"/>
  <testcase name="height_width" time="3.612" classname="com.freshproposals.selenium.Rectangle_Duplicate_Section"/>
  <testcase name="assert_width_1" time="0.095" classname="com.freshproposals.selenium.Rectangle_Duplicate_Section"/>
  <testcase name="assert_height_1" time="0.069" classname="com.freshproposals.selenium.Rectangle_Duplicate_Section"/>
  <testcase name="duplicate" time="2.383" classname="com.freshproposals.selenium.Rectangle_Duplicate_Section"/>
  <testcase name="DragDrop" time="3.450" classname="com.freshproposals.selenium.Rectangle_Duplicate_Section"/>
  <testcase name="assert_width_2" time="0.102" classname="com.freshproposals.selenium.Rectangle_Duplicate_Section"/>
  <testcase name="assert_height_2" time="0.070" classname="com.freshproposals.selenium.Rectangle_Duplicate_Section"/>
  <testcase name="Save" time="7.309" classname="com.freshproposals.selenium.Rectangle_Duplicate_Section"/>
  <testcase name="clear" time="3.373" classname="com.freshproposals.selenium.Rectangle_Duplicate_Section"/>
  <testcase name="reset_sign_1" time="3.432" classname="com.freshproposals.selenium.Rectangle_Duplicate_Section"/>
  <testcase name="Save2" time="7.284" classname="com.freshproposals.selenium.Rectangle_Duplicate_Section"/>
</testsuite> <!-- com.freshproposals.selenium.Rectangle_Duplicate_Section -->
