<?xml version="1.0" encoding="UTF-8"?>
<!-- Generated by org.testng.reporters.JUnitReportReporter -->
<testsuite skipped="0" hostname="DESKTOP-0FSTDRC" name="com.freshproposals.selenium.Image_DragDrop_Position_Template" tests="6" failures="0" timestamp="2020-01-15T11:10:22 IST" time="39.964" errors="0">
  <testcase name="login" time="0.614" classname="com.freshproposals.selenium.Image_DragDrop_Position_Template"/>
  <testcase name="openExistTemplate" time="10.543" classname="com.freshproposals.selenium.Image_DragDrop_Position_Template"/>
  <testcase name="Get_Position" time="8.246" classname="com.freshproposals.selenium.Image_DragDrop_Position_Template"/>
  <testcase name="DragDrop" time="4.904" classname="com.freshproposals.selenium.Image_DragDrop_Position_Template"/>
  <testcase name="DragDrop_Get_Position" time="8.621" classname="com.freshproposals.selenium.Image_DragDrop_Position_Template"/>
  <testcase name="Reset" time="7.036" classname="com.freshproposals.selenium.Image_DragDrop_Position_Template"/>
</testsuite> <!-- com.freshproposals.selenium.Image_DragDrop_Position_Template -->
