<?xml version="1.0" encoding="UTF-8"?>
<!-- Generated by org.testng.reporters.JUnitReportReporter -->
<testsuite skipped="0" hostname="DESKTOP-0FSTDRC" name="com.freshproposals.selenium.TextBox_Duplicate_Proposal" tests="9" failures="0" timestamp="2020-01-21T15:05:49 IST" time="40.612" errors="0">
  <testcase name="login" time="0.548" classname="com.freshproposals.selenium.TextBox_Duplicate_Proposal"/>
  <testcase name="open_Proposal" time="6.373" classname="com.freshproposals.selenium.TextBox_Duplicate_Proposal"/>
  <testcase name="write" time="6.185" classname="com.freshproposals.selenium.TextBox_Duplicate_Proposal"/>
  <testcase name="duplicate" time="2.480" classname="com.freshproposals.selenium.TextBox_Duplicate_Proposal"/>
  <testcase name="DragDrop" time="3.501" classname="com.freshproposals.selenium.TextBox_Duplicate_Proposal"/>
  <testcase name="Save" time="7.445" classname="com.freshproposals.selenium.TextBox_Duplicate_Proposal"/>
  <testcase name="clear" time="5.894" classname="com.freshproposals.selenium.TextBox_Duplicate_Proposal"/>
  <testcase name="Save2" time="7.177" classname="com.freshproposals.selenium.TextBox_Duplicate_Proposal"/>
  <testcase name="final_Result" time="1.009" classname="com.freshproposals.selenium.TextBox_Duplicate_Proposal"/>
</testsuite> <!-- com.freshproposals.selenium.TextBox_Duplicate_Proposal -->
