<?xml version="1.0" encoding="UTF-8"?>
<!-- Generated by org.testng.reporters.JUnitReportReporter -->
<testsuite skipped="0" hostname="DESKTOP-DFBIVRO" name="com.freshproposals.selenium.ShapeRectangleProperties" tests="5" failures="0" timestamp="2019-11-19T16:00:57 IST" time="19.698" errors="0">
  <testcase name="login" time="0.497" classname="com.freshproposals.selenium.ShapeRectangleProperties"/>
  <testcase name="ShapeRectangle" time="11.395" classname="com.freshproposals.selenium.ShapeRectangleProperties"/>
  <testcase name="shapeResize" time="3.703" classname="com.freshproposals.selenium.ShapeRectangleProperties"/>
  <testcase name="ChangeHeightWidth" time="2.962" classname="com.freshproposals.selenium.ShapeRectangleProperties"/>
  <testcase name="ShapeCorner" time="1.141" classname="com.freshproposals.selenium.ShapeRectangleProperties"/>
</testsuite> <!-- com.freshproposals.selenium.ShapeRectangleProperties -->
