<?xml version="1.0" encoding="UTF-8"?>
<!-- Generated by org.testng.reporters.JUnitReportReporter -->
<testsuite skipped="0" hostname="DESKTOP-0FSTDRC" name="com.freshproposals.Analytics" tests="8" failures="0" timestamp="2019-11-04T11:11:19 IST" time="49.377" errors="0">
  <testcase name="login" time="0.705" classname="com.freshproposals.Analytics"/>
  <testcase name="createTemplate" time="16.965" classname="com.freshproposals.Analytics"/>
  <testcase name="contentLibrary" time="7.429" classname="com.freshproposals.Analytics"/>
  <testcase name="generateProposal" time="7.879" classname="com.freshproposals.Analytics"/>
  <testcase name="client" time="3.259" classname="com.freshproposals.Analytics"/>
  <testcase name="scrollWindow" time="3.050" classname="com.freshproposals.Analytics"/>
  <testcase name="calender" time="3.576" classname="com.freshproposals.Analytics"/>
  <testcase name="copyLink" time="6.514" classname="com.freshproposals.Analytics"/>
</testsuite> <!-- com.freshproposals.Analytics -->
