<?xml version="1.0" encoding="UTF-8"?>
<!-- Generated by org.testng.reporters.JUnitReportReporter -->
<testsuite skipped="0" hostname="DESKTOP-0FSTDRC" name="com.freshproposals.selenium.F2B2_Multiple" tests="5" failures="0" timestamp="2019-11-27T15:32:22 IST" time="33.268" errors="0">
  <testcase name="login" time="0.763" classname="com.freshproposals.selenium.F2B2_Multiple"/>
  <testcase name="Backward" time="18.778" classname="com.freshproposals.selenium.F2B2_Multiple"/>
  <testcase name="Back" time="3.876" classname="com.freshproposals.selenium.F2B2_Multiple"/>
  <testcase name="Forward" time="6.035" classname="com.freshproposals.selenium.F2B2_Multiple"/>
  <testcase name="Front" time="3.816" classname="com.freshproposals.selenium.F2B2_Multiple"/>
</testsuite> <!-- com.freshproposals.selenium.F2B2_Multiple -->
