<?xml version="1.0" encoding="UTF-8"?>
<!-- Generated by org.testng.reporters.JUnitReportReporter -->
<testsuite skipped="0" hostname="DESKTOP-0FSTDRC" name="com.freshproposals.selenium.Section_List" tests="3" failures="0" timestamp="2019-12-02T16:36:33 IST" time="89.568" errors="0">
  <testcase name="login" time="0.770" classname="com.freshproposals.selenium.Section_List"/>
  <testcase name="createtemplate" time="59.623" classname="com.freshproposals.selenium.Section_List"/>
  <testcase name="EditSection" time="29.175" classname="com.freshproposals.selenium.Section_List"/>
</testsuite> <!-- com.freshproposals.selenium.Section_List -->
