<?xml version="1.0" encoding="UTF-8"?>
<!-- Generated by org.testng.reporters.JUnitReportReporter -->
<testsuite skipped="0" hostname="DESKTOP-0FSTDRC" name="com.freshproposals.selenium.Gmail_Testing" tests="9" failures="0" timestamp="2019-11-29T11:46:35 IST" time="61.515" errors="0">
  <testcase name="login" time="0.670" classname="com.freshproposals.selenium.Gmail_Testing"/>
  <testcase name="createTemplate" time="12.240" classname="com.freshproposals.selenium.Gmail_Testing"/>
  <testcase name="generateProposal" time="7.277" classname="com.freshproposals.selenium.Gmail_Testing"/>
  <testcase name="client" time="3.262" classname="com.freshproposals.selenium.Gmail_Testing"/>
  <testcase name="scrollWindow" time="3.048" classname="com.freshproposals.selenium.Gmail_Testing"/>
  <testcase name="calender" time="9.663" classname="com.freshproposals.selenium.Gmail_Testing"/>
  <testcase name="sendEmail" time="8.562" classname="com.freshproposals.selenium.Gmail_Testing"/>
  <testcase name="Gmail_login" time="3.649" classname="com.freshproposals.selenium.Gmail_Testing"/>
  <testcase name="Search" time="13.144" classname="com.freshproposals.selenium.Gmail_Testing"/>
</testsuite> <!-- com.freshproposals.selenium.Gmail_Testing -->
