<?xml version="1.0" encoding="UTF-8"?>
<!-- Generated by org.testng.reporters.JUnitReportReporter -->
<testsuite skipped="0" hostname="DESKTOP-0FSTDRC" name="com.freshproposals.selenium.Image_Template" tests="19" failures="0" timestamp="2020-01-22T18:27:26 IST" time="96.457" errors="0">
  <testcase name="login" time="0.616" classname="com.freshproposals.selenium.Image_Template"/>
  <testcase name="openExistTemplate" time="15.209" classname="com.freshproposals.selenium.Image_Template"/>
  <testcase name="width" time="4.582" classname="com.freshproposals.selenium.Image_Template"/>
  <testcase name="Save_width" time="12.300" classname="com.freshproposals.selenium.Image_Template"/>
  <testcase name="reflect_width" time="0.209" classname="com.freshproposals.selenium.Image_Template"/>
  <testcase name="Reset_width" time="4.385" classname="com.freshproposals.selenium.Image_Template"/>
  <testcase name="rotate" time="3.307" classname="com.freshproposals.selenium.Image_Template"/>
  <testcase name="corner" time="1.502" classname="com.freshproposals.selenium.Image_Template"/>
  <testcase name="border_width" time="2.359" classname="com.freshproposals.selenium.Image_Template"/>
  <testcase name="border_style" time="1.373" classname="com.freshproposals.selenium.Image_Template"/>
  <testcase name="padding_top" time="2.356" classname="com.freshproposals.selenium.Image_Template"/>
  <testcase name="padding_left" time="1.225" classname="com.freshproposals.selenium.Image_Template"/>
  <testcase name="padding_bottom" time="1.176" classname="com.freshproposals.selenium.Image_Template"/>
  <testcase name="padding_right" time="0.186" classname="com.freshproposals.selenium.Image_Template"/>
  <testcase name="save" time="7.166" classname="com.freshproposals.selenium.Image_Template"/>
  <testcase name="reflect_border_width" time="5.915" classname="com.freshproposals.selenium.Image_Template"/>
  <testcase name="reflect_border_style" time="5.131" classname="com.freshproposals.selenium.Image_Template"/>
  <testcase name="reflect_padding" time="5.270" classname="com.freshproposals.selenium.Image_Template"/>
  <testcase name="Reset_All" time="22.190" classname="com.freshproposals.selenium.Image_Template"/>
</testsuite> <!-- com.freshproposals.selenium.Image_Template -->
