<?xml version="1.0" encoding="UTF-8"?>
<!-- Generated by org.testng.reporters.JUnitReportReporter -->
<testsuite skipped="1" hostname="DESKTOP-0FSTDRC" name="com.freshproposals.selenium.Lost_Proposal_Verification" tests="6" failures="0" timestamp="2019-11-25T17:39:27 IST" time="57.665" errors="0">
  <testcase name="login" time="0.826" classname="com.freshproposals.selenium.Lost_Proposal_Verification"/>
  <testcase name="Dashboard_Get_Lost_Value" time="5.667" classname="com.freshproposals.selenium.Lost_Proposal_Verification"/>
  <testcase name="createproposal" time="27.602" classname="com.freshproposals.selenium.Lost_Proposal_Verification"/>
  <testcase name="Send_and_Copy" time="17.643" classname="com.freshproposals.selenium.Lost_Proposal_Verification"/>
  <testcase name="Dashboard_Verify_Lost_Value" time="5.927" classname="com.freshproposals.selenium.Lost_Proposal_Verification"/>
  <testcase name="contentLibrary" classname="com.freshproposals.selenium.Lost_Proposal_Verification">
    <skipped/>
  </testcase> <!-- contentLibrary -->
</testsuite> <!-- com.freshproposals.selenium.Lost_Proposal_Verification -->
