<?xml version="1.0" encoding="UTF-8"?>
<!-- Generated by org.testng.reporters.JUnitReportReporter -->
<testsuite skipped="0" hostname="DESKTOP-0FSTDRC" name="com.freshproposals.selenium.Analytics_Tabchange" tests="2" failures="0" timestamp="2019-11-19T14:59:10 IST" time="310.786" errors="0">
  <testcase name="login" time="0.644" classname="com.freshproposals.selenium.Analytics_Tabchange"/>
  <testcase name="copyLink" time="310.142" classname="com.freshproposals.selenium.Analytics_Tabchange"/>
</testsuite> <!-- com.freshproposals.selenium.Analytics_Tabchange -->
