<?xml version="1.0" encoding="UTF-8"?>
<!-- Generated by org.testng.reporters.JUnitReportReporter -->
<testsuite skipped="0" hostname="DESKTOP-0FSTDRC" name="com.freshproposals.selenium.Ellipse_Duplicate_Proposal" tests="13" failures="0" timestamp="2020-03-03T17:34:22 IST" time="47.464" errors="0">
  <testcase name="login" time="0.717" classname="com.freshproposals.selenium.Ellipse_Duplicate_Proposal"/>
  <testcase name="open_Template" time="11.495" classname="com.freshproposals.selenium.Ellipse_Duplicate_Proposal"/>
  <testcase name="height_width" time="5.982" classname="com.freshproposals.selenium.Ellipse_Duplicate_Proposal"/>
  <testcase name="assert_width_1" time="0.133" classname="com.freshproposals.selenium.Ellipse_Duplicate_Proposal"/>
  <testcase name="assert_height_1" time="0.080" classname="com.freshproposals.selenium.Ellipse_Duplicate_Proposal"/>
  <testcase name="duplicate" time="2.431" classname="com.freshproposals.selenium.Ellipse_Duplicate_Proposal"/>
  <testcase name="DragDrop" time="3.442" classname="com.freshproposals.selenium.Ellipse_Duplicate_Proposal"/>
  <testcase name="assert_width_2" time="0.101" classname="com.freshproposals.selenium.Ellipse_Duplicate_Proposal"/>
  <testcase name="assert_height_2" time="0.082" classname="com.freshproposals.selenium.Ellipse_Duplicate_Proposal"/>
  <testcase name="Save" time="7.467" classname="com.freshproposals.selenium.Ellipse_Duplicate_Proposal"/>
  <testcase name="clear" time="4.768" classname="com.freshproposals.selenium.Ellipse_Duplicate_Proposal"/>
  <testcase name="reset_sign_1" time="3.458" classname="com.freshproposals.selenium.Ellipse_Duplicate_Proposal"/>
  <testcase name="Save2" time="7.308" classname="com.freshproposals.selenium.Ellipse_Duplicate_Proposal"/>
</testsuite> <!-- com.freshproposals.selenium.Ellipse_Duplicate_Proposal -->
