<?xml version="1.0" encoding="UTF-8"?>
<!-- Generated by org.testng.reporters.JUnitReportReporter -->
<testsuite skipped="0" hostname="DESKTOP-0FSTDRC" name="com.freshproposals.selenium.Existing_Single_Image" tests="21" failures="0" timestamp="2019-12-18T16:49:10 IST" time="87.847" errors="0">
  <testcase name="login" time="0.670" classname="com.freshproposals.selenium.Existing_Single_Image"/>
  <testcase name="openExistTemplate" time="10.360" classname="com.freshproposals.selenium.Existing_Single_Image"/>
  <testcase name="width" time="4.399" classname="com.freshproposals.selenium.Existing_Single_Image"/>
  <testcase name="Save_width" time="12.391" classname="com.freshproposals.selenium.Existing_Single_Image"/>
  <testcase name="reflect_width" time="0.204" classname="com.freshproposals.selenium.Existing_Single_Image"/>
  <testcase name="Reset_width" time="4.281" classname="com.freshproposals.selenium.Existing_Single_Image"/>
  <testcase name="rotate" time="3.233" classname="com.freshproposals.selenium.Existing_Single_Image"/>
  <testcase name="corner" time="1.191" classname="com.freshproposals.selenium.Existing_Single_Image"/>
  <testcase name="opacity" time="0.550" classname="com.freshproposals.selenium.Existing_Single_Image"/>
  <testcase name="border_width" time="2.303" classname="com.freshproposals.selenium.Existing_Single_Image"/>
  <testcase name="border_style" time="1.329" classname="com.freshproposals.selenium.Existing_Single_Image"/>
  <testcase name="padding_top" time="2.443" classname="com.freshproposals.selenium.Existing_Single_Image"/>
  <testcase name="padding_left" time="1.281" classname="com.freshproposals.selenium.Existing_Single_Image"/>
  <testcase name="padding_bottom" time="1.175" classname="com.freshproposals.selenium.Existing_Single_Image"/>
  <testcase name="padding_right" time="0.195" classname="com.freshproposals.selenium.Existing_Single_Image"/>
  <testcase name="greyscale" time="3.664" classname="com.freshproposals.selenium.Existing_Single_Image"/>
  <testcase name="save" time="7.130" classname="com.freshproposals.selenium.Existing_Single_Image"/>
  <testcase name="reflect_border_width" time="5.910" classname="com.freshproposals.selenium.Existing_Single_Image"/>
  <testcase name="reflect_border_style" time="5.215" classname="com.freshproposals.selenium.Existing_Single_Image"/>
  <testcase name="reflect_padding" time="5.177" classname="com.freshproposals.selenium.Existing_Single_Image"/>
  <testcase name="Reset_All" time="14.746" classname="com.freshproposals.selenium.Existing_Single_Image"/>
</testsuite> <!-- com.freshproposals.selenium.Existing_Single_Image -->
