<?xml version="1.0" encoding="UTF-8"?>
<!-- Generated by org.testng.reporters.JUnitReportReporter -->
<testsuite skipped="0" hostname="DESKTOP-DFBIVRO" name="com.freshproposals.selenium.UpdateUserProfile" tests="4" failures="0" timestamp="2019-11-19T17:23:14 IST" time="67.566" errors="0">
  <testcase name="login" time="0.415" classname="com.freshproposals.selenium.UpdateUserProfile"/>
  <testcase name="uploadProfile" time="36.856" classname="com.freshproposals.selenium.UpdateUserProfile"/>
  <testcase name="updateUserProfile" time="21.454" classname="com.freshproposals.selenium.UpdateUserProfile"/>
  <testcase name="logout" time="8.841" classname="com.freshproposals.selenium.UpdateUserProfile"/>
</testsuite> <!-- com.freshproposals.selenium.UpdateUserProfile -->
