<?xml version="1.0" encoding="UTF-8"?>
<!-- Generated by org.testng.reporters.JUnitReportReporter -->
<testsuite skipped="0" hostname="DESKTOP-0FSTDRC" name="com.freshproposals.selenium.Duplicate_Template_Proposal" tests="9" failures="0" timestamp="2019-12-24T15:49:20 IST" time="56.442" errors="0">
  <testcase name="login" time="0.601" classname="com.freshproposals.selenium.Duplicate_Template_Proposal"/>
  <testcase name="open_Template" time="19.106" classname="com.freshproposals.selenium.Duplicate_Template_Proposal"/>
  <testcase name="generateProposal" time="8.019" classname="com.freshproposals.selenium.Duplicate_Template_Proposal"/>
  <testcase name="client" time="3.935" classname="com.freshproposals.selenium.Duplicate_Template_Proposal"/>
  <testcase name="scrollWindow" time="3.051" classname="com.freshproposals.selenium.Duplicate_Template_Proposal"/>
  <testcase name="calender" time="9.775" classname="com.freshproposals.selenium.Duplicate_Template_Proposal"/>
  <testcase name="write" time="6.082" classname="com.freshproposals.selenium.Duplicate_Template_Proposal"/>
  <testcase name="duplicate" time="2.472" classname="com.freshproposals.selenium.Duplicate_Template_Proposal"/>
  <testcase name="DragDrop" time="3.401" classname="com.freshproposals.selenium.Duplicate_Template_Proposal"/>
</testsuite> <!-- com.freshproposals.selenium.Duplicate_Template_Proposal -->
