<?xml version="1.0" encoding="UTF-8"?>
<!-- Generated by org.testng.reporters.JUnitReportReporter -->
<testsuite skipped="0" hostname="DESKTOP-0FSTDRC" name="com.freshproposals.selenium.F2B2" tests="5" failures="0" timestamp="2019-11-08T15:06:56 IST" time="29.517" errors="0">
  <testcase name="login" time="0.692" classname="com.freshproposals.selenium.F2B2"/>
  <testcase name="Backward" time="18.394" classname="com.freshproposals.selenium.F2B2"/>
  <testcase name="Back" time="3.361" classname="com.freshproposals.selenium.F2B2"/>
  <testcase name="Front" time="3.457" classname="com.freshproposals.selenium.F2B2"/>
  <testcase name="Forward" time="3.613" classname="com.freshproposals.selenium.F2B2"/>
</testsuite> <!-- com.freshproposals.selenium.F2B2 -->
