<?xml version="1.0" encoding="UTF-8"?>
<!-- Generated by org.testng.reporters.JUnitReportReporter -->
<testsuite skipped="1" hostname="DESKTOP-0FSTDRC" name="com.freshproposals.selenium.Lost_Proposal_Verification" tests="6" failures="0" timestamp="2020-03-04T15:57:21 IST" time="63.267" errors="0">
  <testcase name="login" time="0.849" classname="com.freshproposals.selenium.Lost_Proposal_Verification"/>
  <testcase name="Dashboard_Get_Lost_Value" time="5.867" classname="com.freshproposals.selenium.Lost_Proposal_Verification"/>
  <testcase name="createproposal" time="22.102" classname="com.freshproposals.selenium.Lost_Proposal_Verification"/>
  <testcase name="Send_and_Copy" time="30.786" classname="com.freshproposals.selenium.Lost_Proposal_Verification"/>
  <testcase name="Dashboard_Verify_Lost_Value" time="3.663" classname="com.freshproposals.selenium.Lost_Proposal_Verification"/>
  <testcase name="contentLibrary" classname="com.freshproposals.selenium.Lost_Proposal_Verification">
    <skipped/>
  </testcase> <!-- contentLibrary -->
</testsuite> <!-- com.freshproposals.selenium.Lost_Proposal_Verification -->
