<?xml version="1.0" encoding="UTF-8"?>
<!-- Generated by org.testng.reporters.JUnitReportReporter -->
<testsuite skipped="0" hostname="DESKTOP-0FSTDRC" name="com.freshproposals.selenium.Check_Versions" tests="5" failures="0" timestamp="2019-11-14T10:57:30 IST" time="89.872" errors="0">
  <testcase name="login" time="0.627" classname="com.freshproposals.selenium.Check_Versions"/>
  <testcase name="createtemplate" time="13.066" classname="com.freshproposals.selenium.Check_Versions"/>
  <testcase name="TemplateVersion" time="33.889" classname="com.freshproposals.selenium.Check_Versions"/>
  <testcase name="createproposal" time="21.304" classname="com.freshproposals.selenium.Check_Versions"/>
  <testcase name="ProposalVersion" time="20.986" classname="com.freshproposals.selenium.Check_Versions"/>
</testsuite> <!-- com.freshproposals.selenium.Check_Versions -->
