<?xml version="1.0" encoding="UTF-8"?>
<!-- Generated by org.testng.reporters.JUnitReportReporter -->
<testsuite skipped="0" hostname="DESKTOP-0FSTDRC" name="com.freshproposals.selenium.Analytics_Tabchange" tests="2" failures="0" timestamp="2019-11-13T17:09:50 IST" time="310.586" errors="0">
  <testcase name="login" time="0.642" classname="com.freshproposals.selenium.Analytics_Tabchange"/>
  <testcase name="copyLink" time="309.944" classname="com.freshproposals.selenium.Analytics_Tabchange"/>
</testsuite> <!-- com.freshproposals.selenium.Analytics_Tabchange -->
