<?xml version="1.0" encoding="UTF-8"?>
<!-- Generated by org.testng.reporters.JUnitReportReporter -->
<testsuite skipped="0" hostname="DESKTOP-0FSTDRC" name="com.freshproposals.selenium.F2B2" tests="5" failures="0" timestamp="2020-03-20T14:55:55 IST" time="29.297" errors="0">
  <testcase name="login" time="0.678" classname="com.freshproposals.selenium.F2B2"/>
  <testcase name="Backward" time="18.492" classname="com.freshproposals.selenium.F2B2"/>
  <testcase name="Back" time="3.418" classname="com.freshproposals.selenium.F2B2"/>
  <testcase name="Front" time="3.320" classname="com.freshproposals.selenium.F2B2"/>
  <testcase name="Forward" time="3.389" classname="com.freshproposals.selenium.F2B2"/>
</testsuite> <!-- com.freshproposals.selenium.F2B2 -->
