<?xml version="1.0" encoding="UTF-8"?>
<!-- Generated by org.testng.reporters.JUnitReportReporter -->
<testsuite skipped="0" hostname="DESKTOP-0FSTDRC" name="com.freshproposals.selenium.Ellipse_Duplicate_Section" tests="13" failures="0" timestamp="2020-01-28T15:29:56 IST" time="39.906" errors="0">
  <testcase name="login" time="0.604" classname="com.freshproposals.selenium.Ellipse_Duplicate_Section"/>
  <testcase name="open_Template" time="8.745" classname="com.freshproposals.selenium.Ellipse_Duplicate_Section"/>
  <testcase name="height_width" time="3.545" classname="com.freshproposals.selenium.Ellipse_Duplicate_Section"/>
  <testcase name="assert_width_1" time="0.088" classname="com.freshproposals.selenium.Ellipse_Duplicate_Section"/>
  <testcase name="assert_height_1" time="0.070" classname="com.freshproposals.selenium.Ellipse_Duplicate_Section"/>
  <testcase name="duplicate" time="2.415" classname="com.freshproposals.selenium.Ellipse_Duplicate_Section"/>
  <testcase name="DragDrop" time="3.428" classname="com.freshproposals.selenium.Ellipse_Duplicate_Section"/>
  <testcase name="assert_width_2" time="0.089" classname="com.freshproposals.selenium.Ellipse_Duplicate_Section"/>
  <testcase name="assert_height_2" time="0.069" classname="com.freshproposals.selenium.Ellipse_Duplicate_Section"/>
  <testcase name="Save" time="7.066" classname="com.freshproposals.selenium.Ellipse_Duplicate_Section"/>
  <testcase name="clear" time="3.424" classname="com.freshproposals.selenium.Ellipse_Duplicate_Section"/>
  <testcase name="reset_sign_1" time="3.441" classname="com.freshproposals.selenium.Ellipse_Duplicate_Section"/>
  <testcase name="Save2" time="6.922" classname="com.freshproposals.selenium.Ellipse_Duplicate_Section"/>
</testsuite> <!-- com.freshproposals.selenium.Ellipse_Duplicate_Section -->
