<?xml version="1.0" encoding="UTF-8"?>
<!-- Generated by org.testng.reporters.JUnitReportReporter -->
<testsuite skipped="0" hostname="DESKTOP-0FSTDRC" name="com.freshproposals.selenium.UseThis_Checkversions" tests="3" failures="0" timestamp="2019-11-11T13:09:43 IST" time="71.305" errors="0">
  <testcase name="login" time="0.658" classname="com.freshproposals.selenium.UseThis_Checkversions"/>
  <testcase name="UseThisTemp" time="35.384" classname="com.freshproposals.selenium.UseThis_Checkversions"/>
  <testcase name="UseThisProp" time="35.263" classname="com.freshproposals.selenium.UseThis_Checkversions"/>
</testsuite> <!-- com.freshproposals.selenium.UseThis_Checkversions -->
