<?xml version="1.0" encoding="UTF-8"?>
<!-- Generated by org.testng.reporters.JUnitReportReporter -->
<testsuite skipped="0" hostname="DESKTOP-0FSTDRC" name="com.freshproposals.selenium.Send_Proposal_Temp" tests="8" failures="0" timestamp="2020-03-04T15:55:54 IST" time="65.145" errors="0">
  <testcase name="login" time="0.664" classname="com.freshproposals.selenium.Send_Proposal_Temp"/>
  <testcase name="createTemplate" time="8.026" classname="com.freshproposals.selenium.Send_Proposal_Temp"/>
  <testcase name="contentLibrary" time="14.640" classname="com.freshproposals.selenium.Send_Proposal_Temp"/>
  <testcase name="generateProposal" time="7.245" classname="com.freshproposals.selenium.Send_Proposal_Temp"/>
  <testcase name="client" time="5.171" classname="com.freshproposals.selenium.Send_Proposal_Temp"/>
  <testcase name="scrollWindow" time="3.175" classname="com.freshproposals.selenium.Send_Proposal_Temp"/>
  <testcase name="calender" time="9.977" classname="com.freshproposals.selenium.Send_Proposal_Temp"/>
  <testcase name="sendEmail" time="16.247" classname="com.freshproposals.selenium.Send_Proposal_Temp"/>
</testsuite> <!-- com.freshproposals.selenium.Send_Proposal_Temp -->
