<?xml version="1.0" encoding="UTF-8"?>
<!-- Generated by org.testng.reporters.JUnitReportReporter -->
<testsuite skipped="0" hostname="DESKTOP-0FSTDRC" name="com.freshproposals.selenium.TextBox_Duplicate_Proposal" tests="9" failures="0" timestamp="2019-12-26T16:51:22 IST" time="43.971" errors="0">
  <testcase name="login" time="0.683" classname="com.freshproposals.selenium.TextBox_Duplicate_Proposal"/>
  <testcase name="open_Proposal" time="9.812" classname="com.freshproposals.selenium.TextBox_Duplicate_Proposal"/>
  <testcase name="write" time="6.097" classname="com.freshproposals.selenium.TextBox_Duplicate_Proposal"/>
  <testcase name="duplicate" time="2.438" classname="com.freshproposals.selenium.TextBox_Duplicate_Proposal"/>
  <testcase name="DragDrop" time="3.483" classname="com.freshproposals.selenium.TextBox_Duplicate_Proposal"/>
  <testcase name="Save" time="7.505" classname="com.freshproposals.selenium.TextBox_Duplicate_Proposal"/>
  <testcase name="clear" time="5.873" classname="com.freshproposals.selenium.TextBox_Duplicate_Proposal"/>
  <testcase name="Save2" time="7.068" classname="com.freshproposals.selenium.TextBox_Duplicate_Proposal"/>
  <testcase name="final_Result" time="1.012" classname="com.freshproposals.selenium.TextBox_Duplicate_Proposal"/>
</testsuite> <!-- com.freshproposals.selenium.TextBox_Duplicate_Proposal -->
