<?xml version="1.0" encoding="UTF-8"?>
<!-- Generated by org.testng.reporters.JUnitReportReporter -->
<testsuite skipped="1" hostname="DESKTOP-0FSTDRC" name="com.freshproposals.selenium.Collapse_Controls" tests="14" failures="0" timestamp="2019-11-26T19:17:02 IST" time="35.720" errors="0">
  <testcase name="login" time="0.780" classname="com.freshproposals.selenium.Collapse_Controls"/>
  <testcase name="grid" time="19.816" classname="com.freshproposals.selenium.Collapse_Controls"/>
  <testcase name="grid_100" time="0.156" classname="com.freshproposals.selenium.Collapse_Controls"/>
  <testcase name="grid150" time="2.439" classname="com.freshproposals.selenium.Collapse_Controls"/>
  <testcase name="grid140" time="1.333" classname="com.freshproposals.selenium.Collapse_Controls"/>
  <testcase name="grid130" time="1.352" classname="com.freshproposals.selenium.Collapse_Controls"/>
  <testcase name="grid120" time="1.461" classname="com.freshproposals.selenium.Collapse_Controls"/>
  <testcase name="grid110" time="1.243" classname="com.freshproposals.selenium.Collapse_Controls"/>
  <testcase name="Rgrid100" time="1.353" classname="com.freshproposals.selenium.Collapse_Controls"/>
  <testcase name="grid80" time="1.511" classname="com.freshproposals.selenium.Collapse_Controls"/>
  <testcase name="grid60" time="1.473" classname="com.freshproposals.selenium.Collapse_Controls"/>
  <testcase name="grid40" time="1.424" classname="com.freshproposals.selenium.Collapse_Controls"/>
  <testcase name="grid20" time="1.379" classname="com.freshproposals.selenium.Collapse_Controls"/>
  <testcase name="createtemplate" classname="com.freshproposals.selenium.Collapse_Controls">
    <skipped/>
  </testcase> <!-- createtemplate -->
</testsuite> <!-- com.freshproposals.selenium.Collapse_Controls -->
