<?xml version="1.0" encoding="UTF-8"?>
<!-- Generated by org.testng.reporters.JUnitReportReporter -->
<testsuite skipped="0" hostname="DESKTOP-0FSTDRC" name="com.freshproposals.selenium.Ellipse_Duplicate_Proposal" tests="13" failures="0" timestamp="2019-12-27T12:25:24 IST" time="38.888" errors="0">
  <testcase name="login" time="0.580" classname="com.freshproposals.selenium.Ellipse_Duplicate_Proposal"/>
  <testcase name="open_Template" time="7.114" classname="com.freshproposals.selenium.Ellipse_Duplicate_Proposal"/>
  <testcase name="height_width" time="3.596" classname="com.freshproposals.selenium.Ellipse_Duplicate_Proposal"/>
  <testcase name="assert_width_1" time="0.109" classname="com.freshproposals.selenium.Ellipse_Duplicate_Proposal"/>
  <testcase name="assert_height_1" time="0.119" classname="com.freshproposals.selenium.Ellipse_Duplicate_Proposal"/>
  <testcase name="duplicate" time="2.362" classname="com.freshproposals.selenium.Ellipse_Duplicate_Proposal"/>
  <testcase name="DragDrop" time="3.405" classname="com.freshproposals.selenium.Ellipse_Duplicate_Proposal"/>
  <testcase name="assert_width_2" time="0.140" classname="com.freshproposals.selenium.Ellipse_Duplicate_Proposal"/>
  <testcase name="assert_height_2" time="0.090" classname="com.freshproposals.selenium.Ellipse_Duplicate_Proposal"/>
  <testcase name="Save" time="7.435" classname="com.freshproposals.selenium.Ellipse_Duplicate_Proposal"/>
  <testcase name="clear" time="3.408" classname="com.freshproposals.selenium.Ellipse_Duplicate_Proposal"/>
  <testcase name="reset_sign_1" time="3.483" classname="com.freshproposals.selenium.Ellipse_Duplicate_Proposal"/>
  <testcase name="Save2" time="7.047" classname="com.freshproposals.selenium.Ellipse_Duplicate_Proposal"/>
</testsuite> <!-- com.freshproposals.selenium.Ellipse_Duplicate_Proposal -->
