<?xml version="1.0" encoding="UTF-8"?>
<!-- Generated by org.testng.reporters.JUnitReportReporter -->
<testsuite skipped="0" hostname="DESKTOP-0FSTDRC" name="com.freshproposals.selenium.Analytics" tests="8" failures="0" timestamp="2019-11-08T15:20:24 IST" time="52.075" errors="0">
  <testcase name="login" time="0.757" classname="com.freshproposals.selenium.Analytics"/>
  <testcase name="createTemplate" time="16.724" classname="com.freshproposals.selenium.Analytics"/>
  <testcase name="contentLibrary" time="7.457" classname="com.freshproposals.selenium.Analytics"/>
  <testcase name="generateProposal" time="10.488" classname="com.freshproposals.selenium.Analytics"/>
  <testcase name="client" time="3.688" classname="com.freshproposals.selenium.Analytics"/>
  <testcase name="scrollWindow" time="3.045" classname="com.freshproposals.selenium.Analytics"/>
  <testcase name="calender" time="3.466" classname="com.freshproposals.selenium.Analytics"/>
  <testcase name="copyLink" time="6.450" classname="com.freshproposals.selenium.Analytics"/>
</testsuite> <!-- com.freshproposals.selenium.Analytics -->
