<?xml version="1.0" encoding="UTF-8"?>
<!-- Generated by org.testng.reporters.JUnitReportReporter -->
<testsuite skipped="0" hostname="DESKTOP-0FSTDRC" name="com.freshproposals.selenium.Signature_Proposal" tests="3" failures="0" timestamp="2020-04-15T12:21:55 IST" time="101.777" errors="0">
  <testcase name="SetUnmPwd" time="0.739" classname="com.freshproposals.selenium.Signature_Proposal"/>
  <testcase name="open_Proposal" time="11.740" classname="com.freshproposals.selenium.Signature_Proposal"/>
  <testcase name="ExtendsMethods" time="89.298" classname="com.freshproposals.selenium.Signature_Proposal"/>
</testsuite> <!-- com.freshproposals.selenium.Signature_Proposal -->
