<?xml version="1.0" encoding="UTF-8"?>
<!-- Generated by org.testng.reporters.JUnitReportReporter -->
<testsuite skipped="0" hostname="DESKTOP-0FSTDRC" name="com.freshproposals.selenium.Image_DragDrop_Position_Template" tests="6" failures="0" timestamp="2019-12-20T16:14:01 IST" time="38.510" errors="0">
  <testcase name="login" time="0.545" classname="com.freshproposals.selenium.Image_DragDrop_Position_Template"/>
  <testcase name="openExistTemplate" time="9.557" classname="com.freshproposals.selenium.Image_DragDrop_Position_Template"/>
  <testcase name="Get_Position" time="8.561" classname="com.freshproposals.selenium.Image_DragDrop_Position_Template"/>
  <testcase name="DragDrop" time="4.719" classname="com.freshproposals.selenium.Image_DragDrop_Position_Template"/>
  <testcase name="DragDrop_Get_Position" time="8.392" classname="com.freshproposals.selenium.Image_DragDrop_Position_Template"/>
  <testcase name="Reset" time="6.736" classname="com.freshproposals.selenium.Image_DragDrop_Position_Template"/>
</testsuite> <!-- com.freshproposals.selenium.Image_DragDrop_Position_Template -->
