<?xml version="1.0" encoding="UTF-8"?>
<!-- Generated by org.testng.reporters.JUnitReportReporter -->
<testsuite skipped="0" hostname="DESKTOP-0FSTDRC" name="com.freshproposals.selenium.Verify_Position_with_Preview" tests="2" failures="0" timestamp="2020-02-26T15:08:57 IST" time="14.823" errors="0">
  <testcase name="login" time="0.656" classname="com.freshproposals.selenium.Verify_Position_with_Preview"/>
  <testcase name="openProposal" time="14.167" classname="com.freshproposals.selenium.Verify_Position_with_Preview"/>
</testsuite> <!-- com.freshproposals.selenium.Verify_Position_with_Preview -->
