<?xml version="1.0" encoding="UTF-8"?>
<!-- Generated by org.testng.reporters.JUnitReportReporter -->
<testsuite skipped="0" hostname="DESKTOP-0FSTDRC" name="com.freshproposals.selenium.Signature" tests="23" failures="0" timestamp="2020-01-02T10:57:12 IST" time="73.758" errors="0">
  <testcase name="login" time="0.655" classname="com.freshproposals.selenium.Signature"/>
  <testcase name="open_Proposal" time="11.691" classname="com.freshproposals.selenium.Signature"/>
  <testcase name="width" time="1.236" classname="com.freshproposals.selenium.Signature"/>
  <testcase name="height" time="1.195" classname="com.freshproposals.selenium.Signature"/>
  <testcase name="Save_height_width" time="7.290" classname="com.freshproposals.selenium.Signature"/>
  <testcase name="reflect_width" time="0.820" classname="com.freshproposals.selenium.Signature"/>
  <testcase name="reflect_height" time="0.087" classname="com.freshproposals.selenium.Signature"/>
  <testcase name="Reset_height_width" time="2.469" classname="com.freshproposals.selenium.Signature"/>
  <testcase name="corner" time="1.199" classname="com.freshproposals.selenium.Signature"/>
  <testcase name="rotate" time="1.177" classname="com.freshproposals.selenium.Signature"/>
  <testcase name="border_width" time="4.380" classname="com.freshproposals.selenium.Signature"/>
  <testcase name="border_style" time="1.318" classname="com.freshproposals.selenium.Signature"/>
  <testcase name="padding_top" time="1.368" classname="com.freshproposals.selenium.Signature"/>
  <testcase name="padding_left" time="1.187" classname="com.freshproposals.selenium.Signature"/>
  <testcase name="pading_bottom" time="1.210" classname="com.freshproposals.selenium.Signature"/>
  <testcase name="padding_right" time="1.182" classname="com.freshproposals.selenium.Signature"/>
  <testcase name="signee" time="1.153" classname="com.freshproposals.selenium.Signature"/>
  <testcase name="Save" time="7.179" classname="com.freshproposals.selenium.Signature"/>
  <testcase name="reflect_corner" time="0.857" classname="com.freshproposals.selenium.Signature"/>
  <testcase name="reflect_border_width" time="5.070" classname="com.freshproposals.selenium.Signature"/>
  <testcase name="reflect_border_style" time="5.126" classname="com.freshproposals.selenium.Signature"/>
  <testcase name="reflect_padding" time="5.171" classname="com.freshproposals.selenium.Signature"/>
  <testcase name="Reset_All" time="10.738" classname="com.freshproposals.selenium.Signature"/>
</testsuite> <!-- com.freshproposals.selenium.Signature -->
