<?xml version="1.0" encoding="UTF-8"?>
<!-- Generated by org.testng.reporters.JUnitReportReporter -->
<testsuite skipped="0" hostname="DESKTOP-0FSTDRC" name="com.freshproposals.selenium.Signature_Section" tests="23" failures="0" timestamp="2020-03-20T14:55:55 IST" time="88.325" errors="0">
  <testcase name="login" time="0.957" classname="com.freshproposals.selenium.Signature_Section"/>
  <testcase name="open_Proposal" time="14.127" classname="com.freshproposals.selenium.Signature_Section"/>
  <testcase name="width" time="1.184" classname="com.freshproposals.selenium.Signature_Section"/>
  <testcase name="height" time="1.229" classname="com.freshproposals.selenium.Signature_Section"/>
  <testcase name="Save_height_width" time="7.326" classname="com.freshproposals.selenium.Signature_Section"/>
  <testcase name="reflect_width" time="0.741" classname="com.freshproposals.selenium.Signature_Section"/>
  <testcase name="reflect_height" time="0.076" classname="com.freshproposals.selenium.Signature_Section"/>
  <testcase name="Reset_height_width" time="2.322" classname="com.freshproposals.selenium.Signature_Section"/>
  <testcase name="corner" time="1.155" classname="com.freshproposals.selenium.Signature_Section"/>
  <testcase name="rotate" time="1.184" classname="com.freshproposals.selenium.Signature_Section"/>
  <testcase name="color" time="6.627" classname="com.freshproposals.selenium.Signature_Section"/>
  <testcase name="border_width" time="4.354" classname="com.freshproposals.selenium.Signature_Section"/>
  <testcase name="border_style" time="1.365" classname="com.freshproposals.selenium.Signature_Section"/>
  <testcase name="padding_top" time="1.332" classname="com.freshproposals.selenium.Signature_Section"/>
  <testcase name="padding_left" time="1.212" classname="com.freshproposals.selenium.Signature_Section"/>
  <testcase name="pading_bottom" time="1.176" classname="com.freshproposals.selenium.Signature_Section"/>
  <testcase name="padding_right" time="1.212" classname="com.freshproposals.selenium.Signature_Section"/>
  <testcase name="Save" time="7.248" classname="com.freshproposals.selenium.Signature_Section"/>
  <testcase name="reflect_corner" time="0.720" classname="com.freshproposals.selenium.Signature_Section"/>
  <testcase name="reflect_border_width" time="5.098" classname="com.freshproposals.selenium.Signature_Section"/>
  <testcase name="reflect_border_style" time="5.099" classname="com.freshproposals.selenium.Signature_Section"/>
  <testcase name="reflect_padding" time="5.135" classname="com.freshproposals.selenium.Signature_Section"/>
  <testcase name="Reset_All" time="17.446" classname="com.freshproposals.selenium.Signature_Section"/>
</testsuite> <!-- com.freshproposals.selenium.Signature_Section -->
