<?xml version="1.0" encoding="UTF-8"?>
<!-- Generated by org.testng.reporters.JUnitReportReporter -->
<testsuite skipped="0" hostname="DESKTOP-0FSTDRC" name="com.freshproposals.selenium.Signature_DragDrop_Position_Section" tests="6" failures="0" timestamp="2019-12-20T15:57:26 IST" time="35.050" errors="0">
  <testcase name="login" time="0.663" classname="com.freshproposals.selenium.Signature_DragDrop_Position_Section"/>
  <testcase name="openExistTemplate" time="7.058" classname="com.freshproposals.selenium.Signature_DragDrop_Position_Section"/>
  <testcase name="Get_Position" time="8.079" classname="com.freshproposals.selenium.Signature_DragDrop_Position_Section"/>
  <testcase name="DragDrop" time="4.414" classname="com.freshproposals.selenium.Signature_DragDrop_Position_Section"/>
  <testcase name="DragDrop_Get_Position" time="8.186" classname="com.freshproposals.selenium.Signature_DragDrop_Position_Section"/>
  <testcase name="Reset" time="6.650" classname="com.freshproposals.selenium.Signature_DragDrop_Position_Section"/>
</testsuite> <!-- com.freshproposals.selenium.Signature_DragDrop_Position_Section -->
