<?xml version="1.0" encoding="UTF-8"?>
<!-- Generated by org.testng.reporters.JUnitReportReporter -->
<testsuite skipped="0" hostname="DESKTOP-0FSTDRC" name="com.freshproposals.selenium.F2B2" tests="5" failures="0" timestamp="2020-01-20T16:39:17 IST" time="26.451" errors="0">
  <testcase name="login" time="0.616" classname="com.freshproposals.selenium.F2B2"/>
  <testcase name="Backward" time="15.466" classname="com.freshproposals.selenium.F2B2"/>
  <testcase name="Back" time="3.503" classname="com.freshproposals.selenium.F2B2"/>
  <testcase name="Front" time="3.461" classname="com.freshproposals.selenium.F2B2"/>
  <testcase name="Forward" time="3.405" classname="com.freshproposals.selenium.F2B2"/>
</testsuite> <!-- com.freshproposals.selenium.F2B2 -->
