<?xml version="1.0" encoding="UTF-8"?>
<!-- Generated by org.testng.reporters.JUnitReportReporter -->
<testsuite skipped="0" hostname="DESKTOP-0FSTDRC" name="com.freshproposals.selenium.Existing_Single_Image_Proposal" tests="22" failures="2" timestamp="2020-02-27T12:33:08 IST" time="89.405" errors="0">
  <testcase name="login" time="0.783" classname="com.freshproposals.selenium.Existing_Single_Image_Proposal"/>
  <testcase name="openExistTemplate" time="6.085" classname="com.freshproposals.selenium.Existing_Single_Image_Proposal"/>
  <testcase name="width" time="4.527" classname="com.freshproposals.selenium.Existing_Single_Image_Proposal"/>
  <testcase name="Save_width" time="13.875" classname="com.freshproposals.selenium.Existing_Single_Image_Proposal"/>
  <testcase name="reflect_width" time="0.256" classname="com.freshproposals.selenium.Existing_Single_Image_Proposal"/>
  <testcase name="Reset_width" time="4.270" classname="com.freshproposals.selenium.Existing_Single_Image_Proposal"/>
  <testcase name="rotate" time="3.296" classname="com.freshproposals.selenium.Existing_Single_Image_Proposal"/>
  <testcase name="corner" time="1.530" classname="com.freshproposals.selenium.Existing_Single_Image_Proposal"/>
  <testcase name="border_width" time="3.371" classname="com.freshproposals.selenium.Existing_Single_Image_Proposal"/>
  <testcase name="border_style" time="1.344" classname="com.freshproposals.selenium.Existing_Single_Image_Proposal"/>
  <testcase name="padding_top" time="2.361" classname="com.freshproposals.selenium.Existing_Single_Image_Proposal"/>
  <testcase name="padding_left" time="1.275" classname="com.freshproposals.selenium.Existing_Single_Image_Proposal"/>
  <testcase name="padding_bottom" time="1.228" classname="com.freshproposals.selenium.Existing_Single_Image_Proposal"/>
  <testcase name="padding_right" time="0.248" classname="com.freshproposals.selenium.Existing_Single_Image_Proposal"/>
  <testcase name="greyscale" time="3.457" classname="com.freshproposals.selenium.Existing_Single_Image_Proposal"/>
  <testcase name="save" time="8.803" classname="com.freshproposals.selenium.Existing_Single_Image_Proposal"/>
  <testcase name="reflect_rotate" time="0.533" classname="com.freshproposals.selenium.Existing_Single_Image_Proposal">
    <failure type="java.lang.AssertionError" message="expected [5px] but found []">
      <![CDATA[java.lang.AssertionError: expected [5px] but found []
at org.testng.Assert.fail(Assert.java:97)
at org.testng.Assert.assertEqualsImpl(Assert.java:136)
at org.testng.Assert.assertEquals(Assert.java:118)
at org.testng.Assert.assertEquals(Assert.java:575)
at org.testng.Assert.assertEquals(Assert.java:585)
at com.freshproposals.selenium.Existing_Single_Image_Proposal.reflect_rotate(Existing_Single_Image_Proposal.java:265)
at sun.reflect.NativeMethodAccessorImpl.invoke0(Native Method)
at sun.reflect.NativeMethodAccessorImpl.invoke(Unknown Source)
at sun.reflect.DelegatingMethodAccessorImpl.invoke(Unknown Source)
at java.lang.reflect.Method.invoke(Unknown Source)
at org.testng.internal.MethodInvocationHelper.invokeMethod(MethodInvocationHelper.java:133)
at org.testng.internal.TestInvoker.invokeMethod(TestInvoker.java:584)
at org.testng.internal.TestInvoker.invokeTestMethod(TestInvoker.java:172)
at org.testng.internal.MethodRunner.runInSequence(MethodRunner.java:46)
at org.testng.internal.TestInvoker$MethodInvocationAgent.invoke(TestInvoker.java:804)
at org.testng.internal.TestInvoker.invokeTestMethods(TestInvoker.java:145)
at org.testng.internal.TestMethodWorker.invokeTestMethods(TestMethodWorker.java:146)
at org.testng.internal.TestMethodWorker.run(TestMethodWorker.java:128)
at org.testng.TestRunner$$Lambda$45/489279267.accept(Unknown Source)
at java.util.ArrayList.forEach(Unknown Source)
at org.testng.TestRunner.privateRun(TestRunner.java:770)
at org.testng.TestRunner.run(TestRunner.java:591)
at org.testng.SuiteRunner.runTest(SuiteRunner.java:402)
at org.testng.SuiteRunner.runSequentially(SuiteRunner.java:396)
at org.testng.SuiteRunner.privateRun(SuiteRunner.java:355)
at org.testng.SuiteRunner.run(SuiteRunner.java:304)
at org.testng.SuiteRunnerWorker.runSuite(SuiteRunnerWorker.java:53)
at org.testng.SuiteRunnerWorker.run(SuiteRunnerWorker.java:96)
at org.testng.TestNG.runSuitesSequentially(TestNG.java:1180)
at org.testng.TestNG.runSuitesLocally(TestNG.java:1102)
at org.testng.TestNG.runSuites(TestNG.java:1032)
at org.testng.TestNG.run(TestNG.java:1000)
at org.testng.remote.AbstractRemoteTestNG.run(AbstractRemoteTestNG.java:115)
at org.testng.remote.RemoteTestNG.initAndRun(RemoteTestNG.java:251)
at org.testng.remote.RemoteTestNG.main(RemoteTestNG.java:77)
]]>
    </failure>
  </testcase> <!-- reflect_rotate -->
  <testcase name="reflect_corner" time="0.088" classname="com.freshproposals.selenium.Existing_Single_Image_Proposal">
    <failure type="java.lang.AssertionError" message="expected [76%] but found [0%]">
      <![CDATA[java.lang.AssertionError: expected [76%] but found [0%]
at org.testng.Assert.fail(Assert.java:97)
at org.testng.Assert.assertEqualsImpl(Assert.java:136)
at org.testng.Assert.assertEquals(Assert.java:118)
at org.testng.Assert.assertEquals(Assert.java:575)
at org.testng.Assert.assertEquals(Assert.java:585)
at com.freshproposals.selenium.Existing_Single_Image_Proposal.reflect_corner(Existing_Single_Image_Proposal.java:276)
at sun.reflect.NativeMethodAccessorImpl.invoke0(Native Method)
at sun.reflect.NativeMethodAccessorImpl.invoke(Unknown Source)
at sun.reflect.DelegatingMethodAccessorImpl.invoke(Unknown Source)
at java.lang.reflect.Method.invoke(Unknown Source)
at org.testng.internal.MethodInvocationHelper.invokeMethod(MethodInvocationHelper.java:133)
at org.testng.internal.TestInvoker.invokeMethod(TestInvoker.java:584)
at org.testng.internal.TestInvoker.invokeTestMethod(TestInvoker.java:172)
at org.testng.internal.MethodRunner.runInSequence(MethodRunner.java:46)
at org.testng.internal.TestInvoker$MethodInvocationAgent.invoke(TestInvoker.java:804)
at org.testng.internal.TestInvoker.invokeTestMethods(TestInvoker.java:145)
at org.testng.internal.TestMethodWorker.invokeTestMethods(TestMethodWorker.java:146)
at org.testng.internal.TestMethodWorker.run(TestMethodWorker.java:128)
at org.testng.TestRunner$$Lambda$45/489279267.accept(Unknown Source)
at java.util.ArrayList.forEach(Unknown Source)
at org.testng.TestRunner.privateRun(TestRunner.java:770)
at org.testng.TestRunner.run(TestRunner.java:591)
at org.testng.SuiteRunner.runTest(SuiteRunner.java:402)
at org.testng.SuiteRunner.runSequentially(SuiteRunner.java:396)
at org.testng.SuiteRunner.privateRun(SuiteRunner.java:355)
at org.testng.SuiteRunner.run(SuiteRunner.java:304)
at org.testng.SuiteRunnerWorker.runSuite(SuiteRunnerWorker.java:53)
at org.testng.SuiteRunnerWorker.run(SuiteRunnerWorker.java:96)
at org.testng.TestNG.runSuitesSequentially(TestNG.java:1180)
at org.testng.TestNG.runSuitesLocally(TestNG.java:1102)
at org.testng.TestNG.runSuites(TestNG.java:1032)
at org.testng.TestNG.run(TestNG.java:1000)
at org.testng.remote.AbstractRemoteTestNG.run(AbstractRemoteTestNG.java:115)
at org.testng.remote.RemoteTestNG.initAndRun(RemoteTestNG.java:251)
at org.testng.remote.RemoteTestNG.main(RemoteTestNG.java:77)
]]>
    </failure>
  </testcase> <!-- reflect_corner -->
  <testcase name="reflect_border_width" time="5.105" classname="com.freshproposals.selenium.Existing_Single_Image_Proposal"/>
  <testcase name="reflect_border_style" time="5.142" classname="com.freshproposals.selenium.Existing_Single_Image_Proposal"/>
  <testcase name="reflect_padding" time="5.165" classname="com.freshproposals.selenium.Existing_Single_Image_Proposal"/>
  <testcase name="Reset_All" time="16.663" classname="com.freshproposals.selenium.Existing_Single_Image_Proposal"/>
</testsuite> <!-- com.freshproposals.selenium.Existing_Single_Image_Proposal -->
