<?xml version="1.0" encoding="UTF-8"?>
<!-- Generated by org.testng.reporters.JUnitReportReporter -->
<testsuite skipped="0" hostname="DESKTOP-0FSTDRC" name="com.freshproposals.selenium.RectangleandLineRepositioninProposal" tests="5" failures="0" timestamp="2020-03-21T12:58:14 IST" time="52.122" errors="0">
  <testcase name="login" time="5.687" classname="com.freshproposals.selenium.RectangleandLineRepositioninProposal"/>
  <testcase name="GetURL" time="8.471" classname="com.freshproposals.selenium.RectangleandLineRepositioninProposal"/>
  <testcase name="Rectangleverification" time="12.957" classname="com.freshproposals.selenium.RectangleandLineRepositioninProposal"/>
  <testcase name="RectangleRepositionVerification" time="6.942" classname="com.freshproposals.selenium.RectangleandLineRepositioninProposal"/>
  <testcase name="RectangleRepositionReset" time="18.065" classname="com.freshproposals.selenium.RectangleandLineRepositioninProposal"/>
</testsuite> <!-- com.freshproposals.selenium.RectangleandLineRepositioninProposal -->
