<?xml version="1.0" encoding="UTF-8"?>
<!-- Generated by org.testng.reporters.JUnitReportReporter -->
<testsuite skipped="0" hostname="DESKTOP-0FSTDRC" name="com.freshproposals.selenium.Duplicate_Template" tests="9" failures="0" timestamp="2019-12-24T18:39:16 IST" time="41.266" errors="0">
  <testcase name="login" time="0.624" classname="com.freshproposals.selenium.Duplicate_Template"/>
  <testcase name="open_Template" time="7.393" classname="com.freshproposals.selenium.Duplicate_Template"/>
  <testcase name="write" time="6.031" classname="com.freshproposals.selenium.Duplicate_Template"/>
  <testcase name="duplicate" time="2.414" classname="com.freshproposals.selenium.Duplicate_Template"/>
  <testcase name="DragDrop" time="3.546" classname="com.freshproposals.selenium.Duplicate_Template"/>
  <testcase name="Save" time="7.386" classname="com.freshproposals.selenium.Duplicate_Template"/>
  <testcase name="clear" time="5.858" classname="com.freshproposals.selenium.Duplicate_Template"/>
  <testcase name="Save2" time="7.005" classname="com.freshproposals.selenium.Duplicate_Template"/>
  <testcase name="final_Result" time="1.009" classname="com.freshproposals.selenium.Duplicate_Template"/>
</testsuite> <!-- com.freshproposals.selenium.Duplicate_Template -->
