<?xml version="1.0" encoding="UTF-8"?>
<!-- Generated by org.testng.reporters.JUnitReportReporter -->
<testsuite skipped="0" hostname="DESKTOP-0FSTDRC" name="com.freshproposals.selenium.SectionHeading4PropertiesInPreview" tests="7" failures="0" timestamp="2019-11-08T14:20:28 IST" time="9.216" errors="0">
  <testcase name="login" time="0.758" classname="com.freshproposals.selenium.SectionHeading4PropertiesInPreview"/>
  <testcase name="ReadtextFontsize" time="8.281" classname="com.freshproposals.selenium.SectionHeading4PropertiesInPreview"/>
  <testcase name="ReadFontColor" time="0.043" classname="com.freshproposals.selenium.SectionHeading4PropertiesInPreview"/>
  <testcase name="FontStyle" time="0.036" classname="com.freshproposals.selenium.SectionHeading4PropertiesInPreview"/>
  <testcase name="FontAlignment" time="0.031" classname="com.freshproposals.selenium.SectionHeading4PropertiesInPreview"/>
  <testcase name="Fontfamily" time="0.034" classname="com.freshproposals.selenium.SectionHeading4PropertiesInPreview"/>
  <testcase name="FontWeight" time="0.033" classname="com.freshproposals.selenium.SectionHeading4PropertiesInPreview"/>
</testsuite> <!-- com.freshproposals.selenium.SectionHeading4PropertiesInPreview -->
