<?xml version="1.0" encoding="UTF-8"?>
<!-- Generated by org.testng.reporters.JUnitReportReporter -->
<testsuite skipped="0" hostname="DESKTOP-0FSTDRC" name="com.freshproposals.selenium.Rectangle_Duplicate_Proposal" tests="13" failures="0" timestamp="2020-01-21T14:41:47 IST" time="38.598" errors="0">
  <testcase name="login" time="0.581" classname="com.freshproposals.selenium.Rectangle_Duplicate_Proposal"/>
  <testcase name="open_Template" time="6.452" classname="com.freshproposals.selenium.Rectangle_Duplicate_Proposal"/>
  <testcase name="height_width" time="3.699" classname="com.freshproposals.selenium.Rectangle_Duplicate_Proposal"/>
  <testcase name="assert_width_1" time="0.135" classname="com.freshproposals.selenium.Rectangle_Duplicate_Proposal"/>
  <testcase name="assert_height_1" time="0.109" classname="com.freshproposals.selenium.Rectangle_Duplicate_Proposal"/>
  <testcase name="duplicate" time="2.450" classname="com.freshproposals.selenium.Rectangle_Duplicate_Proposal"/>
  <testcase name="DragDrop" time="3.475" classname="com.freshproposals.selenium.Rectangle_Duplicate_Proposal"/>
  <testcase name="assert_width_2" time="0.141" classname="com.freshproposals.selenium.Rectangle_Duplicate_Proposal"/>
  <testcase name="assert_height_2" time="0.083" classname="com.freshproposals.selenium.Rectangle_Duplicate_Proposal"/>
  <testcase name="Save" time="7.287" classname="com.freshproposals.selenium.Rectangle_Duplicate_Proposal"/>
  <testcase name="reset_sign_1" time="3.437" classname="com.freshproposals.selenium.Rectangle_Duplicate_Proposal"/>
  <testcase name="clear" time="3.405" classname="com.freshproposals.selenium.Rectangle_Duplicate_Proposal"/>
  <testcase name="Save2" time="7.344" classname="com.freshproposals.selenium.Rectangle_Duplicate_Proposal"/>
</testsuite> <!-- com.freshproposals.selenium.Rectangle_Duplicate_Proposal -->
