<?xml version="1.0" encoding="UTF-8"?>
<!-- Generated by org.testng.reporters.JUnitReportReporter -->
<testsuite skipped="0" hostname="DESKTOP-0FSTDRC" name="com.freshproposals.selenium.F2B2" tests="3" failures="0" timestamp="2019-12-14T14:33:17 IST" time="28.309" errors="0">
  <testcase name="login" time="0.620" classname="com.freshproposals.selenium.F2B2"/>
  <testcase name="Backward" time="23.831" classname="com.freshproposals.selenium.F2B2"/>
  <testcase name="Back" time="3.858" classname="com.freshproposals.selenium.F2B2"/>
</testsuite> <!-- com.freshproposals.selenium.F2B2 -->
