<?xml version="1.0" encoding="UTF-8"?>
<!-- Generated by org.testng.reporters.JUnitReportReporter -->
<testsuite skipped="0" hostname="DESKTOP-0FSTDRC" name="com.freshproposals.selenium.Image_DragDrop_Position_Template" tests="6" failures="0" timestamp="2020-02-27T15:19:38 IST" time="38.322" errors="0">
  <testcase name="login" time="0.825" classname="com.freshproposals.selenium.Image_DragDrop_Position_Template"/>
  <testcase name="openExistTemplate" time="6.001" classname="com.freshproposals.selenium.Image_DragDrop_Position_Template"/>
  <testcase name="Get_Position" time="9.101" classname="com.freshproposals.selenium.Image_DragDrop_Position_Template"/>
  <testcase name="DragDrop" time="5.372" classname="com.freshproposals.selenium.Image_DragDrop_Position_Template"/>
  <testcase name="DragDrop_Get_Position" time="9.555" classname="com.freshproposals.selenium.Image_DragDrop_Position_Template"/>
  <testcase name="Reset" time="7.468" classname="com.freshproposals.selenium.Image_DragDrop_Position_Template"/>
</testsuite> <!-- com.freshproposals.selenium.Image_DragDrop_Position_Template -->
