<?xml version="1.0" encoding="UTF-8"?>
<!-- Generated by org.testng.reporters.JUnitReportReporter -->
<testsuite skipped="0" hostname="DESKTOP-0FSTDRC" name="com.freshproposals.selenium.ClientContact" tests="7" failures="0" timestamp="2019-11-14T10:57:30 IST" time="30.253" errors="0">
  <testcase name="login" time="0.593" classname="com.freshproposals.selenium.ClientContact"/>
  <testcase name="CreateNewClient" time="7.713" classname="com.freshproposals.selenium.ClientContact"/>
  <testcase name="CreatenewContact" time="1.395" classname="com.freshproposals.selenium.ClientContact"/>
  <testcase name="newContactaddedintoexistingClient" time="1.537" classname="com.freshproposals.selenium.ClientContact"/>
  <testcase name="ClientUpdated" time="6.368" classname="com.freshproposals.selenium.ClientContact"/>
  <testcase name="ContactUpdated" time="2.406" classname="com.freshproposals.selenium.ClientContact"/>
  <testcase name="ClientDeleted" time="10.241" classname="com.freshproposals.selenium.ClientContact"/>
</testsuite> <!-- com.freshproposals.selenium.ClientContact -->
