<?xml version="1.0" encoding="UTF-8"?>
<!-- Generated by org.testng.reporters.JUnitReportReporter -->
<testsuite skipped="1" hostname="DESKTOP-0FSTDRC" name="com.freshproposals.selenium.Won_Proposal_Verification" tests="6" failures="0" timestamp="2019-11-25T17:35:09 IST" time="53.421" errors="0">
  <testcase name="login" time="0.715" classname="com.freshproposals.selenium.Won_Proposal_Verification"/>
  <testcase name="Dashboard_Get_Won_Value" time="4.210" classname="com.freshproposals.selenium.Won_Proposal_Verification"/>
  <testcase name="createproposal" time="22.707" classname="com.freshproposals.selenium.Won_Proposal_Verification"/>
  <testcase name="Send_and_Copy" time="21.539" classname="com.freshproposals.selenium.Won_Proposal_Verification"/>
  <testcase name="Dashboard_Verify_Won_Value" time="4.250" classname="com.freshproposals.selenium.Won_Proposal_Verification"/>
  <testcase name="contentLibrary" classname="com.freshproposals.selenium.Won_Proposal_Verification">
    <skipped/>
  </testcase> <!-- contentLibrary -->
</testsuite> <!-- com.freshproposals.selenium.Won_Proposal_Verification -->
