<?xml version="1.0" encoding="UTF-8"?>
<!-- Generated by org.testng.reporters.JUnitReportReporter -->
<testsuite skipped="0" hostname="DESKTOP-DFBIVRO" name="com.freshproposals.selenium.ClientContact" tests="7" failures="0" timestamp="2019-11-19T17:19:46 IST" time="56.343" errors="0">
  <testcase name="login" time="0.440" classname="com.freshproposals.selenium.ClientContact"/>
  <testcase name="CreateNewClient" time="33.374" classname="com.freshproposals.selenium.ClientContact"/>
  <testcase name="CreatenewContact" time="1.425" classname="com.freshproposals.selenium.ClientContact"/>
  <testcase name="newContactaddedintoexistingClient" time="2.382" classname="com.freshproposals.selenium.ClientContact"/>
  <testcase name="ClientUpdated" time="6.418" classname="com.freshproposals.selenium.ClientContact"/>
  <testcase name="ContactUpdated" time="2.099" classname="com.freshproposals.selenium.ClientContact"/>
  <testcase name="ClientDeleted" time="10.205" classname="com.freshproposals.selenium.ClientContact"/>
</testsuite> <!-- com.freshproposals.selenium.ClientContact -->
