<?xml version="1.0" encoding="UTF-8"?>
<!-- Generated by org.testng.reporters.JUnitReportReporter -->
<testsuite skipped="0" hostname="DESKTOP-0FSTDRC" name="com.freshproposals.selenium.TextBox_Top_Properties" tests="11" failures="0" timestamp="2019-12-30T12:38:05 IST" time="59.068" errors="0">
  <testcase name="login" time="0.604" classname="com.freshproposals.selenium.TextBox_Top_Properties"/>
  <testcase name="top_Properties" time="12.963" classname="com.freshproposals.selenium.TextBox_Top_Properties"/>
  <testcase name="fontsize36" time="5.501" classname="com.freshproposals.selenium.TextBox_Top_Properties"/>
  <testcase name="Save_36" time="7.403" classname="com.freshproposals.selenium.TextBox_Top_Properties"/>
  <testcase name="delete_all36" time="2.050" classname="com.freshproposals.selenium.TextBox_Top_Properties"/>
  <testcase name="fontsize60" time="5.650" classname="com.freshproposals.selenium.TextBox_Top_Properties"/>
  <testcase name="Save_60" time="7.074" classname="com.freshproposals.selenium.TextBox_Top_Properties"/>
  <testcase name="delete_all60" time="2.865" classname="com.freshproposals.selenium.TextBox_Top_Properties"/>
  <testcase name="fontsize96" time="5.696" classname="com.freshproposals.selenium.TextBox_Top_Properties"/>
  <testcase name="Save_96" time="7.218" classname="com.freshproposals.selenium.TextBox_Top_Properties"/>
  <testcase name="delete_all96" time="2.044" classname="com.freshproposals.selenium.TextBox_Top_Properties"/>
</testsuite> <!-- com.freshproposals.selenium.TextBox_Top_Properties -->
