<?xml version="1.0" encoding="UTF-8"?>
<!-- Generated by org.testng.reporters.JUnitReportReporter -->
<testsuite skipped="0" hostname="DESKTOP-0FSTDRC" name="com.freshproposals.selenium.Signature_Duplicate_Proposal" tests="13" failures="0" timestamp="2020-01-21T15:14:14 IST" time="37.677" errors="0">
  <testcase name="login" time="0.573" classname="com.freshproposals.selenium.Signature_Duplicate_Proposal"/>
  <testcase name="open_Proposal" time="6.038" classname="com.freshproposals.selenium.Signature_Duplicate_Proposal"/>
  <testcase name="height_width" time="3.553" classname="com.freshproposals.selenium.Signature_Duplicate_Proposal"/>
  <testcase name="assert_width_1" time="0.104" classname="com.freshproposals.selenium.Signature_Duplicate_Proposal"/>
  <testcase name="assert_height_1" time="0.074" classname="com.freshproposals.selenium.Signature_Duplicate_Proposal"/>
  <testcase name="duplicate" time="2.431" classname="com.freshproposals.selenium.Signature_Duplicate_Proposal"/>
  <testcase name="DragDrop" time="3.475" classname="com.freshproposals.selenium.Signature_Duplicate_Proposal"/>
  <testcase name="assert_width_2" time="0.089" classname="com.freshproposals.selenium.Signature_Duplicate_Proposal"/>
  <testcase name="assert_height_2" time="0.069" classname="com.freshproposals.selenium.Signature_Duplicate_Proposal"/>
  <testcase name="Save" time="7.424" classname="com.freshproposals.selenium.Signature_Duplicate_Proposal"/>
  <testcase name="clear" time="3.375" classname="com.freshproposals.selenium.Signature_Duplicate_Proposal"/>
  <testcase name="reset_sign_1" time="3.474" classname="com.freshproposals.selenium.Signature_Duplicate_Proposal"/>
  <testcase name="Save2" time="6.998" classname="com.freshproposals.selenium.Signature_Duplicate_Proposal"/>
</testsuite> <!-- com.freshproposals.selenium.Signature_Duplicate_Proposal -->
