<?xml version="1.0" encoding="UTF-8"?>
<!-- Generated by org.testng.reporters.JUnitReportReporter -->
<testsuite skipped="0" hostname="DESKTOP-0FSTDRC" name="com.freshproposals.selenium.Duplicate_Section" tests="9" failures="0" timestamp="2019-12-26T11:04:42 IST" time="39.743" errors="0">
  <testcase name="login" time="0.668" classname="com.freshproposals.selenium.Duplicate_Section"/>
  <testcase name="open_Template" time="5.980" classname="com.freshproposals.selenium.Duplicate_Section"/>
  <testcase name="write" time="5.944" classname="com.freshproposals.selenium.Duplicate_Section"/>
  <testcase name="duplicate" time="2.455" classname="com.freshproposals.selenium.Duplicate_Section"/>
  <testcase name="DragDrop" time="3.480" classname="com.freshproposals.selenium.Duplicate_Section"/>
  <testcase name="Save" time="7.514" classname="com.freshproposals.selenium.Duplicate_Section"/>
  <testcase name="clear" time="5.732" classname="com.freshproposals.selenium.Duplicate_Section"/>
  <testcase name="before_save_result" time="1.009" classname="com.freshproposals.selenium.Duplicate_Section"/>
  <testcase name="Save2" time="6.961" classname="com.freshproposals.selenium.Duplicate_Section"/>
</testsuite> <!-- com.freshproposals.selenium.Duplicate_Section -->
