<?xml version="1.0" encoding="UTF-8"?>
<!-- Generated by org.testng.reporters.JUnitReportReporter -->
<testsuite skipped="0" hostname="DESKTOP-0FSTDRC" name="com.freshproposals.selenium.Send_Proposal_Temp" tests="8" failures="0" timestamp="2020-01-16T19:39:38 IST" time="61.779" errors="0">
  <testcase name="login" time="0.710" classname="com.freshproposals.selenium.Send_Proposal_Temp"/>
  <testcase name="createTemplate" time="9.311" classname="com.freshproposals.selenium.Send_Proposal_Temp"/>
  <testcase name="contentLibrary" time="15.140" classname="com.freshproposals.selenium.Send_Proposal_Temp"/>
  <testcase name="generateProposal" time="7.893" classname="com.freshproposals.selenium.Send_Proposal_Temp"/>
  <testcase name="client" time="5.710" classname="com.freshproposals.selenium.Send_Proposal_Temp"/>
  <testcase name="scrollWindow" time="3.088" classname="com.freshproposals.selenium.Send_Proposal_Temp"/>
  <testcase name="calender" time="10.156" classname="com.freshproposals.selenium.Send_Proposal_Temp"/>
  <testcase name="sendEmail" time="9.771" classname="com.freshproposals.selenium.Send_Proposal_Temp"/>
</testsuite> <!-- com.freshproposals.selenium.Send_Proposal_Temp -->
