<?xml version="1.0" encoding="UTF-8"?>
<!-- Generated by org.testng.reporters.JUnitReportReporter -->
<testsuite skipped="0" hostname="DESKTOP-DFBIVRO" name="com.freshproposals.selenium.TempRead" tests="11" failures="0" timestamp="2019-11-28T16:29:28 IST" time="175.920" errors="0">
  <testcase name="login" time="5.538" classname="com.freshproposals.selenium.TempRead"/>
  <testcase name="ReadTemplate" time="74.364" classname="com.freshproposals.selenium.TempRead"/>
  <testcase name="ReadTemplateCoverLetter" time="10.520" classname="com.freshproposals.selenium.TempRead"/>
  <testcase name="ReadTemplateExecutiveSummary" time="10.424" classname="com.freshproposals.selenium.TempRead"/>
  <testcase name="ReadTemplateAboutUs" time="10.466" classname="com.freshproposals.selenium.TempRead"/>
  <testcase name="ReadTemplateProjectActivity" time="10.586" classname="com.freshproposals.selenium.TempRead"/>
  <testcase name="ReadTemplatePreview" time="12.373" classname="com.freshproposals.selenium.TempRead"/>
  <testcase name="ReadTemplateCoverLetterPreview" time="10.456" classname="com.freshproposals.selenium.TempRead"/>
  <testcase name="ReadTemplateExecutiveSummaryPreview" time="10.389" classname="com.freshproposals.selenium.TempRead"/>
  <testcase name="ReadTemplateAboutUsPreview" time="10.350" classname="com.freshproposals.selenium.TempRead"/>
  <testcase name="ReadTemplateProjectActivityPreview" time="10.454" classname="com.freshproposals.selenium.TempRead"/>
</testsuite> <!-- com.freshproposals.selenium.TempRead -->
