<?xml version="1.0" encoding="UTF-8"?>
<!-- Generated by org.testng.reporters.JUnitReportReporter -->
<testsuite skipped="0" hostname="DESKTOP-0FSTDRC" name="com.freshproposals.selenium.Signature_Template" tests="23" failures="0" timestamp="2020-02-27T13:00:42 IST" time="97.334" errors="0">
  <testcase name="login" time="5.683" classname="com.freshproposals.selenium.Signature_Template"/>
  <testcase name="open_Proposal" time="10.682" classname="com.freshproposals.selenium.Signature_Template"/>
  <testcase name="width" time="1.332" classname="com.freshproposals.selenium.Signature_Template"/>
  <testcase name="height" time="1.212" classname="com.freshproposals.selenium.Signature_Template"/>
  <testcase name="Save_height_width" time="8.783" classname="com.freshproposals.selenium.Signature_Template"/>
  <testcase name="reflect_width" time="0.257" classname="com.freshproposals.selenium.Signature_Template"/>
  <testcase name="reflect_height" time="0.160" classname="com.freshproposals.selenium.Signature_Template"/>
  <testcase name="Reset_height_width" time="2.411" classname="com.freshproposals.selenium.Signature_Template"/>
  <testcase name="corner" time="1.167" classname="com.freshproposals.selenium.Signature_Template"/>
  <testcase name="rotate" time="1.173" classname="com.freshproposals.selenium.Signature_Template"/>
  <testcase name="color" time="7.640" classname="com.freshproposals.selenium.Signature_Template"/>
  <testcase name="border_width" time="4.378" classname="com.freshproposals.selenium.Signature_Template"/>
  <testcase name="border_style" time="1.320" classname="com.freshproposals.selenium.Signature_Template"/>
  <testcase name="padding_top" time="1.427" classname="com.freshproposals.selenium.Signature_Template"/>
  <testcase name="padding_left" time="1.213" classname="com.freshproposals.selenium.Signature_Template"/>
  <testcase name="pading_bottom" time="1.268" classname="com.freshproposals.selenium.Signature_Template"/>
  <testcase name="padding_right" time="1.228" classname="com.freshproposals.selenium.Signature_Template"/>
  <testcase name="Save" time="8.981" classname="com.freshproposals.selenium.Signature_Template"/>
  <testcase name="reflect_corner" time="0.292" classname="com.freshproposals.selenium.Signature_Template"/>
  <testcase name="reflect_border_width" time="5.096" classname="com.freshproposals.selenium.Signature_Template"/>
  <testcase name="reflect_border_style" time="5.085" classname="com.freshproposals.selenium.Signature_Template"/>
  <testcase name="reflect_padding" time="5.225" classname="com.freshproposals.selenium.Signature_Template"/>
  <testcase name="Reset_All" time="21.321" classname="com.freshproposals.selenium.Signature_Template"/>
</testsuite> <!-- com.freshproposals.selenium.Signature_Template -->
