<?xml version="1.0" encoding="UTF-8"?>
<!-- Generated by org.testng.reporters.JUnitReportReporter -->
<testsuite skipped="0" hostname="DESKTOP-DFBIVRO" name="com.freshproposals.selenium.RectangleandLineRepositioninProposal" tests="5" failures="0" timestamp="2020-03-04T15:55:17 IST" time="61.564" errors="0">
  <testcase name="login" time="5.532" classname="com.freshproposals.selenium.RectangleandLineRepositioninProposal"/>
  <testcase name="GetURL" time="10.291" classname="com.freshproposals.selenium.RectangleandLineRepositioninProposal"/>
  <testcase name="Rectangleverification" time="12.841" classname="com.freshproposals.selenium.RectangleandLineRepositioninProposal"/>
  <testcase name="RectangleRepositionVerification" time="15.333" classname="com.freshproposals.selenium.RectangleandLineRepositioninProposal"/>
  <testcase name="RectangleRepositionReset" time="17.567" classname="com.freshproposals.selenium.RectangleandLineRepositioninProposal"/>
</testsuite> <!-- com.freshproposals.selenium.RectangleandLineRepositioninProposal -->
