<?xml version="1.0" encoding="UTF-8"?>
<!-- Generated by org.testng.reporters.JUnitReportReporter -->
<testsuite skipped="1" hostname="DESKTOP-0FSTDRC" name="com.freshproposals.selenium.Won_Proposal_Verification" tests="6" failures="0" timestamp="2020-01-30T15:15:06 IST" time="69.258" errors="0">
  <testcase name="login" time="0.721" classname="com.freshproposals.selenium.Won_Proposal_Verification"/>
  <testcase name="Dashboard_Get_Won_Value" time="10.071" classname="com.freshproposals.selenium.Won_Proposal_Verification"/>
  <testcase name="generateProposal" time="30.314" classname="com.freshproposals.selenium.Won_Proposal_Verification"/>
  <testcase name="Send_and_Copy" time="24.455" classname="com.freshproposals.selenium.Won_Proposal_Verification"/>
  <testcase name="Dashboard_Verify_Won_Value" time="3.697" classname="com.freshproposals.selenium.Won_Proposal_Verification"/>
  <testcase name="contentLibrary" classname="com.freshproposals.selenium.Won_Proposal_Verification">
    <skipped/>
  </testcase> <!-- contentLibrary -->
</testsuite> <!-- com.freshproposals.selenium.Won_Proposal_Verification -->
