<?xml version="1.0" encoding="UTF-8"?>
<!-- Generated by org.testng.reporters.JUnitReportReporter -->
<testsuite skipped="0" hostname="DESKTOP-0FSTDRC" name="com.freshproposals.selenium.Signature_Proposal" tests="24" failures="0" timestamp="2020-01-22T17:17:44 IST" time="88.054" errors="0">
  <testcase name="login" time="0.620" classname="com.freshproposals.selenium.Signature_Proposal"/>
  <testcase name="open_Proposal" time="9.872" classname="com.freshproposals.selenium.Signature_Proposal"/>
  <testcase name="width" time="1.225" classname="com.freshproposals.selenium.Signature_Proposal"/>
  <testcase name="height" time="1.209" classname="com.freshproposals.selenium.Signature_Proposal"/>
  <testcase name="Save_height_width" time="7.368" classname="com.freshproposals.selenium.Signature_Proposal"/>
  <testcase name="reflect_width" time="0.883" classname="com.freshproposals.selenium.Signature_Proposal"/>
  <testcase name="reflect_height" time="0.092" classname="com.freshproposals.selenium.Signature_Proposal"/>
  <testcase name="Reset_height_width" time="2.391" classname="com.freshproposals.selenium.Signature_Proposal"/>
  <testcase name="corner" time="1.206" classname="com.freshproposals.selenium.Signature_Proposal"/>
  <testcase name="rotate" time="1.222" classname="com.freshproposals.selenium.Signature_Proposal"/>
  <testcase name="color" time="7.965" classname="com.freshproposals.selenium.Signature_Proposal"/>
  <testcase name="border_width" time="4.335" classname="com.freshproposals.selenium.Signature_Proposal"/>
  <testcase name="border_style" time="1.323" classname="com.freshproposals.selenium.Signature_Proposal"/>
  <testcase name="padding_top" time="1.403" classname="com.freshproposals.selenium.Signature_Proposal"/>
  <testcase name="padding_left" time="1.203" classname="com.freshproposals.selenium.Signature_Proposal"/>
  <testcase name="pading_bottom" time="1.195" classname="com.freshproposals.selenium.Signature_Proposal"/>
  <testcase name="padding_right" time="1.193" classname="com.freshproposals.selenium.Signature_Proposal"/>
  <testcase name="signee" time="1.097" classname="com.freshproposals.selenium.Signature_Proposal"/>
  <testcase name="Save" time="7.384" classname="com.freshproposals.selenium.Signature_Proposal"/>
  <testcase name="reflect_corner" time="0.943" classname="com.freshproposals.selenium.Signature_Proposal"/>
  <testcase name="reflect_border_width" time="5.072" classname="com.freshproposals.selenium.Signature_Proposal"/>
  <testcase name="reflect_border_style" time="5.122" classname="com.freshproposals.selenium.Signature_Proposal"/>
  <testcase name="reflect_padding" time="5.156" classname="com.freshproposals.selenium.Signature_Proposal"/>
  <testcase name="Reset_All" time="18.575" classname="com.freshproposals.selenium.Signature_Proposal"/>
</testsuite> <!-- com.freshproposals.selenium.Signature_Proposal -->
