<?xml version="1.0" encoding="UTF-8"?>
<!-- Generated by org.testng.reporters.JUnitReportReporter -->
<testsuite skipped="0" hostname="DESKTOP-0FSTDRC" name="com.freshproposals.Send_Proposal_Temp" tests="8" failures="0" timestamp="2019-11-04T17:38:36 IST" time="48.510" errors="0">
  <testcase name="login" time="0.758" classname="com.freshproposals.Send_Proposal_Temp"/>
  <testcase name="createTemplate" time="13.917" classname="com.freshproposals.Send_Proposal_Temp"/>
  <testcase name="contentLibrary" time="7.448" classname="com.freshproposals.Send_Proposal_Temp"/>
  <testcase name="generateProposal" time="8.316" classname="com.freshproposals.Send_Proposal_Temp"/>
  <testcase name="client" time="3.254" classname="com.freshproposals.Send_Proposal_Temp"/>
  <testcase name="scrollWindow" time="3.055" classname="com.freshproposals.Send_Proposal_Temp"/>
  <testcase name="calender" time="3.556" classname="com.freshproposals.Send_Proposal_Temp"/>
  <testcase name="sendEmail" time="8.206" classname="com.freshproposals.Send_Proposal_Temp"/>
</testsuite> <!-- com.freshproposals.Send_Proposal_Temp -->
