<?xml version="1.0" encoding="UTF-8"?>
<!-- Generated by org.testng.reporters.JUnitReportReporter -->
<testsuite skipped="0" hostname="DESKTOP-0FSTDRC" name="com.freshproposals.F2B2_Multiple" tests="5" failures="0" timestamp="2019-11-01T11:35:19 IST" time="27.267" errors="0">
  <testcase name="login" time="0.643" classname="com.freshproposals.F2B2_Multiple"/>
  <testcase name="Backward" time="14.225" classname="com.freshproposals.F2B2_Multiple"/>
  <testcase name="Back" time="3.441" classname="com.freshproposals.F2B2_Multiple"/>
  <testcase name="Forward" time="5.581" classname="com.freshproposals.F2B2_Multiple"/>
  <testcase name="Front" time="3.377" classname="com.freshproposals.F2B2_Multiple"/>
</testsuite> <!-- com.freshproposals.F2B2_Multiple -->
