<?xml version="1.0" encoding="UTF-8"?>
<!-- Generated by org.testng.reporters.JUnitReportReporter -->
<testsuite skipped="0" hostname="DESKTOP-DFBIVRO" name="com.freshproposals.selenium.FontPropertiesInSection" tests="13" failures="0" timestamp="2020-03-04T16:11:36 IST" time="94.865" errors="0">
  <testcase name="login" time="5.514" classname="com.freshproposals.selenium.FontPropertiesInSection"/>
  <testcase name="FontPropertiesHeading1" time="20.217" classname="com.freshproposals.selenium.FontPropertiesInSection"/>
  <testcase name="Heading1PropertiesInPreview" time="6.155" classname="com.freshproposals.selenium.FontPropertiesInSection"/>
  <testcase name="FontPropertiesHeading2" time="9.598" classname="com.freshproposals.selenium.FontPropertiesInSection"/>
  <testcase name="FontPropertiesHeading2Preview" time="5.745" classname="com.freshproposals.selenium.FontPropertiesInSection"/>
  <testcase name="Heading3Properties" time="5.721" classname="com.freshproposals.selenium.FontPropertiesInSection"/>
  <testcase name="Heading3PropertiesInPreview" time="5.727" classname="com.freshproposals.selenium.FontPropertiesInSection"/>
  <testcase name="Heading4FontProperties" time="5.759" classname="com.freshproposals.selenium.FontPropertiesInSection"/>
  <testcase name="Heading4FontPropertiesInPreview" time="5.743" classname="com.freshproposals.selenium.FontPropertiesInSection"/>
  <testcase name="FontBodyProperties" time="5.740" classname="com.freshproposals.selenium.FontPropertiesInSection"/>
  <testcase name="FontBodyPropertiesInPreview" time="7.476" classname="com.freshproposals.selenium.FontPropertiesInSection"/>
  <testcase name="FontQuoteProperties" time="5.772" classname="com.freshproposals.selenium.FontPropertiesInSection"/>
  <testcase name="FontQuotePropertiesInPreview" time="5.698" classname="com.freshproposals.selenium.FontPropertiesInSection"/>
</testsuite> <!-- com.freshproposals.selenium.FontPropertiesInSection -->
