<?xml version="1.0" encoding="UTF-8"?>
<!-- Generated by org.testng.reporters.JUnitReportReporter -->
<testsuite skipped="0" hostname="DESKTOP-0FSTDRC" name="com.freshproposals.selenium.ExistingVariable" tests="2" failures="0" timestamp="2020-02-26T12:25:10 IST" time="51.145" errors="0">
  <testcase name="login" time="0.603" classname="com.freshproposals.selenium.ExistingVariable"/>
  <testcase name="verifyVeriable" time="50.542" classname="com.freshproposals.selenium.ExistingVariable"/>
</testsuite> <!-- com.freshproposals.selenium.ExistingVariable -->
