<?xml version="1.0" encoding="UTF-8"?>
<!-- Generated by org.testng.reporters.JUnitReportReporter -->
<testsuite skipped="0" hostname="DESKTOP-0FSTDRC" name="com.freshproposals.selenium.TextBox_Top_Properties" tests="13" failures="0" timestamp="2019-12-18T20:05:26 IST" time="68.518" errors="0">
  <testcase name="login" time="0.841" classname="com.freshproposals.selenium.TextBox_Top_Properties"/>
  <testcase name="top_Properties" time="18.104" classname="com.freshproposals.selenium.TextBox_Top_Properties"/>
  <testcase name="click_reflect_h1" time="2.649" classname="com.freshproposals.selenium.TextBox_Top_Properties"/>
  <testcase name="click_reflect_h2" time="2.575" classname="com.freshproposals.selenium.TextBox_Top_Properties"/>
  <testcase name="click_reflect_h3" time="8.615" classname="com.freshproposals.selenium.TextBox_Top_Properties"/>
  <testcase name="click_reflect_h4" time="6.382" classname="com.freshproposals.selenium.TextBox_Top_Properties"/>
  <testcase name="click_reflect_body" time="4.388" classname="com.freshproposals.selenium.TextBox_Top_Properties"/>
  <testcase name="click_reflect_quote" time="6.277" classname="com.freshproposals.selenium.TextBox_Top_Properties"/>
  <testcase name="click_reflect_default" time="8.552" classname="com.freshproposals.selenium.TextBox_Top_Properties"/>
  <testcase name="click_reflect_single" time="2.440" classname="com.freshproposals.selenium.TextBox_Top_Properties"/>
  <testcase name="click_reflect_1point15" time="2.626" classname="com.freshproposals.selenium.TextBox_Top_Properties"/>
  <testcase name="click_reflect_1point5" time="2.578" classname="com.freshproposals.selenium.TextBox_Top_Properties"/>
  <testcase name="click_reflect_double" time="2.491" classname="com.freshproposals.selenium.TextBox_Top_Properties"/>
</testsuite> <!-- com.freshproposals.selenium.TextBox_Top_Properties -->
