<?xml version="1.0" encoding="UTF-8"?>
<!-- Generated by org.testng.reporters.JUnitReportReporter -->
<testsuite skipped="0" hostname="DESKTOP-DFBIVRO" name="com.freshproposals.selenium.UpdatedVariables" tests="6" failures="0" timestamp="2020-03-04T12:24:33 IST" time="186.834" errors="0">
  <testcase name="login" time="5.611" classname="com.freshproposals.selenium.UpdatedVariables"/>
  <testcase name="Variable" time="18.417" classname="com.freshproposals.selenium.UpdatedVariables"/>
  <testcase name="updatedUserProfile" time="22.533" classname="com.freshproposals.selenium.UpdatedVariables"/>
  <testcase name="UpdateCompanyProfile" time="28.909" classname="com.freshproposals.selenium.UpdatedVariables"/>
  <testcase name="UpdateClientContact" time="36.570" classname="com.freshproposals.selenium.UpdatedVariables"/>
  <testcase name="ResetVariable" time="74.794" classname="com.freshproposals.selenium.UpdatedVariables"/>
</testsuite> <!-- com.freshproposals.selenium.UpdatedVariables -->
