<?xml version="1.0" encoding="UTF-8"?>
<!-- Generated by org.testng.reporters.JUnitReportReporter -->
<testsuite skipped="0" hostname="DESKTOP-0FSTDRC" name="com.freshproposals.selenium.Ellipse_Duplicate_Section" tests="13" failures="0" timestamp="2020-03-03T18:01:11 IST" time="39.744" errors="0">
  <testcase name="login" time="0.640" classname="com.freshproposals.selenium.Ellipse_Duplicate_Section"/>
  <testcase name="open_Template" time="8.841" classname="com.freshproposals.selenium.Ellipse_Duplicate_Section"/>
  <testcase name="height_width" time="3.522" classname="com.freshproposals.selenium.Ellipse_Duplicate_Section"/>
  <testcase name="assert_width_1" time="0.082" classname="com.freshproposals.selenium.Ellipse_Duplicate_Section"/>
  <testcase name="assert_height_1" time="0.067" classname="com.freshproposals.selenium.Ellipse_Duplicate_Section"/>
  <testcase name="duplicate" time="2.368" classname="com.freshproposals.selenium.Ellipse_Duplicate_Section"/>
  <testcase name="DragDrop" time="3.390" classname="com.freshproposals.selenium.Ellipse_Duplicate_Section"/>
  <testcase name="assert_width_2" time="0.098" classname="com.freshproposals.selenium.Ellipse_Duplicate_Section"/>
  <testcase name="assert_height_2" time="0.063" classname="com.freshproposals.selenium.Ellipse_Duplicate_Section"/>
  <testcase name="Save" time="6.973" classname="com.freshproposals.selenium.Ellipse_Duplicate_Section"/>
  <testcase name="clear" time="3.227" classname="com.freshproposals.selenium.Ellipse_Duplicate_Section"/>
  <testcase name="reset_sign_1" time="3.454" classname="com.freshproposals.selenium.Ellipse_Duplicate_Section"/>
  <testcase name="Save2" time="7.019" classname="com.freshproposals.selenium.Ellipse_Duplicate_Section"/>
</testsuite> <!-- com.freshproposals.selenium.Ellipse_Duplicate_Section -->
