<?xml version="1.0" encoding="UTF-8"?>
<!-- Generated by org.testng.reporters.JUnitReportReporter -->
<testsuite skipped="0" hostname="DESKTOP-DFBIVRO" name="com.freshproposals.selenium.ShapeLineProperties" tests="3" failures="0" timestamp="2019-11-19T16:06:31 IST" time="55.236" errors="0">
  <testcase name="login" time="0.489" classname="com.freshproposals.selenium.ShapeLineProperties"/>
  <testcase name="LineProperties" time="52.624" classname="com.freshproposals.selenium.ShapeLineProperties"/>
  <testcase name="shapeResize" time="2.123" classname="com.freshproposals.selenium.ShapeLineProperties"/>
</testsuite> <!-- com.freshproposals.selenium.ShapeLineProperties -->
