<?xml version="1.0" encoding="UTF-8"?>
<!-- Generated by org.testng.reporters.JUnitReportReporter -->
<testsuite skipped="0" hostname="DESKTOP-0FSTDRC" name="com.freshproposals.selenium.TextBox_Duplicate_Proposal" tests="9" failures="0" timestamp="2020-01-21T17:22:45 IST" time="40.669" errors="0">
  <testcase name="login" time="0.594" classname="com.freshproposals.selenium.TextBox_Duplicate_Proposal"/>
  <testcase name="open_Proposal" time="6.436" classname="com.freshproposals.selenium.TextBox_Duplicate_Proposal"/>
  <testcase name="write" time="6.123" classname="com.freshproposals.selenium.TextBox_Duplicate_Proposal"/>
  <testcase name="duplicate" time="2.444" classname="com.freshproposals.selenium.TextBox_Duplicate_Proposal"/>
  <testcase name="DragDrop" time="3.489" classname="com.freshproposals.selenium.TextBox_Duplicate_Proposal"/>
  <testcase name="Save" time="7.346" classname="com.freshproposals.selenium.TextBox_Duplicate_Proposal"/>
  <testcase name="clear" time="5.916" classname="com.freshproposals.selenium.TextBox_Duplicate_Proposal"/>
  <testcase name="Save2" time="7.312" classname="com.freshproposals.selenium.TextBox_Duplicate_Proposal"/>
  <testcase name="final_Result" time="1.009" classname="com.freshproposals.selenium.TextBox_Duplicate_Proposal"/>
</testsuite> <!-- com.freshproposals.selenium.TextBox_Duplicate_Proposal -->
