<?xml version="1.0" encoding="UTF-8"?>
<!-- Generated by org.testng.reporters.JUnitReportReporter -->
<testsuite skipped="0" hostname="DESKTOP-0FSTDRC" name="com.freshproposals.selenium.Image_Duplicate_Template" tests="11" failures="0" timestamp="2020-02-28T17:54:58 IST" time="47.258" errors="0">
  <testcase name="login" time="0.613" classname="com.freshproposals.selenium.Image_Duplicate_Template"/>
  <testcase name="open_Template" time="9.602" classname="com.freshproposals.selenium.Image_Duplicate_Template"/>
  <testcase name="height_width" time="5.652" classname="com.freshproposals.selenium.Image_Duplicate_Template"/>
  <testcase name="assert_width_1" time="0.213" classname="com.freshproposals.selenium.Image_Duplicate_Template"/>
  <testcase name="duplicate" time="2.421" classname="com.freshproposals.selenium.Image_Duplicate_Template"/>
  <testcase name="DragDrop" time="3.451" classname="com.freshproposals.selenium.Image_Duplicate_Template"/>
  <testcase name="assert_width_2" time="0.135" classname="com.freshproposals.selenium.Image_Duplicate_Template"/>
  <testcase name="Save" time="7.108" classname="com.freshproposals.selenium.Image_Duplicate_Template"/>
  <testcase name="clear" time="7.404" classname="com.freshproposals.selenium.Image_Duplicate_Template"/>
  <testcase name="reset_sign_1" time="3.467" classname="com.freshproposals.selenium.Image_Duplicate_Template"/>
  <testcase name="Save2" time="7.192" classname="com.freshproposals.selenium.Image_Duplicate_Template"/>
</testsuite> <!-- com.freshproposals.selenium.Image_Duplicate_Template -->
