<?xml version="1.0" encoding="UTF-8"?>
<!-- Generated by org.testng.reporters.JUnitReportReporter -->
<testsuite skipped="0" hostname="DESKTOP-0FSTDRC" name="com.freshproposals.selenium.Push_Template" tests="4" failures="0" timestamp="2020-01-28T14:47:51 IST" time="41.433" errors="0">
  <testcase name="login" time="0.690" classname="com.freshproposals.selenium.Push_Template"/>
  <testcase name="createTemplate" time="12.557" classname="com.freshproposals.selenium.Push_Template"/>
  <testcase name="TemplateVersion" time="26.179" classname="com.freshproposals.selenium.Push_Template"/>
  <testcase name="Assert_Temp" time="2.007" classname="com.freshproposals.selenium.Push_Template"/>
</testsuite> <!-- com.freshproposals.selenium.Push_Template -->
