<?xml version="1.0" encoding="UTF-8"?>
<!-- Generated by org.testng.reporters.JUnitReportReporter -->
<testsuite skipped="0" hostname="DESKTOP-0FSTDRC" name="com.freshproposals.selenium.F2B2" tests="5" failures="0" timestamp="2019-11-27T15:31:22 IST" time="32.737" errors="0">
  <testcase name="login" time="0.687" classname="com.freshproposals.selenium.F2B2"/>
  <testcase name="Backward" time="20.417" classname="com.freshproposals.selenium.F2B2"/>
  <testcase name="Back" time="4.006" classname="com.freshproposals.selenium.F2B2"/>
  <testcase name="Front" time="3.765" classname="com.freshproposals.selenium.F2B2"/>
  <testcase name="Forward" time="3.862" classname="com.freshproposals.selenium.F2B2"/>
</testsuite> <!-- com.freshproposals.selenium.F2B2 -->
