<?xml version="1.0" encoding="UTF-8"?>
<!-- Generated by org.testng.reporters.JUnitReportReporter -->
<testsuite skipped="3" hostname="DESKTOP-0FSTDRC" name="com.freshproposals.selenium.TextBox_Top_Properties" tests="12" failures="0" timestamp="2019-11-14T19:21:38 IST" time="91.962" errors="0">
  <testcase name="login" time="0.624" classname="com.freshproposals.selenium.TextBox_Top_Properties"/>
  <testcase name="top_Properties" time="12.279" classname="com.freshproposals.selenium.TextBox_Top_Properties"/>
  <testcase name="paragraph_Style" time="14.526" classname="com.freshproposals.selenium.TextBox_Top_Properties"/>
  <testcase name="lineHeight" time="17.769" classname="com.freshproposals.selenium.TextBox_Top_Properties"/>
  <testcase name="align" time="9.619" classname="com.freshproposals.selenium.TextBox_Top_Properties"/>
  <testcase name="orderList" time="14.107" classname="com.freshproposals.selenium.TextBox_Top_Properties"/>
  <testcase name="unorderList" time="9.221" classname="com.freshproposals.selenium.TextBox_Top_Properties"/>
  <testcase name="insertLink" time="5.008" classname="com.freshproposals.selenium.TextBox_Top_Properties"/>
  <testcase name="linkStyle" time="8.809" classname="com.freshproposals.selenium.TextBox_Top_Properties"/>
  <testcase name="fonrSize" classname="com.freshproposals.selenium.TextBox_Top_Properties">
    <skipped/>
  </testcase> <!-- fonrSize -->
  <testcase name="setting" classname="com.freshproposals.selenium.TextBox_Top_Properties">
    <skipped/>
  </testcase> <!-- setting -->
  <testcase name="textColor" classname="com.freshproposals.selenium.TextBox_Top_Properties">
    <skipped/>
  </testcase> <!-- textColor -->
</testsuite> <!-- com.freshproposals.selenium.TextBox_Top_Properties -->
