<?xml version="1.0" encoding="UTF-8"?>
<!-- Generated by org.testng.reporters.JUnitReportReporter -->
<testsuite skipped="0" hostname="DESKTOP-0FSTDRC" name="com.freshproposals.selenium.SectionHeading1PropertiesInPreview" tests="7" failures="0" timestamp="2019-11-08T13:13:13 IST" time="10.756" errors="0">
  <testcase name="login" time="0.755" classname="com.freshproposals.selenium.SectionHeading1PropertiesInPreview"/>
  <testcase name="ReadtextFontsize" time="9.850" classname="com.freshproposals.selenium.SectionHeading1PropertiesInPreview"/>
  <testcase name="ReadFontColor" time="0.038" classname="com.freshproposals.selenium.SectionHeading1PropertiesInPreview"/>
  <testcase name="FontStyle" time="0.028" classname="com.freshproposals.selenium.SectionHeading1PropertiesInPreview"/>
  <testcase name="FontAlignment" time="0.028" classname="com.freshproposals.selenium.SectionHeading1PropertiesInPreview"/>
  <testcase name="Fontfamily" time="0.029" classname="com.freshproposals.selenium.SectionHeading1PropertiesInPreview"/>
  <testcase name="FontWeight" time="0.028" classname="com.freshproposals.selenium.SectionHeading1PropertiesInPreview"/>
</testsuite> <!-- com.freshproposals.selenium.SectionHeading1PropertiesInPreview -->
