<?xml version="1.0" encoding="UTF-8"?>
<!-- Generated by org.testng.reporters.JUnitReportReporter -->
<testsuite skipped="0" hostname="DESKTOP-0FSTDRC" name="com.freshproposals.selenium.SectionHeading1Properties" tests="7" failures="0" timestamp="2019-11-19T15:05:24 IST" time="9.677" errors="0">
  <testcase name="login" time="0.740" classname="com.freshproposals.selenium.SectionHeading1Properties"/>
  <testcase name="ReadtextFontsize" time="8.713" classname="com.freshproposals.selenium.SectionHeading1Properties"/>
  <testcase name="ReadFontColor" time="0.054" classname="com.freshproposals.selenium.SectionHeading1Properties"/>
  <testcase name="FontStyle" time="0.043" classname="com.freshproposals.selenium.SectionHeading1Properties"/>
  <testcase name="FontAlignment" time="0.037" classname="com.freshproposals.selenium.SectionHeading1Properties"/>
  <testcase name="Fontfamily" time="0.044" classname="com.freshproposals.selenium.SectionHeading1Properties"/>
  <testcase name="FontWeight" time="0.046" classname="com.freshproposals.selenium.SectionHeading1Properties"/>
</testsuite> <!-- com.freshproposals.selenium.SectionHeading1Properties -->
