<?xml version="1.0" encoding="UTF-8"?>
<!-- Generated by org.testng.reporters.JUnitReportReporter -->
<testsuite skipped="0" hostname="DESKTOP-0FSTDRC" name="com.freshproposals.selenium.Signature_DragDrop_Position_Template" tests="6" failures="0" timestamp="2020-03-17T13:54:52 IST" time="59.755" errors="0">
  <testcase name="login" time="0.877" classname="com.freshproposals.selenium.Signature_DragDrop_Position_Template"/>
  <testcase name="openExistTemplate" time="28.383" classname="com.freshproposals.selenium.Signature_DragDrop_Position_Template"/>
  <testcase name="Get_Position" time="8.601" classname="com.freshproposals.selenium.Signature_DragDrop_Position_Template"/>
  <testcase name="DragDrop" time="5.257" classname="com.freshproposals.selenium.Signature_DragDrop_Position_Template"/>
  <testcase name="DragDrop_Get_Position" time="8.798" classname="com.freshproposals.selenium.Signature_DragDrop_Position_Template"/>
  <testcase name="Reset" time="7.839" classname="com.freshproposals.selenium.Signature_DragDrop_Position_Template"/>
</testsuite> <!-- com.freshproposals.selenium.Signature_DragDrop_Position_Template -->
