<?xml version="1.0" encoding="UTF-8"?>
<!-- Generated by org.testng.reporters.JUnitReportReporter -->
<testsuite skipped="0" hostname="DESKTOP-0FSTDRC" name="com.freshproposals.selenium.ExistingVariable" tests="2" failures="0" timestamp="2020-01-21T10:53:41 IST" time="7.572" errors="0">
  <testcase name="login" time="0.763" classname="com.freshproposals.selenium.ExistingVariable"/>
  <testcase name="verifyVeriable" time="6.809" classname="com.freshproposals.selenium.ExistingVariable"/>
</testsuite> <!-- com.freshproposals.selenium.ExistingVariable -->
