<?xml version="1.0" encoding="UTF-8"?>
<!-- Generated by org.testng.reporters.JUnitReportReporter -->
<testsuite skipped="0" hostname="DESKTOP-0FSTDRC" name="com.freshproposals.selenium.Existing_Single_Image" tests="14" failures="0" timestamp="2019-11-28T12:55:20 IST" time="56.354" errors="0">
  <testcase name="login" time="0.580" classname="com.freshproposals.selenium.Existing_Single_Image"/>
  <testcase name="openExistTemplate" time="28.175" classname="com.freshproposals.selenium.Existing_Single_Image"/>
  <testcase name="width" time="4.618" classname="com.freshproposals.selenium.Existing_Single_Image"/>
  <testcase name="rotate" time="3.258" classname="com.freshproposals.selenium.Existing_Single_Image"/>
  <testcase name="color" time="4.550" classname="com.freshproposals.selenium.Existing_Single_Image"/>
  <testcase name="corner" time="1.239" classname="com.freshproposals.selenium.Existing_Single_Image"/>
  <testcase name="opacity" time="0.696" classname="com.freshproposals.selenium.Existing_Single_Image"/>
  <testcase name="border_width" time="2.542" classname="com.freshproposals.selenium.Existing_Single_Image"/>
  <testcase name="border_style" time="1.469" classname="com.freshproposals.selenium.Existing_Single_Image"/>
  <testcase name="padding_top" time="2.447" classname="com.freshproposals.selenium.Existing_Single_Image"/>
  <testcase name="padding_left" time="1.394" classname="com.freshproposals.selenium.Existing_Single_Image"/>
  <testcase name="padding_bottom" time="1.286" classname="com.freshproposals.selenium.Existing_Single_Image"/>
  <testcase name="padding_right" time="0.330" classname="com.freshproposals.selenium.Existing_Single_Image"/>
  <testcase name="greyscale" time="3.770" classname="com.freshproposals.selenium.Existing_Single_Image"/>
</testsuite> <!-- com.freshproposals.selenium.Existing_Single_Image -->
