<?xml version="1.0" encoding="UTF-8"?>
<!-- Generated by org.testng.reporters.JUnitReportReporter -->
<testsuite skipped="0" hostname="DESKTOP-0FSTDRC" name="com.freshproposals.selenium.Analytics_Template" tests="7" failures="0" timestamp="2019-12-24T12:27:21 IST" time="60.449" errors="0">
  <testcase name="login" time="0.671" classname="com.freshproposals.selenium.Analytics_Template"/>
  <testcase name="openTemplate" time="11.419" classname="com.freshproposals.selenium.Analytics_Template"/>
  <testcase name="generateProposal" time="9.737" classname="com.freshproposals.selenium.Analytics_Template"/>
  <testcase name="client" time="3.871" classname="com.freshproposals.selenium.Analytics_Template"/>
  <testcase name="scrollWindow" time="3.046" classname="com.freshproposals.selenium.Analytics_Template"/>
  <testcase name="calender" time="9.798" classname="com.freshproposals.selenium.Analytics_Template"/>
  <testcase name="copyLink" time="21.907" classname="com.freshproposals.selenium.Analytics_Template"/>
</testsuite> <!-- com.freshproposals.selenium.Analytics_Template -->
