<?xml version="1.0" encoding="UTF-8"?>
<!-- Generated by org.testng.reporters.JUnitReportReporter -->
<testsuite skipped="0" hostname="DESKTOP-0FSTDRC" name="com.freshproposals.selenium.Signature_Template" tests="23" failures="0" timestamp="2020-01-02T18:38:44 IST" time="96.733" errors="0">
  <testcase name="login" time="0.769" classname="com.freshproposals.selenium.Signature_Template"/>
  <testcase name="open_Proposal" time="10.305" classname="com.freshproposals.selenium.Signature_Template"/>
  <testcase name="width" time="1.293" classname="com.freshproposals.selenium.Signature_Template"/>
  <testcase name="height" time="1.214" classname="com.freshproposals.selenium.Signature_Template"/>
  <testcase name="Save_height_width" time="10.611" classname="com.freshproposals.selenium.Signature_Template"/>
  <testcase name="reflect_width" time="0.927" classname="com.freshproposals.selenium.Signature_Template"/>
  <testcase name="reflect_height" time="0.133" classname="com.freshproposals.selenium.Signature_Template"/>
  <testcase name="Reset_height_width" time="2.681" classname="com.freshproposals.selenium.Signature_Template"/>
  <testcase name="corner" time="1.355" classname="com.freshproposals.selenium.Signature_Template"/>
  <testcase name="rotate" time="1.236" classname="com.freshproposals.selenium.Signature_Template"/>
  <testcase name="color" time="7.764" classname="com.freshproposals.selenium.Signature_Template"/>
  <testcase name="border_width" time="4.399" classname="com.freshproposals.selenium.Signature_Template"/>
  <testcase name="border_style" time="1.645" classname="com.freshproposals.selenium.Signature_Template"/>
  <testcase name="padding_top" time="1.588" classname="com.freshproposals.selenium.Signature_Template"/>
  <testcase name="padding_left" time="1.359" classname="com.freshproposals.selenium.Signature_Template"/>
  <testcase name="pading_bottom" time="1.245" classname="com.freshproposals.selenium.Signature_Template"/>
  <testcase name="padding_right" time="1.414" classname="com.freshproposals.selenium.Signature_Template"/>
  <testcase name="Save" time="7.329" classname="com.freshproposals.selenium.Signature_Template"/>
  <testcase name="reflect_corner" time="0.917" classname="com.freshproposals.selenium.Signature_Template"/>
  <testcase name="reflect_border_width" time="5.084" classname="com.freshproposals.selenium.Signature_Template"/>
  <testcase name="reflect_border_style" time="5.220" classname="com.freshproposals.selenium.Signature_Template"/>
  <testcase name="reflect_padding" time="5.431" classname="com.freshproposals.selenium.Signature_Template"/>
  <testcase name="Reset_All" time="22.814" classname="com.freshproposals.selenium.Signature_Template"/>
</testsuite> <!-- com.freshproposals.selenium.Signature_Template -->
