<?xml version="1.0" encoding="UTF-8"?>
<!-- Generated by org.testng.reporters.JUnitReportReporter -->
<testsuite skipped="1" hostname="DESKTOP-0FSTDRC" name="com.freshproposals.selenium.Send_Proposal_Temp" tests="8" failures="0" timestamp="2019-12-26T16:59:02 IST" time="48.215" errors="0">
  <testcase name="login" time="0.572" classname="com.freshproposals.selenium.Send_Proposal_Temp"/>
  <testcase name="createTemplate" time="15.230" classname="com.freshproposals.selenium.Send_Proposal_Temp"/>
  <testcase name="generateProposal" time="7.537" classname="com.freshproposals.selenium.Send_Proposal_Temp"/>
  <testcase name="client" time="3.283" classname="com.freshproposals.selenium.Send_Proposal_Temp"/>
  <testcase name="scrollWindow" time="3.056" classname="com.freshproposals.selenium.Send_Proposal_Temp"/>
  <testcase name="calender" time="9.936" classname="com.freshproposals.selenium.Send_Proposal_Temp"/>
  <testcase name="sendEmail" time="8.601" classname="com.freshproposals.selenium.Send_Proposal_Temp"/>
  <testcase name="contentLibrary" classname="com.freshproposals.selenium.Send_Proposal_Temp">
    <skipped/>
  </testcase> <!-- contentLibrary -->
</testsuite> <!-- com.freshproposals.selenium.Send_Proposal_Temp -->
