<?xml version="1.0" encoding="UTF-8"?>
<!-- Generated by org.testng.reporters.JUnitReportReporter -->
<testsuite skipped="0" hostname="DESKTOP-DFBIVRO" name="com.freshproposals.selenium.CheckPositionOfTheTextcomponent" tests="2" failures="0" timestamp="2020-03-04T16:22:20 IST" time="39.241" errors="0">
  <testcase name="login" time="5.585" classname="com.freshproposals.selenium.CheckPositionOfTheTextcomponent"/>
  <testcase name="TextComponentPosition" time="33.656" classname="com.freshproposals.selenium.CheckPositionOfTheTextcomponent"/>
</testsuite> <!-- com.freshproposals.selenium.CheckPositionOfTheTextcomponent -->
