<?xml version="1.0" encoding="UTF-8"?>
<!-- Generated by org.testng.reporters.JUnitReportReporter -->
<testsuite skipped="0" hostname="DESKTOP-0FSTDRC" name="com.freshproposals.selenium.Existing_Template" tests="18" failures="1" timestamp="2020-02-27T13:18:02 IST" time="84.911" errors="0">
  <testcase name="login" time="0.814" classname="com.freshproposals.selenium.Existing_Template"/>
  <testcase name="openExistTemplate" time="12.946" classname="com.freshproposals.selenium.Existing_Template"/>
  <testcase name="width" time="2.340" classname="com.freshproposals.selenium.Existing_Template"/>
  <testcase name="height" time="2.314" classname="com.freshproposals.selenium.Existing_Template"/>
  <testcase name="Save_height_width" time="9.066" classname="com.freshproposals.selenium.Existing_Template"/>
  <testcase name="reflect_width" time="0.525" classname="com.freshproposals.selenium.Existing_Template"/>
  <testcase name="reflect_height" time="0.187" classname="com.freshproposals.selenium.Existing_Template"/>
  <testcase name="Reset_height_width" time="4.531" classname="com.freshproposals.selenium.Existing_Template"/>
  <testcase name="rotate" time="2.203" classname="com.freshproposals.selenium.Existing_Template"/>
  <testcase name="border_Width" time="3.422" classname="com.freshproposals.selenium.Existing_Template"/>
  <testcase name="border_Style" time="1.243" classname="com.freshproposals.selenium.Existing_Template"/>
  <testcase name="padding" time="4.899" classname="com.freshproposals.selenium.Existing_Template"/>
  <testcase name="save" time="8.795" classname="com.freshproposals.selenium.Existing_Template"/>
  <testcase name="reflect_rotate" time="0.386" classname="com.freshproposals.selenium.Existing_Template">
    <failure type="java.lang.AssertionError" message="expected [5px] but found []">
      <![CDATA[java.lang.AssertionError: expected [5px] but found []
at org.testng.Assert.fail(Assert.java:97)
at org.testng.Assert.assertEqualsImpl(Assert.java:136)
at org.testng.Assert.assertEquals(Assert.java:118)
at org.testng.Assert.assertEquals(Assert.java:575)
at org.testng.Assert.assertEquals(Assert.java:585)
at com.freshproposals.selenium.Existing_Template.reflect_rotate(Existing_Template.java:336)
at sun.reflect.NativeMethodAccessorImpl.invoke0(Native Method)
at sun.reflect.NativeMethodAccessorImpl.invoke(Unknown Source)
at sun.reflect.DelegatingMethodAccessorImpl.invoke(Unknown Source)
at java.lang.reflect.Method.invoke(Unknown Source)
at org.testng.internal.MethodInvocationHelper.invokeMethod(MethodInvocationHelper.java:133)
at org.testng.internal.TestInvoker.invokeMethod(TestInvoker.java:584)
at org.testng.internal.TestInvoker.invokeTestMethod(TestInvoker.java:172)
at org.testng.internal.MethodRunner.runInSequence(MethodRunner.java:46)
at org.testng.internal.TestInvoker$MethodInvocationAgent.invoke(TestInvoker.java:804)
at org.testng.internal.TestInvoker.invokeTestMethods(TestInvoker.java:145)
at org.testng.internal.TestMethodWorker.invokeTestMethods(TestMethodWorker.java:146)
at org.testng.internal.TestMethodWorker.run(TestMethodWorker.java:128)
at org.testng.TestRunner$$Lambda$45/489279267.accept(Unknown Source)
at java.util.ArrayList.forEach(Unknown Source)
at org.testng.TestRunner.privateRun(TestRunner.java:770)
at org.testng.TestRunner.run(TestRunner.java:591)
at org.testng.SuiteRunner.runTest(SuiteRunner.java:402)
at org.testng.SuiteRunner.runSequentially(SuiteRunner.java:396)
at org.testng.SuiteRunner.privateRun(SuiteRunner.java:355)
at org.testng.SuiteRunner.run(SuiteRunner.java:304)
at org.testng.SuiteRunnerWorker.runSuite(SuiteRunnerWorker.java:53)
at org.testng.SuiteRunnerWorker.run(SuiteRunnerWorker.java:96)
at org.testng.TestNG.runSuitesSequentially(TestNG.java:1180)
at org.testng.TestNG.runSuitesLocally(TestNG.java:1102)
at org.testng.TestNG.runSuites(TestNG.java:1032)
at org.testng.TestNG.run(TestNG.java:1000)
at org.testng.remote.AbstractRemoteTestNG.run(AbstractRemoteTestNG.java:115)
at org.testng.remote.RemoteTestNG.initAndRun(RemoteTestNG.java:251)
at org.testng.remote.RemoteTestNG.main(RemoteTestNG.java:77)
]]>
    </failure>
  </testcase> <!-- reflect_rotate -->
  <testcase name="reflect_border_width" time="5.130" classname="com.freshproposals.selenium.Existing_Template"/>
  <testcase name="reflect_border_style" time="5.143" classname="com.freshproposals.selenium.Existing_Template"/>
  <testcase name="reflect_padding" time="5.209" classname="com.freshproposals.selenium.Existing_Template"/>
  <testcase name="Reset_All" time="15.758" classname="com.freshproposals.selenium.Existing_Template"/>
</testsuite> <!-- com.freshproposals.selenium.Existing_Template -->
