<?xml version="1.0" encoding="UTF-8"?>
<!-- Generated by org.testng.reporters.JUnitReportReporter -->
<testsuite skipped="0" hostname="DESKTOP-0FSTDRC" name="com.freshproposals.selenium.Image_Duplicate_Proposal" tests="11" failures="0" timestamp="2019-12-26T15:50:59 IST" time="58.111" errors="0">
  <testcase name="login" time="0.555" classname="com.freshproposals.selenium.Image_Duplicate_Proposal"/>
  <testcase name="open_Template" time="15.681" classname="com.freshproposals.selenium.Image_Duplicate_Proposal"/>
  <testcase name="height_width" time="5.528" classname="com.freshproposals.selenium.Image_Duplicate_Proposal"/>
  <testcase name="assert_width_1" time="0.186" classname="com.freshproposals.selenium.Image_Duplicate_Proposal"/>
  <testcase name="duplicate" time="2.483" classname="com.freshproposals.selenium.Image_Duplicate_Proposal"/>
  <testcase name="DragDrop" time="3.411" classname="com.freshproposals.selenium.Image_Duplicate_Proposal"/>
  <testcase name="assert_width_2" time="0.112" classname="com.freshproposals.selenium.Image_Duplicate_Proposal"/>
  <testcase name="Save" time="7.333" classname="com.freshproposals.selenium.Image_Duplicate_Proposal"/>
  <testcase name="clear" time="7.352" classname="com.freshproposals.selenium.Image_Duplicate_Proposal"/>
  <testcase name="reset_sign_1" time="8.455" classname="com.freshproposals.selenium.Image_Duplicate_Proposal"/>
  <testcase name="Save2" time="7.015" classname="com.freshproposals.selenium.Image_Duplicate_Proposal"/>
</testsuite> <!-- com.freshproposals.selenium.Image_Duplicate_Proposal -->
