<?xml version="1.0" encoding="UTF-8"?>
<!-- Generated by org.testng.reporters.JUnitReportReporter -->
<testsuite skipped="0" hostname="DESKTOP-0FSTDRC" name="com.freshproposals.selenium.Analytics" tests="2" failures="0" timestamp="2019-11-14T10:57:30 IST" time="238.761" errors="0">
  <testcase name="login" time="0.686" classname="com.freshproposals.selenium.Analytics"/>
  <testcase name="copyLink" time="238.075" classname="com.freshproposals.selenium.Analytics"/>
</testsuite> <!-- com.freshproposals.selenium.Analytics -->
