<?xml version="1.0" encoding="UTF-8"?>
<!-- Generated by org.testng.reporters.JUnitReportReporter -->
<testsuite skipped="0" hostname="DESKTOP-0FSTDRC" name="com.freshproposals.selenium.Verify_Color" tests="2" failures="0" timestamp="2020-02-27T18:08:35 IST" time="10.407" errors="0">
  <testcase name="login" time="0.716" classname="com.freshproposals.selenium.Verify_Color"/>
  <testcase name="verify_Color" time="9.691" classname="com.freshproposals.selenium.Verify_Color"/>
</testsuite> <!-- com.freshproposals.selenium.Verify_Color -->
