<?xml version="1.0" encoding="UTF-8"?>
<!-- Generated by org.testng.reporters.JUnitReportReporter -->
<testsuite skipped="0" hostname="DESKTOP-0FSTDRC" name="com.freshproposals.Section_List" tests="4" failures="0" timestamp="2019-11-04T19:22:14 IST" time="42.446" errors="0">
  <testcase name="login" time="0.604" classname="com.freshproposals.Section_List"/>
  <testcase name="createtemplate" time="11.669" classname="com.freshproposals.Section_List"/>
  <testcase name="AddSection" time="8.396" classname="com.freshproposals.Section_List"/>
  <testcase name="EditSection" time="21.777" classname="com.freshproposals.Section_List"/>
</testsuite> <!-- com.freshproposals.Section_List -->
