<?xml version="1.0" encoding="UTF-8"?>
<!-- Generated by org.testng.reporters.JUnitReportReporter -->
<testsuite skipped="0" hostname="DESKTOP-0FSTDRC" name="com.freshproposals.selenium.Ellipse_Duplicate_Template" tests="13" failures="0" timestamp="2020-03-20T14:55:55 IST" time="70.431" errors="0">
  <testcase name="login" time="0.771" classname="com.freshproposals.selenium.Ellipse_Duplicate_Template"/>
  <testcase name="open_Template" time="34.027" classname="com.freshproposals.selenium.Ellipse_Duplicate_Template"/>
  <testcase name="height_width" time="3.659" classname="com.freshproposals.selenium.Ellipse_Duplicate_Template"/>
  <testcase name="assert_width_1" time="0.109" classname="com.freshproposals.selenium.Ellipse_Duplicate_Template"/>
  <testcase name="assert_height_1" time="0.068" classname="com.freshproposals.selenium.Ellipse_Duplicate_Template"/>
  <testcase name="duplicate" time="2.561" classname="com.freshproposals.selenium.Ellipse_Duplicate_Template"/>
  <testcase name="DragDrop" time="3.487" classname="com.freshproposals.selenium.Ellipse_Duplicate_Template"/>
  <testcase name="assert_width_2" time="0.100" classname="com.freshproposals.selenium.Ellipse_Duplicate_Template"/>
  <testcase name="assert_height_2" time="0.075" classname="com.freshproposals.selenium.Ellipse_Duplicate_Template"/>
  <testcase name="Save" time="8.320" classname="com.freshproposals.selenium.Ellipse_Duplicate_Template"/>
  <testcase name="clear" time="5.554" classname="com.freshproposals.selenium.Ellipse_Duplicate_Template"/>
  <testcase name="reset_sign_1" time="3.635" classname="com.freshproposals.selenium.Ellipse_Duplicate_Template"/>
  <testcase name="Save2" time="8.065" classname="com.freshproposals.selenium.Ellipse_Duplicate_Template"/>
</testsuite> <!-- com.freshproposals.selenium.Ellipse_Duplicate_Template -->
