<?xml version="1.0" encoding="UTF-8"?>
<!-- Generated by org.testng.reporters.JUnitReportReporter -->
<testsuite skipped="0" hostname="DESKTOP-0FSTDRC" name="com.freshproposals.selenium.SectionHeading1Properties" tests="7" failures="0" timestamp="2019-12-11T14:24:36 IST" time="14.993" errors="0">
  <testcase name="login" time="0.600" classname="com.freshproposals.selenium.SectionHeading1Properties"/>
  <testcase name="ReadtextFontsize" time="14.251" classname="com.freshproposals.selenium.SectionHeading1Properties"/>
  <testcase name="ReadFontColor" time="0.035" classname="com.freshproposals.selenium.SectionHeading1Properties"/>
  <testcase name="FontStyle" time="0.026" classname="com.freshproposals.selenium.SectionHeading1Properties"/>
  <testcase name="FontAlignment" time="0.027" classname="com.freshproposals.selenium.SectionHeading1Properties"/>
  <testcase name="Fontfamily" time="0.029" classname="com.freshproposals.selenium.SectionHeading1Properties"/>
  <testcase name="FontWeight" time="0.025" classname="com.freshproposals.selenium.SectionHeading1Properties"/>
</testsuite> <!-- com.freshproposals.selenium.SectionHeading1Properties -->
