<?xml version="1.0" encoding="UTF-8"?>
<!-- Generated by org.testng.reporters.JUnitReportReporter -->
<testsuite skipped="0" hostname="DESKTOP-0FSTDRC" name="com.freshproposals.selenium.Image_DragDrop_Position_Section" tests="6" failures="0" timestamp="2019-12-20T17:10:37 IST" time="36.360" errors="0">
  <testcase name="login" time="0.664" classname="com.freshproposals.selenium.Image_DragDrop_Position_Section"/>
  <testcase name="openExistTemplate" time="7.434" classname="com.freshproposals.selenium.Image_DragDrop_Position_Section"/>
  <testcase name="Get_Position" time="7.458" classname="com.freshproposals.selenium.Image_DragDrop_Position_Section"/>
  <testcase name="DragDrop" time="6.144" classname="com.freshproposals.selenium.Image_DragDrop_Position_Section"/>
  <testcase name="DragDrop_Get_Position" time="8.240" classname="com.freshproposals.selenium.Image_DragDrop_Position_Section"/>
  <testcase name="Reset" time="6.420" classname="com.freshproposals.selenium.Image_DragDrop_Position_Section"/>
</testsuite> <!-- com.freshproposals.selenium.Image_DragDrop_Position_Section -->
