<?xml version="1.0" encoding="UTF-8"?>
<!-- Generated by org.testng.reporters.JUnitReportReporter -->
<testsuite skipped="0" hostname="DESKTOP-0FSTDRC" name="com.freshproposals.selenium.FontPropertiesinTemplate" tests="13" failures="0" timestamp="2020-03-20T14:55:54 IST" time="80.612" errors="0">
  <testcase name="login" time="5.596" classname="com.freshproposals.selenium.FontPropertiesinTemplate"/>
  <testcase name="FontPropertiesHeading1" time="9.170" classname="com.freshproposals.selenium.FontPropertiesinTemplate"/>
  <testcase name="Heading1PropertiesInPreview" time="7.176" classname="com.freshproposals.selenium.FontPropertiesinTemplate"/>
  <testcase name="FontPropertiesHeading2" time="5.865" classname="com.freshproposals.selenium.FontPropertiesinTemplate"/>
  <testcase name="FontPropertiesHeading2Preview" time="5.839" classname="com.freshproposals.selenium.FontPropertiesinTemplate"/>
  <testcase name="Heading3Properties" time="5.809" classname="com.freshproposals.selenium.FontPropertiesinTemplate"/>
  <testcase name="Heading3PropertiesInPreview" time="5.868" classname="com.freshproposals.selenium.FontPropertiesinTemplate"/>
  <testcase name="Heading4FontProperties" time="5.931" classname="com.freshproposals.selenium.FontPropertiesinTemplate"/>
  <testcase name="Heading4FontPropertiesInPreview" time="5.848" classname="com.freshproposals.selenium.FontPropertiesinTemplate"/>
  <testcase name="FontBodyProperties" time="5.887" classname="com.freshproposals.selenium.FontPropertiesinTemplate"/>
  <testcase name="FontBodyPropertiesInPreview" time="5.808" classname="com.freshproposals.selenium.FontPropertiesinTemplate"/>
  <testcase name="FontQuoteProperties" time="5.976" classname="com.freshproposals.selenium.FontPropertiesinTemplate"/>
  <testcase name="FontQuotePropertiesInPreview" time="5.839" classname="com.freshproposals.selenium.FontPropertiesinTemplate"/>
</testsuite> <!-- com.freshproposals.selenium.FontPropertiesinTemplate -->
