<?xml version="1.0" encoding="UTF-8"?>
<!-- Generated by org.testng.reporters.JUnitReportReporter -->
<testsuite skipped="0" hostname="DESKTOP-0FSTDRC" name="com.freshproposals.selenium.Page_Up_Properties" tests="2" failures="0" timestamp="2020-03-20T14:55:53 IST" time="64.657" errors="0">
  <testcase name="login" time="0.690" classname="com.freshproposals.selenium.Page_Up_Properties"/>
  <testcase name="Properties" time="63.967" classname="com.freshproposals.selenium.Page_Up_Properties"/>
</testsuite> <!-- com.freshproposals.selenium.Page_Up_Properties -->
