<?xml version="1.0" encoding="UTF-8"?>
<!-- Generated by org.testng.reporters.JUnitReportReporter -->
<testsuite skipped="0" hostname="DESKTOP-0FSTDRC" name="com.freshproposals.selenium.Signature" tests="2" failures="0" timestamp="2019-11-08T15:25:49 IST" time="49.066" errors="0">
  <testcase name="login" time="0.724" classname="com.freshproposals.selenium.Signature"/>
  <testcase name="properties" time="48.342" classname="com.freshproposals.selenium.Signature"/>
</testsuite> <!-- com.freshproposals.selenium.Signature -->
