<?xml version="1.0" encoding="UTF-8"?>
<!-- Generated by org.testng.reporters.JUnitReportReporter -->
<testsuite skipped="0" hostname="DESKTOP-0FSTDRC" name="com.freshproposals.selenium.Lost_Proposal_Verification" tests="6" failures="0" timestamp="2019-11-18T19:31:13 IST" time="67.084" errors="0">
  <testcase name="login" time="0.576" classname="com.freshproposals.selenium.Lost_Proposal_Verification"/>
  <testcase name="Dashboard_Get_Lost_Value" time="11.048" classname="com.freshproposals.selenium.Lost_Proposal_Verification"/>
  <testcase name="createproposal" time="24.646" classname="com.freshproposals.selenium.Lost_Proposal_Verification"/>
  <testcase name="contentLibrary" time="7.899" classname="com.freshproposals.selenium.Lost_Proposal_Verification"/>
  <testcase name="Send_and_Copy" time="17.627" classname="com.freshproposals.selenium.Lost_Proposal_Verification"/>
  <testcase name="Dashboard_Verify_Lost_Value" time="5.288" classname="com.freshproposals.selenium.Lost_Proposal_Verification"/>
</testsuite> <!-- com.freshproposals.selenium.Lost_Proposal_Verification -->
