<?xml version="1.0" encoding="UTF-8"?>
<!-- Generated by org.testng.reporters.JUnitReportReporter -->
<testsuite skipped="0" hostname="DESKTOP-DFBIVRO" name="com.freshproposals.selenium.FeeTableVerification" tests="5" failures="0" timestamp="2019-12-10T10:04:39 IST" time="67.570" errors="0">
  <testcase name="login" time="0.725" classname="com.freshproposals.selenium.FeeTableVerification"/>
  <testcase name="AddNewRow" time="20.272" classname="com.freshproposals.selenium.FeeTableVerification"/>
  <testcase name="DeleteRow" time="8.453" classname="com.freshproposals.selenium.FeeTableVerification"/>
  <testcase name="ChangeRowType" time="29.756" classname="com.freshproposals.selenium.FeeTableVerification"/>
  <testcase name="RowDiscount" time="8.364" classname="com.freshproposals.selenium.FeeTableVerification"/>
</testsuite> <!-- com.freshproposals.selenium.FeeTableVerification -->
