<?xml version="1.0" encoding="UTF-8"?>
<!-- Generated by org.testng.reporters.JUnitReportReporter -->
<testsuite skipped="0" hostname="DESKTOP-0FSTDRC" name="com.freshproposals.selenium.Existing_Template" tests="5" failures="0" timestamp="2019-11-14T11:55:59 IST" time="63.221" errors="0">
  <testcase name="login" time="0.687" classname="com.freshproposals.selenium.Existing_Template"/>
  <testcase name="openExistTemplate" time="12.022" classname="com.freshproposals.selenium.Existing_Template"/>
  <testcase name="properties" time="26.255" classname="com.freshproposals.selenium.Existing_Template"/>
  <testcase name="paragraphStyle" time="3.299" classname="com.freshproposals.selenium.Existing_Template"/>
  <testcase name="setting" time="20.958" classname="com.freshproposals.selenium.Existing_Template"/>
</testsuite> <!-- com.freshproposals.selenium.Existing_Template -->
