<?xml version="1.0" encoding="UTF-8"?>
<!-- Generated by org.testng.reporters.JUnitReportReporter -->
<testsuite skipped="0" hostname="DESKTOP-0FSTDRC" name="com.freshproposals.selenium.Signature" tests="13" failures="0" timestamp="2019-11-27T16:58:07 IST" time="32.684" errors="0">
  <testcase name="login" time="0.622" classname="com.freshproposals.selenium.Signature"/>
  <testcase name="open_Proposal" time="11.096" classname="com.freshproposals.selenium.Signature"/>
  <testcase name="width" time="1.184" classname="com.freshproposals.selenium.Signature"/>
  <testcase name="height" time="1.384" classname="com.freshproposals.selenium.Signature"/>
  <testcase name="corner" time="1.315" classname="com.freshproposals.selenium.Signature"/>
  <testcase name="color" time="7.537" classname="com.freshproposals.selenium.Signature"/>
  <testcase name="border_width" time="1.302" classname="com.freshproposals.selenium.Signature"/>
  <testcase name="border_style" time="1.480" classname="com.freshproposals.selenium.Signature"/>
  <testcase name="padding_top" time="1.626" classname="com.freshproposals.selenium.Signature"/>
  <testcase name="padding_left" time="1.332" classname="com.freshproposals.selenium.Signature"/>
  <testcase name="pading_bottom" time="1.297" classname="com.freshproposals.selenium.Signature"/>
  <testcase name="padding_right" time="1.343" classname="com.freshproposals.selenium.Signature"/>
  <testcase name="signee" time="1.166" classname="com.freshproposals.selenium.Signature"/>
</testsuite> <!-- com.freshproposals.selenium.Signature -->
