<?xml version="1.0" encoding="UTF-8"?>
<!-- Generated by org.testng.reporters.JUnitReportReporter -->
<testsuite skipped="0" hostname="DESKTOP-0FSTDRC" name="com.freshproposals.Signature" tests="2" failures="0" timestamp="2019-11-05T15:45:22 IST" time="55.433" errors="0">
  <testcase name="login" time="0.592" classname="com.freshproposals.Signature"/>
  <testcase name="properties" time="54.841" classname="com.freshproposals.Signature"/>
</testsuite> <!-- com.freshproposals.Signature -->
