<?xml version="1.0" encoding="UTF-8"?>
<!-- Generated by org.testng.reporters.JUnitReportReporter -->
<testsuite skipped="0" hostname="DESKTOP-0FSTDRC" name="com.freshproposals.Email_Template" tests="2" failures="0" timestamp="2019-11-01T11:21:30 IST" time="70.060" errors="0">
  <testcase name="login" time="0.657" classname="com.freshproposals.Email_Template"/>
  <testcase name="createEmailTemplate" time="69.403" classname="com.freshproposals.Email_Template"/>
</testsuite> <!-- com.freshproposals.Email_Template -->
