<?xml version="1.0" encoding="UTF-8"?>
<!-- Generated by org.testng.reporters.JUnitReportReporter -->
<testsuite skipped="0" hostname="DESKTOP-0FSTDRC" name="com.freshproposals.selenium.Verify_Position_with_Preview" tests="2" failures="0" timestamp="2019-11-13T18:52:34 IST" time="30.317" errors="0">
  <testcase name="login" time="0.732" classname="com.freshproposals.selenium.Verify_Position_with_Preview"/>
  <testcase name="openProposal" time="29.585" classname="com.freshproposals.selenium.Verify_Position_with_Preview"/>
</testsuite> <!-- com.freshproposals.selenium.Verify_Position_with_Preview -->
