<?xml version="1.0" encoding="UTF-8"?>
<!-- Generated by org.testng.reporters.JUnitReportReporter -->
<testsuite skipped="0" hostname="DESKTOP-DFBIVRO" name="com.freshproposals.selenium.ClientContact" tests="7" failures="0" timestamp="2020-03-04T14:52:23 IST" time="66.902" errors="0">
  <testcase name="login" time="4.511" classname="com.freshproposals.selenium.ClientContact"/>
  <testcase name="CreateNewClient" time="17.573" classname="com.freshproposals.selenium.ClientContact"/>
  <testcase name="CreatenewContact" time="1.517" classname="com.freshproposals.selenium.ClientContact"/>
  <testcase name="newContactaddedintoexistingClient" time="4.565" classname="com.freshproposals.selenium.ClientContact"/>
  <testcase name="ClientUpdated" time="14.762" classname="com.freshproposals.selenium.ClientContact"/>
  <testcase name="ContactUpdated" time="12.767" classname="com.freshproposals.selenium.ClientContact"/>
  <testcase name="ClientDeleted" time="11.207" classname="com.freshproposals.selenium.ClientContact"/>
</testsuite> <!-- com.freshproposals.selenium.ClientContact -->
