<?xml version="1.0" encoding="UTF-8"?>
<!-- Generated by org.testng.reporters.JUnitReportReporter -->
<testsuite skipped="0" hostname="DESKTOP-0FSTDRC" name="com.freshproposals.selenium.Image_DragDrop_Position" tests="6" failures="0" timestamp="2019-12-14T11:53:40 IST" time="41.440" errors="0">
  <testcase name="login" time="0.707" classname="com.freshproposals.selenium.Image_DragDrop_Position"/>
  <testcase name="openExistTemplate" time="12.869" classname="com.freshproposals.selenium.Image_DragDrop_Position"/>
  <testcase name="Get_Position" time="8.794" classname="com.freshproposals.selenium.Image_DragDrop_Position"/>
  <testcase name="DragDrop" time="3.540" classname="com.freshproposals.selenium.Image_DragDrop_Position"/>
  <testcase name="DragDrop_Get_Position" time="8.507" classname="com.freshproposals.selenium.Image_DragDrop_Position"/>
  <testcase name="Reset" time="7.023" classname="com.freshproposals.selenium.Image_DragDrop_Position"/>
</testsuite> <!-- com.freshproposals.selenium.Image_DragDrop_Position -->
