<?xml version="1.0" encoding="UTF-8"?>
<!-- Generated by org.testng.reporters.JUnitReportReporter -->
<testsuite skipped="0" hostname="DESKTOP-0FSTDRC" name="com.freshproposals.selenium.Ellipse_Duplicate_Template" tests="13" failures="0" timestamp="2020-01-28T16:04:24 IST" time="39.882" errors="0">
  <testcase name="login" time="0.693" classname="com.freshproposals.selenium.Ellipse_Duplicate_Template"/>
  <testcase name="open_Template" time="8.197" classname="com.freshproposals.selenium.Ellipse_Duplicate_Template"/>
  <testcase name="height_width" time="3.523" classname="com.freshproposals.selenium.Ellipse_Duplicate_Template"/>
  <testcase name="assert_width_1" time="0.100" classname="com.freshproposals.selenium.Ellipse_Duplicate_Template"/>
  <testcase name="assert_height_1" time="0.089" classname="com.freshproposals.selenium.Ellipse_Duplicate_Template"/>
  <testcase name="duplicate" time="2.426" classname="com.freshproposals.selenium.Ellipse_Duplicate_Template"/>
  <testcase name="DragDrop" time="3.465" classname="com.freshproposals.selenium.Ellipse_Duplicate_Template"/>
  <testcase name="assert_width_2" time="0.090" classname="com.freshproposals.selenium.Ellipse_Duplicate_Template"/>
  <testcase name="assert_height_2" time="0.071" classname="com.freshproposals.selenium.Ellipse_Duplicate_Template"/>
  <testcase name="Save" time="7.148" classname="com.freshproposals.selenium.Ellipse_Duplicate_Template"/>
  <testcase name="clear" time="3.400" classname="com.freshproposals.selenium.Ellipse_Duplicate_Template"/>
  <testcase name="reset_sign_1" time="3.460" classname="com.freshproposals.selenium.Ellipse_Duplicate_Template"/>
  <testcase name="Save2" time="7.220" classname="com.freshproposals.selenium.Ellipse_Duplicate_Template"/>
</testsuite> <!-- com.freshproposals.selenium.Ellipse_Duplicate_Template -->
