<?xml version="1.0" encoding="UTF-8"?>
<!-- Generated by org.testng.reporters.JUnitReportReporter -->
<testsuite skipped="0" hostname="DESKTOP-0FSTDRC" name="com.freshproposals.selenium.SectionHeading2PropertiesInPreview" tests="7" failures="0" timestamp="2019-11-08T13:17:38 IST" time="17.684" errors="0">
  <testcase name="login" time="0.812" classname="com.freshproposals.selenium.SectionHeading2PropertiesInPreview"/>
  <testcase name="ReadtextFontsize" time="16.721" classname="com.freshproposals.selenium.SectionHeading2PropertiesInPreview"/>
  <testcase name="ReadFontColor" time="0.037" classname="com.freshproposals.selenium.SectionHeading2PropertiesInPreview"/>
  <testcase name="FontStyle" time="0.027" classname="com.freshproposals.selenium.SectionHeading2PropertiesInPreview"/>
  <testcase name="FontAlignment" time="0.028" classname="com.freshproposals.selenium.SectionHeading2PropertiesInPreview"/>
  <testcase name="Fontfamily" time="0.031" classname="com.freshproposals.selenium.SectionHeading2PropertiesInPreview"/>
  <testcase name="FontWeight" time="0.028" classname="com.freshproposals.selenium.SectionHeading2PropertiesInPreview"/>
</testsuite> <!-- com.freshproposals.selenium.SectionHeading2PropertiesInPreview -->
