<?xml version="1.0" encoding="UTF-8"?>
<!-- Generated by org.testng.reporters.JUnitReportReporter -->
<testsuite skipped="0" hostname="DESKTOP-0FSTDRC" name="com.freshproposals.selenium.Section_List" tests="4" failures="0" timestamp="2019-11-11T14:59:24 IST" time="49.920" errors="0">
  <testcase name="login" time="0.646" classname="com.freshproposals.selenium.Section_List"/>
  <testcase name="createtemplate" time="20.242" classname="com.freshproposals.selenium.Section_List"/>
  <testcase name="AddSection" time="8.091" classname="com.freshproposals.selenium.Section_List"/>
  <testcase name="EditSection" time="20.941" classname="com.freshproposals.selenium.Section_List"/>
</testsuite> <!-- com.freshproposals.selenium.Section_List -->
