<?xml version="1.0" encoding="UTF-8"?>
<!-- Generated by org.testng.reporters.JUnitReportReporter -->
<testsuite skipped="0" hostname="DESKTOP-0FSTDRC" name="com.freshproposals.selenium.F2B2_Multiple" tests="5" failures="0" timestamp="2020-01-20T16:37:52 IST" time="25.093" errors="0">
  <testcase name="login" time="0.572" classname="com.freshproposals.selenium.F2B2_Multiple"/>
  <testcase name="Backward" time="12.082" classname="com.freshproposals.selenium.F2B2_Multiple"/>
  <testcase name="Back" time="3.464" classname="com.freshproposals.selenium.F2B2_Multiple"/>
  <testcase name="Forward" time="5.540" classname="com.freshproposals.selenium.F2B2_Multiple"/>
  <testcase name="Front" time="3.435" classname="com.freshproposals.selenium.F2B2_Multiple"/>
</testsuite> <!-- com.freshproposals.selenium.F2B2_Multiple -->
