<?xml version="1.0" encoding="UTF-8"?>
<!-- Generated by org.testng.reporters.JUnitReportReporter -->
<testsuite skipped="0" hostname="DESKTOP-0FSTDRC" name="com.freshproposals.ClientContact" tests="7" failures="0" timestamp="2019-10-30T11:28:35 IST" time="41.913" errors="0">
  <testcase name="login" time="10.070" classname="com.freshproposals.ClientContact"/>
  <testcase name="CreateNewClient" time="9.105" classname="com.freshproposals.ClientContact"/>
  <testcase name="CreatenewContact" time="1.751" classname="com.freshproposals.ClientContact"/>
  <testcase name="newContactaddedintoexistingClient" time="1.694" classname="com.freshproposals.ClientContact"/>
  <testcase name="ClientUpdated" time="6.676" classname="com.freshproposals.ClientContact"/>
  <testcase name="ContactUpdated" time="2.384" classname="com.freshproposals.ClientContact"/>
  <testcase name="ClientDeleted" time="10.233" classname="com.freshproposals.ClientContact"/>
</testsuite> <!-- com.freshproposals.ClientContact -->
