<?xml version="1.0" encoding="UTF-8"?>
<!-- Generated by org.testng.reporters.JUnitReportReporter -->
<testsuite skipped="0" hostname="DESKTOP-0FSTDRC" name="com.freshproposals.selenium.SectionBodyProperties" tests="7" failures="0" timestamp="2019-11-12T16:46:22 IST" time="8.726" errors="0">
  <testcase name="login" time="0.628" classname="com.freshproposals.selenium.SectionBodyProperties"/>
  <testcase name="ReadtextFontsize" time="7.923" classname="com.freshproposals.selenium.SectionBodyProperties"/>
  <testcase name="ReadFontColor" time="0.044" classname="com.freshproposals.selenium.SectionBodyProperties"/>
  <testcase name="FontStyle" time="0.034" classname="com.freshproposals.selenium.SectionBodyProperties"/>
  <testcase name="FontAlignment" time="0.031" classname="com.freshproposals.selenium.SectionBodyProperties"/>
  <testcase name="Fontfamily" time="0.037" classname="com.freshproposals.selenium.SectionBodyProperties"/>
  <testcase name="FontWeight" time="0.029" classname="com.freshproposals.selenium.SectionBodyProperties"/>
</testsuite> <!-- com.freshproposals.selenium.SectionBodyProperties -->
