<?xml version="1.0" encoding="UTF-8"?>
<!-- Generated by org.testng.reporters.JUnitReportReporter -->
<testsuite skipped="0" hostname="DESKTOP-0FSTDRC" name="com.freshproposals.selenium.Rectangle_Duplicate_Proposal" tests="13" failures="0" timestamp="2019-12-27T11:08:21 IST" time="38.046" errors="0">
  <testcase name="login" time="0.595" classname="com.freshproposals.selenium.Rectangle_Duplicate_Proposal"/>
  <testcase name="open_Template" time="6.321" classname="com.freshproposals.selenium.Rectangle_Duplicate_Proposal"/>
  <testcase name="height_width" time="3.652" classname="com.freshproposals.selenium.Rectangle_Duplicate_Proposal"/>
  <testcase name="assert_width_1" time="0.114" classname="com.freshproposals.selenium.Rectangle_Duplicate_Proposal"/>
  <testcase name="assert_height_1" time="0.083" classname="com.freshproposals.selenium.Rectangle_Duplicate_Proposal"/>
  <testcase name="duplicate" time="2.441" classname="com.freshproposals.selenium.Rectangle_Duplicate_Proposal"/>
  <testcase name="DragDrop" time="3.456" classname="com.freshproposals.selenium.Rectangle_Duplicate_Proposal"/>
  <testcase name="assert_width_2" time="0.104" classname="com.freshproposals.selenium.Rectangle_Duplicate_Proposal"/>
  <testcase name="assert_height_2" time="0.081" classname="com.freshproposals.selenium.Rectangle_Duplicate_Proposal"/>
  <testcase name="Save" time="7.397" classname="com.freshproposals.selenium.Rectangle_Duplicate_Proposal"/>
  <testcase name="clear" time="3.369" classname="com.freshproposals.selenium.Rectangle_Duplicate_Proposal"/>
  <testcase name="reset_sign_1" time="3.452" classname="com.freshproposals.selenium.Rectangle_Duplicate_Proposal"/>
  <testcase name="Save2" time="6.981" classname="com.freshproposals.selenium.Rectangle_Duplicate_Proposal"/>
</testsuite> <!-- com.freshproposals.selenium.Rectangle_Duplicate_Proposal -->
