<?xml version="1.0" encoding="UTF-8"?>
<!-- Generated by org.testng.reporters.JUnitReportReporter -->
<testsuite skipped="11" hostname="DESKTOP-0FSTDRC" name="com.freshproposals.selenium.TextBox_Top_Properties" tests="12" failures="0" timestamp="2020-02-14T14:26:51 IST" time="2.358" errors="1">
  <testcase name="openBrowser" time="2.358" classname="com.freshproposals.selenium.TextBox_Top_Properties">
    <error type="org.openqa.selenium.SessionNotCreatedException" message="session not created: This version of ChromeDriver only supports Chrome version 78
Build info: version: &#039;3.141.59&#039;, revision: &#039;e82be7d358&#039;, time: &#039;2018-11-14T08:25:53&#039;
System info: host: &#039;DESKTOP-0FSTDRC&#039;, ip: &#039;192.168.0.5&#039;, os.name: &#039;Windows 8.1&#039;, os.arch: &#039;amd64&#039;, os.version: &#039;6.3&#039;, java.version: &#039;1.8.0_25&#039;
Driver info: driver.version: ChromeDriver
remote stacktrace: Backtrace:
	Ordinal0 [0x011FA923+1550627]
	Ordinal0 [0x0117A731+1025841]
	Ordinal0 [0x010FC715+509717]
	Ordinal0 [0x0108FC68+64616]
	Ordinal0 [0x0108C594+50580]
	Ordinal0 [0x010AACE7+175335]
	Ordinal0 [0x010AA8ED+174317]
	Ordinal0 [0x010A8CDB+167131]
	Ordinal0 [0x0109144A+70730]
	Ordinal0 [0x010924D0+74960]
	Ordinal0 [0x01092469+74857]
	Ordinal0 [0x011942F7+1131255]
	GetHandleVerifier [0x0129711D+523789]
	GetHandleVerifier [0x01296EB0+523168]
	GetHandleVerifier [0x0129E207+552695]
	GetHandleVerifier [0x0129791A+525834]
	Ordinal0 [0x0118B82C+1095724]
	Ordinal0 [0x0119636B+1139563]
	Ordinal0 [0x011964D3+1139923]
	Ordinal0 [0x01195455+1135701]
	BaseThreadInitThunk [0x778B0419+25]
	RtlGetAppContainerNamedObjectPath [0x77B7662D+237]
	RtlGetAppContainerNamedObjectPath [0x77B765FD+189]
">
      <![CDATA[org.openqa.selenium.SessionNotCreatedException: session not created: This version of ChromeDriver only supports Chrome version 78
Build info: version: '3.141.59', revision: 'e82be7d358', time: '2018-11-14T08:25:53'
System info: host: 'DESKTOP-0FSTDRC', ip: '192.168.0.5', os.name: 'Windows 8.1', os.arch: 'amd64', os.version: '6.3', java.version: '1.8.0_25'
Driver info: driver.version: ChromeDriver
remote stacktrace: Backtrace:
Ordinal0 [0x011FA923+1550627]
Ordinal0 [0x0117A731+1025841]
Ordinal0 [0x010FC715+509717]
Ordinal0 [0x0108FC68+64616]
Ordinal0 [0x0108C594+50580]
Ordinal0 [0x010AACE7+175335]
Ordinal0 [0x010AA8ED+174317]
Ordinal0 [0x010A8CDB+167131]
Ordinal0 [0x0109144A+70730]
Ordinal0 [0x010924D0+74960]
Ordinal0 [0x01092469+74857]
Ordinal0 [0x011942F7+1131255]
GetHandleVerifier [0x0129711D+523789]
GetHandleVerifier [0x01296EB0+523168]
GetHandleVerifier [0x0129E207+552695]
GetHandleVerifier [0x0129791A+525834]
Ordinal0 [0x0118B82C+1095724]
Ordinal0 [0x0119636B+1139563]
Ordinal0 [0x011964D3+1139923]
Ordinal0 [0x01195455+1135701]
BaseThreadInitThunk [0x778B0419+25]
RtlGetAppContainerNamedObjectPath [0x77B7662D+237]
RtlGetAppContainerNamedObjectPath [0x77B765FD+189]

at sun.reflect.NativeConstructorAccessorImpl.newInstance0(Native Method)
at sun.reflect.NativeConstructorAccessorImpl.newInstance(Unknown Source)
at sun.reflect.DelegatingConstructorAccessorImpl.newInstance(Unknown Source)
at java.lang.reflect.Constructor.newInstance(Unknown Source)
at org.openqa.selenium.remote.W3CHandshakeResponse.lambda$errorHandler$0(W3CHandshakeResponse.java:62)
at org.openqa.selenium.remote.W3CHandshakeResponse$$Lambda$237/637241618.apply(Unknown Source)
at org.openqa.selenium.remote.HandshakeResponse.lambda$getResponseFunction$0(HandshakeResponse.java:30)
at org.openqa.selenium.remote.HandshakeResponse$$Lambda$232/1725165248.apply(Unknown Source)
at org.openqa.selenium.remote.ProtocolHandshake.lambda$createSession$0(ProtocolHandshake.java:126)
at org.openqa.selenium.remote.ProtocolHandshake$$Lambda$233/1636050357.apply(Unknown Source)
at java.util.stream.ReferencePipeline$3$1.accept(Unknown Source)
at java.util.Spliterators$ArraySpliterator.tryAdvance(Unknown Source)
at java.util.stream.ReferencePipeline.forEachWithCancel(Unknown Source)
at java.util.stream.AbstractPipeline.copyIntoWithCancel(Unknown Source)
at java.util.stream.AbstractPipeline.copyInto(Unknown Source)
at java.util.stream.AbstractPipeline.wrapAndCopyInto(Unknown Source)
at java.util.stream.FindOps$FindOp.evaluateSequential(Unknown Source)
at java.util.stream.AbstractPipeline.evaluate(Unknown Source)
at java.util.stream.ReferencePipeline.findFirst(Unknown Source)
at org.openqa.selenium.remote.ProtocolHandshake.createSession(ProtocolHandshake.java:128)
at org.openqa.selenium.remote.ProtocolHandshake.createSession(ProtocolHandshake.java:74)
at org.openqa.selenium.remote.HttpCommandExecutor.execute(HttpCommandExecutor.java:136)
at org.openqa.selenium.remote.service.DriverCommandExecutor.execute(DriverCommandExecutor.java:83)
at org.openqa.selenium.remote.RemoteWebDriver.execute(RemoteWebDriver.java:552)
at org.openqa.selenium.remote.RemoteWebDriver.startSession(RemoteWebDriver.java:213)
at org.openqa.selenium.remote.RemoteWebDriver.<init>(RemoteWebDriver.java:131)
at org.openqa.selenium.chrome.ChromeDriver.<init>(ChromeDriver.java:181)
at org.openqa.selenium.chrome.ChromeDriver.<init>(ChromeDriver.java:168)
at org.openqa.selenium.chrome.ChromeDriver.<init>(ChromeDriver.java:123)
at com.freshproposals.selenium.TextBox_Top_Properties.openBrowser(TextBox_Top_Properties.java:23)
at sun.reflect.NativeMethodAccessorImpl.invoke0(Native Method)
at sun.reflect.NativeMethodAccessorImpl.invoke(Unknown Source)
at sun.reflect.DelegatingMethodAccessorImpl.invoke(Unknown Source)
at java.lang.reflect.Method.invoke(Unknown Source)
at org.testng.internal.MethodInvocationHelper.invokeMethod(MethodInvocationHelper.java:133)
at org.testng.internal.MethodInvocationHelper.invokeMethodConsideringTimeout(MethodInvocationHelper.java:62)
at org.testng.internal.ConfigInvoker.invokeConfigurationMethod(ConfigInvoker.java:340)
at org.testng.internal.ConfigInvoker.invokeConfigurations(ConfigInvoker.java:294)
at org.testng.internal.TestMethodWorker.invokeBeforeClassMethods(TestMethodWorker.java:176)
at org.testng.internal.TestMethodWorker.run(TestMethodWorker.java:122)
at org.testng.TestRunner$$Lambda$45/648680157.accept(Unknown Source)
at java.util.ArrayList.forEach(Unknown Source)
at org.testng.TestRunner.privateRun(TestRunner.java:770)
at org.testng.TestRunner.run(TestRunner.java:591)
at org.testng.SuiteRunner.runTest(SuiteRunner.java:402)
at org.testng.SuiteRunner.runSequentially(SuiteRunner.java:396)
at org.testng.SuiteRunner.privateRun(SuiteRunner.java:355)
at org.testng.SuiteRunner.run(SuiteRunner.java:304)
at org.testng.SuiteRunnerWorker.runSuite(SuiteRunnerWorker.java:53)
at org.testng.SuiteRunnerWorker.run(SuiteRunnerWorker.java:96)
at org.testng.TestNG.runSuitesSequentially(TestNG.java:1180)
at org.testng.TestNG.runSuitesLocally(TestNG.java:1102)
at org.testng.TestNG.runSuites(TestNG.java:1032)
at org.testng.TestNG.run(TestNG.java:1000)
at org.testng.remote.AbstractRemoteTestNG.run(AbstractRemoteTestNG.java:115)
at org.testng.remote.RemoteTestNG.initAndRun(RemoteTestNG.java:251)
at org.testng.remote.RemoteTestNG.main(RemoteTestNG.java:77)
]]>
    </error>
  </testcase> <!-- openBrowser -->
  <testcase name="login" time="0.000" classname="com.freshproposals.selenium.TextBox_Top_Properties">
    <skipped/>
  </testcase> <!-- login -->
  <testcase name="top_Properties" time="0.000" classname="com.freshproposals.selenium.TextBox_Top_Properties">
    <skipped/>
  </testcase> <!-- top_Properties -->
  <testcase name="fontsize36" time="0.000" classname="com.freshproposals.selenium.TextBox_Top_Properties">
    <skipped/>
  </testcase> <!-- fontsize36 -->
  <testcase name="Save_36" time="0.000" classname="com.freshproposals.selenium.TextBox_Top_Properties">
    <skipped/>
  </testcase> <!-- Save_36 -->
  <testcase name="delete_all36" time="0.000" classname="com.freshproposals.selenium.TextBox_Top_Properties">
    <skipped/>
  </testcase> <!-- delete_all36 -->
  <testcase name="fontsize60" time="0.000" classname="com.freshproposals.selenium.TextBox_Top_Properties">
    <skipped/>
  </testcase> <!-- fontsize60 -->
  <testcase name="Save_60" time="0.000" classname="com.freshproposals.selenium.TextBox_Top_Properties">
    <skipped/>
  </testcase> <!-- Save_60 -->
  <testcase name="delete_all60" time="0.000" classname="com.freshproposals.selenium.TextBox_Top_Properties">
    <skipped/>
  </testcase> <!-- delete_all60 -->
  <testcase name="fontsize96" time="0.000" classname="com.freshproposals.selenium.TextBox_Top_Properties">
    <skipped/>
  </testcase> <!-- fontsize96 -->
  <testcase name="Save_96" time="0.000" classname="com.freshproposals.selenium.TextBox_Top_Properties">
    <skipped/>
  </testcase> <!-- Save_96 -->
  <testcase name="delete_all96" time="0.000" classname="com.freshproposals.selenium.TextBox_Top_Properties">
    <skipped/>
  </testcase> <!-- delete_all96 -->
</testsuite> <!-- com.freshproposals.selenium.TextBox_Top_Properties -->
