<?xml version="1.0" encoding="UTF-8"?>
<!-- Generated by org.testng.reporters.JUnitReportReporter -->
<testsuite skipped="0" hostname="DESKTOP-0FSTDRC" name="com.freshproposals.selenium.Analytics_Template_Scratch" tests="11" failures="1" timestamp="2020-01-30T12:15:28 IST" time="198.544" errors="0">
  <testcase name="login" time="0.825" classname="com.freshproposals.selenium.Analytics_Template_Scratch"/>
  <testcase name="createTemplate" time="7.592" classname="com.freshproposals.selenium.Analytics_Template_Scratch"/>
  <testcase name="generateProposal" time="8.101" classname="com.freshproposals.selenium.Analytics_Template_Scratch"/>
  <testcase name="client" time="6.249" classname="com.freshproposals.selenium.Analytics_Template_Scratch"/>
  <testcase name="scrollWindow" time="3.047" classname="com.freshproposals.selenium.Analytics_Template_Scratch"/>
  <testcase name="calender" time="9.753" classname="com.freshproposals.selenium.Analytics_Template_Scratch"/>
  <testcase name="copyLink" time="142.896" classname="com.freshproposals.selenium.Analytics_Template_Scratch"/>
  <testcase name="Summary" time="10.934" classname="com.freshproposals.selenium.Analytics_Template_Scratch"/>
  <testcase name="getSummaryData" time="5.141" classname="com.freshproposals.selenium.Analytics_Template_Scratch"/>
  <testcase name="Assert_time" time="2.003" classname="com.freshproposals.selenium.Analytics_Template_Scratch">
    <failure type="java.lang.AssertionError" message="expected [2 m 10 s] but found [1 m 58 s]">
      <![CDATA[java.lang.AssertionError: expected [2 m 10 s] but found [1 m 58 s]
at org.testng.Assert.fail(Assert.java:97)
at org.testng.Assert.assertEqualsImpl(Assert.java:136)
at org.testng.Assert.assertEquals(Assert.java:118)
at org.testng.Assert.assertEquals(Assert.java:575)
at org.testng.Assert.assertEquals(Assert.java:585)
at com.freshproposals.selenium.Analytics_Template_Scratch.Assert_time(Analytics_Template_Scratch.java:173)
at sun.reflect.NativeMethodAccessorImpl.invoke0(Native Method)
at sun.reflect.NativeMethodAccessorImpl.invoke(Unknown Source)
at sun.reflect.DelegatingMethodAccessorImpl.invoke(Unknown Source)
at java.lang.reflect.Method.invoke(Unknown Source)
at org.testng.internal.MethodInvocationHelper.invokeMethod(MethodInvocationHelper.java:133)
at org.testng.internal.TestInvoker.invokeMethod(TestInvoker.java:584)
at org.testng.internal.TestInvoker.invokeTestMethod(TestInvoker.java:172)
at org.testng.internal.MethodRunner.runInSequence(MethodRunner.java:46)
at org.testng.internal.TestInvoker$MethodInvocationAgent.invoke(TestInvoker.java:804)
at org.testng.internal.TestInvoker.invokeTestMethods(TestInvoker.java:145)
at org.testng.internal.TestMethodWorker.invokeTestMethods(TestMethodWorker.java:146)
at org.testng.internal.TestMethodWorker.run(TestMethodWorker.java:128)
at org.testng.TestRunner$$Lambda$45/133250414.accept(Unknown Source)
at java.util.ArrayList.forEach(Unknown Source)
at org.testng.TestRunner.privateRun(TestRunner.java:770)
at org.testng.TestRunner.run(TestRunner.java:591)
at org.testng.SuiteRunner.runTest(SuiteRunner.java:402)
at org.testng.SuiteRunner.runSequentially(SuiteRunner.java:396)
at org.testng.SuiteRunner.privateRun(SuiteRunner.java:355)
at org.testng.SuiteRunner.run(SuiteRunner.java:304)
at org.testng.SuiteRunnerWorker.runSuite(SuiteRunnerWorker.java:53)
at org.testng.SuiteRunnerWorker.run(SuiteRunnerWorker.java:96)
at org.testng.TestNG.runSuitesSequentially(TestNG.java:1180)
at org.testng.TestNG.runSuitesLocally(TestNG.java:1102)
at org.testng.TestNG.runSuites(TestNG.java:1032)
at org.testng.TestNG.run(TestNG.java:1000)
at org.testng.remote.AbstractRemoteTestNG.run(AbstractRemoteTestNG.java:115)
at org.testng.remote.RemoteTestNG.initAndRun(RemoteTestNG.java:251)
at org.testng.remote.RemoteTestNG.main(RemoteTestNG.java:77)
]]>
    </failure>
  </testcase> <!-- Assert_time -->
  <testcase name="Assert_view" time="2.003" classname="com.freshproposals.selenium.Analytics_Template_Scratch"/>
</testsuite> <!-- com.freshproposals.selenium.Analytics_Template_Scratch -->
