<?xml version="1.0" encoding="UTF-8"?>
<!-- Generated by org.testng.reporters.JUnitReportReporter -->
<testsuite skipped="0" hostname="DESKTOP-0FSTDRC" name="com.freshproposals.selenium.Check_Versions" tests="4" failures="0" timestamp="2020-01-28T14:32:46 IST" time="59.547" errors="0">
  <testcase name="login" time="0.555" classname="com.freshproposals.selenium.Check_Versions"/>
  <testcase name="createproposal" time="30.722" classname="com.freshproposals.selenium.Check_Versions"/>
  <testcase name="ProposalVersion" time="26.261" classname="com.freshproposals.selenium.Check_Versions"/>
  <testcase name="Assert_Prop" time="2.009" classname="com.freshproposals.selenium.Check_Versions"/>
</testsuite> <!-- com.freshproposals.selenium.Check_Versions -->
