<?xml version="1.0" encoding="UTF-8"?>
<!-- Generated by org.testng.reporters.JUnitReportReporter -->
<testsuite skipped="0" hostname="DESKTOP-0FSTDRC" name="com.freshproposals.selenium.Signature_Template" tests="23" failures="0" timestamp="2020-03-20T14:55:54 IST" time="92.232" errors="0">
  <testcase name="login" time="0.696" classname="com.freshproposals.selenium.Signature_Template"/>
  <testcase name="open_Proposal" time="12.416" classname="com.freshproposals.selenium.Signature_Template"/>
  <testcase name="width" time="1.217" classname="com.freshproposals.selenium.Signature_Template"/>
  <testcase name="height" time="1.232" classname="com.freshproposals.selenium.Signature_Template"/>
  <testcase name="Save_height_width" time="7.250" classname="com.freshproposals.selenium.Signature_Template"/>
  <testcase name="reflect_width" time="1.412" classname="com.freshproposals.selenium.Signature_Template"/>
  <testcase name="reflect_height" time="0.081" classname="com.freshproposals.selenium.Signature_Template"/>
  <testcase name="Reset_height_width" time="2.440" classname="com.freshproposals.selenium.Signature_Template"/>
  <testcase name="corner" time="1.213" classname="com.freshproposals.selenium.Signature_Template"/>
  <testcase name="rotate" time="1.206" classname="com.freshproposals.selenium.Signature_Template"/>
  <testcase name="color" time="7.649" classname="com.freshproposals.selenium.Signature_Template"/>
  <testcase name="border_width" time="4.374" classname="com.freshproposals.selenium.Signature_Template"/>
  <testcase name="border_style" time="1.301" classname="com.freshproposals.selenium.Signature_Template"/>
  <testcase name="padding_top" time="1.358" classname="com.freshproposals.selenium.Signature_Template"/>
  <testcase name="padding_left" time="1.197" classname="com.freshproposals.selenium.Signature_Template"/>
  <testcase name="pading_bottom" time="1.211" classname="com.freshproposals.selenium.Signature_Template"/>
  <testcase name="padding_right" time="1.243" classname="com.freshproposals.selenium.Signature_Template"/>
  <testcase name="Save" time="7.060" classname="com.freshproposals.selenium.Signature_Template"/>
  <testcase name="reflect_corner" time="1.192" classname="com.freshproposals.selenium.Signature_Template"/>
  <testcase name="reflect_border_width" time="5.066" classname="com.freshproposals.selenium.Signature_Template"/>
  <testcase name="reflect_border_style" time="5.143" classname="com.freshproposals.selenium.Signature_Template"/>
  <testcase name="reflect_padding" time="5.180" classname="com.freshproposals.selenium.Signature_Template"/>
  <testcase name="Reset_All" time="21.095" classname="com.freshproposals.selenium.Signature_Template"/>
</testsuite> <!-- com.freshproposals.selenium.Signature_Template -->
