<?xml version="1.0" encoding="UTF-8"?>
<!-- Generated by org.testng.reporters.JUnitReportReporter -->
<testsuite skipped="0" hostname="DESKTOP-0FSTDRC" name="com.freshproposals.selenium.Verify_Position_with_Preview" tests="2" failures="0" timestamp="2020-02-28T17:27:26 IST" time="20.882" errors="0">
  <testcase name="login" time="0.673" classname="com.freshproposals.selenium.Verify_Position_with_Preview"/>
  <testcase name="openProposal" time="20.209" classname="com.freshproposals.selenium.Verify_Position_with_Preview"/>
</testsuite> <!-- com.freshproposals.selenium.Verify_Position_with_Preview -->
