<?xml version="1.0" encoding="UTF-8"?>
<!-- Generated by org.testng.reporters.JUnitReportReporter -->
<testsuite skipped="0" hostname="DESKTOP-0FSTDRC" name="com.freshproposals.selenium.Signature_Section" tests="23" failures="0" timestamp="2020-02-27T13:06:14 IST" time="87.627" errors="0">
  <testcase name="login" time="2.406" classname="com.freshproposals.selenium.Signature_Section"/>
  <testcase name="open_Proposal" time="10.312" classname="com.freshproposals.selenium.Signature_Section"/>
  <testcase name="width" time="1.290" classname="com.freshproposals.selenium.Signature_Section"/>
  <testcase name="height" time="1.216" classname="com.freshproposals.selenium.Signature_Section"/>
  <testcase name="Save_height_width" time="8.486" classname="com.freshproposals.selenium.Signature_Section"/>
  <testcase name="reflect_width" time="0.176" classname="com.freshproposals.selenium.Signature_Section"/>
  <testcase name="reflect_height" time="0.089" classname="com.freshproposals.selenium.Signature_Section"/>
  <testcase name="Reset_height_width" time="2.491" classname="com.freshproposals.selenium.Signature_Section"/>
  <testcase name="corner" time="1.158" classname="com.freshproposals.selenium.Signature_Section"/>
  <testcase name="rotate" time="1.210" classname="com.freshproposals.selenium.Signature_Section"/>
  <testcase name="color" time="6.798" classname="com.freshproposals.selenium.Signature_Section"/>
  <testcase name="border_width" time="4.370" classname="com.freshproposals.selenium.Signature_Section"/>
  <testcase name="border_style" time="1.304" classname="com.freshproposals.selenium.Signature_Section"/>
  <testcase name="padding_top" time="1.387" classname="com.freshproposals.selenium.Signature_Section"/>
  <testcase name="padding_left" time="1.183" classname="com.freshproposals.selenium.Signature_Section"/>
  <testcase name="pading_bottom" time="1.186" classname="com.freshproposals.selenium.Signature_Section"/>
  <testcase name="padding_right" time="1.235" classname="com.freshproposals.selenium.Signature_Section"/>
  <testcase name="Save" time="8.314" classname="com.freshproposals.selenium.Signature_Section"/>
  <testcase name="reflect_corner" time="0.205" classname="com.freshproposals.selenium.Signature_Section"/>
  <testcase name="reflect_border_width" time="5.127" classname="com.freshproposals.selenium.Signature_Section"/>
  <testcase name="reflect_border_style" time="5.129" classname="com.freshproposals.selenium.Signature_Section"/>
  <testcase name="reflect_padding" time="5.137" classname="com.freshproposals.selenium.Signature_Section"/>
  <testcase name="Reset_All" time="17.418" classname="com.freshproposals.selenium.Signature_Section"/>
</testsuite> <!-- com.freshproposals.selenium.Signature_Section -->
