<?xml version="1.0" encoding="UTF-8"?>
<!-- Generated by org.testng.reporters.JUnitReportReporter -->
<testsuite skipped="0" hostname="DESKTOP-0FSTDRC" name="com.freshproposals.selenium.Gmail_Testing" tests="10" failures="0" timestamp="2020-01-16T18:22:15 IST" time="80.003" errors="0">
  <testcase name="login" time="0.701" classname="com.freshproposals.selenium.Gmail_Testing"/>
  <testcase name="createTemplate" time="8.216" classname="com.freshproposals.selenium.Gmail_Testing"/>
  <testcase name="contentLibrary" time="14.860" classname="com.freshproposals.selenium.Gmail_Testing"/>
  <testcase name="generateProposal" time="7.653" classname="com.freshproposals.selenium.Gmail_Testing"/>
  <testcase name="client" time="5.582" classname="com.freshproposals.selenium.Gmail_Testing"/>
  <testcase name="scrollWindow" time="3.066" classname="com.freshproposals.selenium.Gmail_Testing"/>
  <testcase name="calender" time="9.721" classname="com.freshproposals.selenium.Gmail_Testing"/>
  <testcase name="sendEmail" time="9.952" classname="com.freshproposals.selenium.Gmail_Testing"/>
  <testcase name="Gmail_login" time="4.661" classname="com.freshproposals.selenium.Gmail_Testing"/>
  <testcase name="Search" time="15.591" classname="com.freshproposals.selenium.Gmail_Testing"/>
</testsuite> <!-- com.freshproposals.selenium.Gmail_Testing -->
