<?xml version="1.0" encoding="UTF-8"?>
<!-- Generated by org.testng.reporters.JUnitReportReporter -->
<testsuite skipped="0" hostname="DESKTOP-0FSTDRC" name="com.freshproposals.selenium.Ellipse_Duplicate_Template" tests="13" failures="0" timestamp="2020-03-03T17:44:47 IST" time="40.172" errors="0">
  <testcase name="login" time="0.809" classname="com.freshproposals.selenium.Ellipse_Duplicate_Template"/>
  <testcase name="open_Template" time="8.222" classname="com.freshproposals.selenium.Ellipse_Duplicate_Template"/>
  <testcase name="height_width" time="3.596" classname="com.freshproposals.selenium.Ellipse_Duplicate_Template"/>
  <testcase name="assert_width_1" time="0.109" classname="com.freshproposals.selenium.Ellipse_Duplicate_Template"/>
  <testcase name="assert_height_1" time="0.087" classname="com.freshproposals.selenium.Ellipse_Duplicate_Template"/>
  <testcase name="duplicate" time="2.470" classname="com.freshproposals.selenium.Ellipse_Duplicate_Template"/>
  <testcase name="DragDrop" time="3.479" classname="com.freshproposals.selenium.Ellipse_Duplicate_Template"/>
  <testcase name="assert_width_2" time="0.090" classname="com.freshproposals.selenium.Ellipse_Duplicate_Template"/>
  <testcase name="assert_height_2" time="0.069" classname="com.freshproposals.selenium.Ellipse_Duplicate_Template"/>
  <testcase name="Save" time="7.167" classname="com.freshproposals.selenium.Ellipse_Duplicate_Template"/>
  <testcase name="clear" time="3.467" classname="com.freshproposals.selenium.Ellipse_Duplicate_Template"/>
  <testcase name="reset_sign_1" time="3.529" classname="com.freshproposals.selenium.Ellipse_Duplicate_Template"/>
  <testcase name="Save2" time="7.078" classname="com.freshproposals.selenium.Ellipse_Duplicate_Template"/>
</testsuite> <!-- com.freshproposals.selenium.Ellipse_Duplicate_Template -->
