<?xml version="1.0" encoding="UTF-8"?>
<!-- Generated by org.testng.reporters.JUnitReportReporter -->
<testsuite skipped="0" hostname="DESKTOP-0FSTDRC" name="com.freshproposals.selenium.FontPropertiesInSection" tests="13" failures="0" timestamp="2020-03-20T14:55:54 IST" time="80.616" errors="0">
  <testcase name="login" time="5.567" classname="com.freshproposals.selenium.FontPropertiesInSection"/>
  <testcase name="FontPropertiesHeading1" time="10.056" classname="com.freshproposals.selenium.FontPropertiesInSection"/>
  <testcase name="Heading1PropertiesInPreview" time="6.673" classname="com.freshproposals.selenium.FontPropertiesInSection"/>
  <testcase name="FontPropertiesHeading2" time="5.789" classname="com.freshproposals.selenium.FontPropertiesInSection"/>
  <testcase name="FontPropertiesHeading2Preview" time="5.776" classname="com.freshproposals.selenium.FontPropertiesInSection"/>
  <testcase name="Heading3Properties" time="5.964" classname="com.freshproposals.selenium.FontPropertiesInSection"/>
  <testcase name="Heading3PropertiesInPreview" time="5.818" classname="com.freshproposals.selenium.FontPropertiesInSection"/>
  <testcase name="Heading4FontProperties" time="5.836" classname="com.freshproposals.selenium.FontPropertiesInSection"/>
  <testcase name="Heading4FontPropertiesInPreview" time="5.864" classname="com.freshproposals.selenium.FontPropertiesInSection"/>
  <testcase name="FontBodyProperties" time="5.809" classname="com.freshproposals.selenium.FontPropertiesInSection"/>
  <testcase name="FontBodyPropertiesInPreview" time="5.756" classname="com.freshproposals.selenium.FontPropertiesInSection"/>
  <testcase name="FontQuoteProperties" time="5.851" classname="com.freshproposals.selenium.FontPropertiesInSection"/>
  <testcase name="FontQuotePropertiesInPreview" time="5.857" classname="com.freshproposals.selenium.FontPropertiesInSection"/>
</testsuite> <!-- com.freshproposals.selenium.FontPropertiesInSection -->
