<?xml version="1.0" encoding="UTF-8"?>
<!-- Generated by org.testng.reporters.JUnitReportReporter -->
<testsuite skipped="0" hostname="DESKTOP-0FSTDRC" name="com.freshproposals.selenium.Image_Duplicate_Proposal" tests="11" failures="0" timestamp="2020-01-21T17:09:27 IST" time="46.639" errors="0">
  <testcase name="login" time="0.644" classname="com.freshproposals.selenium.Image_Duplicate_Proposal"/>
  <testcase name="open_Template" time="8.554" classname="com.freshproposals.selenium.Image_Duplicate_Proposal"/>
  <testcase name="height_width" time="5.588" classname="com.freshproposals.selenium.Image_Duplicate_Proposal"/>
  <testcase name="assert_width_1" time="0.174" classname="com.freshproposals.selenium.Image_Duplicate_Proposal"/>
  <testcase name="duplicate" time="2.446" classname="com.freshproposals.selenium.Image_Duplicate_Proposal"/>
  <testcase name="DragDrop" time="3.472" classname="com.freshproposals.selenium.Image_Duplicate_Proposal"/>
  <testcase name="assert_width_2" time="0.105" classname="com.freshproposals.selenium.Image_Duplicate_Proposal"/>
  <testcase name="Save" time="7.478" classname="com.freshproposals.selenium.Image_Duplicate_Proposal"/>
  <testcase name="clear" time="7.429" classname="com.freshproposals.selenium.Image_Duplicate_Proposal"/>
  <testcase name="reset_sign_1" time="3.565" classname="com.freshproposals.selenium.Image_Duplicate_Proposal"/>
  <testcase name="Save2" time="7.184" classname="com.freshproposals.selenium.Image_Duplicate_Proposal"/>
</testsuite> <!-- com.freshproposals.selenium.Image_Duplicate_Proposal -->
