<?xml version="1.0" encoding="UTF-8"?>
<!-- Generated by org.testng.reporters.JUnitReportReporter -->
<testsuite skipped="0" hostname="DESKTOP-0FSTDRC" name="com.freshproposals.selenium.Image_DragDrop_Position_Template" tests="6" failures="0" timestamp="2020-03-17T13:54:52 IST" time="55.545" errors="0">
  <testcase name="login" time="0.922" classname="com.freshproposals.selenium.Image_DragDrop_Position_Template"/>
  <testcase name="openExistTemplate" time="23.915" classname="com.freshproposals.selenium.Image_DragDrop_Position_Template"/>
  <testcase name="Get_Position" time="8.191" classname="com.freshproposals.selenium.Image_DragDrop_Position_Template"/>
  <testcase name="DragDrop" time="6.226" classname="com.freshproposals.selenium.Image_DragDrop_Position_Template"/>
  <testcase name="DragDrop_Get_Position" time="8.976" classname="com.freshproposals.selenium.Image_DragDrop_Position_Template"/>
  <testcase name="Reset" time="7.315" classname="com.freshproposals.selenium.Image_DragDrop_Position_Template"/>
</testsuite> <!-- com.freshproposals.selenium.Image_DragDrop_Position_Template -->
