<?xml version="1.0" encoding="UTF-8"?>
<!-- Generated by org.testng.reporters.JUnitReportReporter -->
<testsuite skipped="0" hostname="DESKTOP-0FSTDRC" name="com.freshproposals.selenium.Signature_Duplicate_Template" tests="13" failures="0" timestamp="2019-12-26T14:57:46 IST" time="50.566" errors="0">
  <testcase name="login" time="0.711" classname="com.freshproposals.selenium.Signature_Duplicate_Template"/>
  <testcase name="open_Template" time="17.440" classname="com.freshproposals.selenium.Signature_Duplicate_Template"/>
  <testcase name="height_width" time="3.691" classname="com.freshproposals.selenium.Signature_Duplicate_Template"/>
  <testcase name="assert_width_1" time="0.116" classname="com.freshproposals.selenium.Signature_Duplicate_Template"/>
  <testcase name="assert_height_1" time="0.150" classname="com.freshproposals.selenium.Signature_Duplicate_Template"/>
  <testcase name="duplicate" time="2.601" classname="com.freshproposals.selenium.Signature_Duplicate_Template"/>
  <testcase name="DragDrop" time="3.446" classname="com.freshproposals.selenium.Signature_Duplicate_Template"/>
  <testcase name="assert_width_2" time="0.110" classname="com.freshproposals.selenium.Signature_Duplicate_Template"/>
  <testcase name="assert_height_2" time="0.097" classname="com.freshproposals.selenium.Signature_Duplicate_Template"/>
  <testcase name="Save" time="7.714" classname="com.freshproposals.selenium.Signature_Duplicate_Template"/>
  <testcase name="clear" time="3.644" classname="com.freshproposals.selenium.Signature_Duplicate_Template"/>
  <testcase name="reset_sign_1" time="3.598" classname="com.freshproposals.selenium.Signature_Duplicate_Template"/>
  <testcase name="Save2" time="7.248" classname="com.freshproposals.selenium.Signature_Duplicate_Template"/>
</testsuite> <!-- com.freshproposals.selenium.Signature_Duplicate_Template -->
