<?xml version="1.0" encoding="UTF-8"?>
<!-- Generated by org.testng.reporters.JUnitReportReporter -->
<testsuite skipped="0" hostname="DESKTOP-0FSTDRC" name="com.freshproposals.selenium.Duplicate" tests="9" failures="0" timestamp="2019-12-24T15:17:05 IST" time="44.100" errors="0">
  <testcase name="login" time="0.650" classname="com.freshproposals.selenium.Duplicate"/>
  <testcase name="open_Template" time="9.859" classname="com.freshproposals.selenium.Duplicate"/>
  <testcase name="write" time="6.182" classname="com.freshproposals.selenium.Duplicate"/>
  <testcase name="duplicate" time="2.454" classname="com.freshproposals.selenium.Duplicate"/>
  <testcase name="DragDrop" time="3.490" classname="com.freshproposals.selenium.Duplicate"/>
  <testcase name="Save" time="7.466" classname="com.freshproposals.selenium.Duplicate"/>
  <testcase name="clear" time="5.918" classname="com.freshproposals.selenium.Duplicate"/>
  <testcase name="Save2" time="7.072" classname="com.freshproposals.selenium.Duplicate"/>
  <testcase name="final_Result" time="1.009" classname="com.freshproposals.selenium.Duplicate"/>
</testsuite> <!-- com.freshproposals.selenium.Duplicate -->
