<?xml version="1.0" encoding="UTF-8"?>
<!-- Generated by org.testng.reporters.JUnitReportReporter -->
<testsuite skipped="0" hostname="DESKTOP-0FSTDRC" name="com.freshproposals.selenium.ShapeRectangleProperties" tests="5" failures="0" timestamp="2019-12-03T16:46:44 IST" time="18.144" errors="0">
  <testcase name="login" time="0.681" classname="com.freshproposals.selenium.ShapeRectangleProperties"/>
  <testcase name="ShapeRectangle" time="12.069" classname="com.freshproposals.selenium.ShapeRectangleProperties"/>
  <testcase name="shapeResize" time="2.203" classname="com.freshproposals.selenium.ShapeRectangleProperties"/>
  <testcase name="ChangeHeightWidth" time="1.795" classname="com.freshproposals.selenium.ShapeRectangleProperties"/>
  <testcase name="ShapeCorner" time="1.396" classname="com.freshproposals.selenium.ShapeRectangleProperties"/>
</testsuite> <!-- com.freshproposals.selenium.ShapeRectangleProperties -->
