<?xml version="1.0" encoding="UTF-8"?>
<!-- Generated by org.testng.reporters.JUnitReportReporter -->
<testsuite skipped="0" hostname="DESKTOP-0FSTDRC" name="com.freshproposals.selenium.Signature_Template" tests="23" failures="0" timestamp="2020-01-22T17:46:45 IST" time="88.947" errors="0">
  <testcase name="login" time="0.671" classname="com.freshproposals.selenium.Signature_Template"/>
  <testcase name="open_Proposal" time="9.793" classname="com.freshproposals.selenium.Signature_Template"/>
  <testcase name="width" time="1.222" classname="com.freshproposals.selenium.Signature_Template"/>
  <testcase name="height" time="1.222" classname="com.freshproposals.selenium.Signature_Template"/>
  <testcase name="Save_height_width" time="7.382" classname="com.freshproposals.selenium.Signature_Template"/>
  <testcase name="reflect_width" time="0.861" classname="com.freshproposals.selenium.Signature_Template"/>
  <testcase name="reflect_height" time="0.077" classname="com.freshproposals.selenium.Signature_Template"/>
  <testcase name="Reset_height_width" time="2.402" classname="com.freshproposals.selenium.Signature_Template"/>
  <testcase name="corner" time="1.194" classname="com.freshproposals.selenium.Signature_Template"/>
  <testcase name="rotate" time="1.195" classname="com.freshproposals.selenium.Signature_Template"/>
  <testcase name="color" time="7.826" classname="com.freshproposals.selenium.Signature_Template"/>
  <testcase name="border_width" time="4.271" classname="com.freshproposals.selenium.Signature_Template"/>
  <testcase name="border_style" time="1.329" classname="com.freshproposals.selenium.Signature_Template"/>
  <testcase name="padding_top" time="1.398" classname="com.freshproposals.selenium.Signature_Template"/>
  <testcase name="padding_left" time="1.207" classname="com.freshproposals.selenium.Signature_Template"/>
  <testcase name="pading_bottom" time="1.182" classname="com.freshproposals.selenium.Signature_Template"/>
  <testcase name="padding_right" time="1.157" classname="com.freshproposals.selenium.Signature_Template"/>
  <testcase name="Save" time="7.497" classname="com.freshproposals.selenium.Signature_Template"/>
  <testcase name="reflect_corner" time="0.857" classname="com.freshproposals.selenium.Signature_Template"/>
  <testcase name="reflect_border_width" time="5.080" classname="com.freshproposals.selenium.Signature_Template"/>
  <testcase name="reflect_border_style" time="5.099" classname="com.freshproposals.selenium.Signature_Template"/>
  <testcase name="reflect_padding" time="5.138" classname="com.freshproposals.selenium.Signature_Template"/>
  <testcase name="Reset_All" time="20.887" classname="com.freshproposals.selenium.Signature_Template"/>
</testsuite> <!-- com.freshproposals.selenium.Signature_Template -->
