<?xml version="1.0" encoding="UTF-8"?>
<!-- Generated by org.testng.reporters.JUnitReportReporter -->
<testsuite skipped="0" hostname="DESKTOP-0FSTDRC" name="com.freshproposals.selenium.Image_Duplicate_Template" tests="11" failures="0" timestamp="2020-01-20T17:38:54 IST" time="44.843" errors="0">
  <testcase name="login" time="0.557" classname="com.freshproposals.selenium.Image_Duplicate_Template"/>
  <testcase name="open_Template" time="7.127" classname="com.freshproposals.selenium.Image_Duplicate_Template"/>
  <testcase name="height_width" time="5.604" classname="com.freshproposals.selenium.Image_Duplicate_Template"/>
  <testcase name="assert_width_1" time="0.189" classname="com.freshproposals.selenium.Image_Duplicate_Template"/>
  <testcase name="duplicate" time="2.449" classname="com.freshproposals.selenium.Image_Duplicate_Template"/>
  <testcase name="DragDrop" time="3.463" classname="com.freshproposals.selenium.Image_Duplicate_Template"/>
  <testcase name="assert_width_2" time="0.130" classname="com.freshproposals.selenium.Image_Duplicate_Template"/>
  <testcase name="Save" time="7.454" classname="com.freshproposals.selenium.Image_Duplicate_Template"/>
  <testcase name="clear" time="7.413" classname="com.freshproposals.selenium.Image_Duplicate_Template"/>
  <testcase name="reset_sign_1" time="3.447" classname="com.freshproposals.selenium.Image_Duplicate_Template"/>
  <testcase name="Save2" time="7.010" classname="com.freshproposals.selenium.Image_Duplicate_Template"/>
</testsuite> <!-- com.freshproposals.selenium.Image_Duplicate_Template -->
