<?xml version="1.0" encoding="UTF-8"?>
<!-- Generated by org.testng.reporters.JUnitReportReporter -->
<testsuite skipped="0" hostname="DESKTOP-0FSTDRC" name="com.freshproposals.selenium.UpdatedVariables" tests="3" failures="0" timestamp="2020-01-21T17:21:00 IST" time="22.940" errors="0">
  <testcase name="login" time="5.608" classname="com.freshproposals.selenium.UpdatedVariables"/>
  <testcase name="Variable" time="12.070" classname="com.freshproposals.selenium.UpdatedVariables"/>
  <testcase name="updatedVariables" time="5.262" classname="com.freshproposals.selenium.UpdatedVariables"/>
</testsuite> <!-- com.freshproposals.selenium.UpdatedVariables -->
