<?xml version="1.0" encoding="UTF-8"?>
<!-- Generated by org.testng.reporters.JUnitReportReporter -->
<testsuite skipped="0" hostname="DESKTOP-DFBIVRO" name="com.freshproposals.selenium.ExistingVariable" tests="2" failures="0" timestamp="2019-11-20T11:45:19 IST" time="9.911" errors="0">
  <testcase name="login" time="0.476" classname="com.freshproposals.selenium.ExistingVariable"/>
  <testcase name="verifyVeriable" time="9.435" classname="com.freshproposals.selenium.ExistingVariable"/>
</testsuite> <!-- com.freshproposals.selenium.ExistingVariable -->
