<?xml version="1.0" encoding="UTF-8"?>
<!-- Generated by org.testng.reporters.JUnitReportReporter -->
<testsuite skipped="0" hostname="DESKTOP-0FSTDRC" name="com.freshproposals.selenium.Signature_Template" tests="23" failures="0" timestamp="2020-02-28T13:04:02 IST" time="93.834" errors="0">
  <testcase name="login" time="0.633" classname="com.freshproposals.selenium.Signature_Template"/>
  <testcase name="open_Proposal" time="12.888" classname="com.freshproposals.selenium.Signature_Template"/>
  <testcase name="width" time="1.432" classname="com.freshproposals.selenium.Signature_Template"/>
  <testcase name="height" time="1.261" classname="com.freshproposals.selenium.Signature_Template"/>
  <testcase name="Save_height_width" time="7.173" classname="com.freshproposals.selenium.Signature_Template"/>
  <testcase name="reflect_width" time="1.022" classname="com.freshproposals.selenium.Signature_Template"/>
  <testcase name="reflect_height" time="0.078" classname="com.freshproposals.selenium.Signature_Template"/>
  <testcase name="Reset_height_width" time="2.476" classname="com.freshproposals.selenium.Signature_Template"/>
  <testcase name="corner" time="1.241" classname="com.freshproposals.selenium.Signature_Template"/>
  <testcase name="rotate" time="1.199" classname="com.freshproposals.selenium.Signature_Template"/>
  <testcase name="color" time="7.715" classname="com.freshproposals.selenium.Signature_Template"/>
  <testcase name="border_width" time="4.382" classname="com.freshproposals.selenium.Signature_Template"/>
  <testcase name="border_style" time="1.356" classname="com.freshproposals.selenium.Signature_Template"/>
  <testcase name="padding_top" time="1.345" classname="com.freshproposals.selenium.Signature_Template"/>
  <testcase name="padding_left" time="1.203" classname="com.freshproposals.selenium.Signature_Template"/>
  <testcase name="pading_bottom" time="1.203" classname="com.freshproposals.selenium.Signature_Template"/>
  <testcase name="padding_right" time="1.201" classname="com.freshproposals.selenium.Signature_Template"/>
  <testcase name="Save" time="7.319" classname="com.freshproposals.selenium.Signature_Template"/>
  <testcase name="reflect_corner" time="2.184" classname="com.freshproposals.selenium.Signature_Template"/>
  <testcase name="reflect_border_width" time="5.087" classname="com.freshproposals.selenium.Signature_Template"/>
  <testcase name="reflect_border_style" time="5.137" classname="com.freshproposals.selenium.Signature_Template"/>
  <testcase name="reflect_padding" time="5.234" classname="com.freshproposals.selenium.Signature_Template"/>
  <testcase name="Reset_All" time="21.065" classname="com.freshproposals.selenium.Signature_Template"/>
</testsuite> <!-- com.freshproposals.selenium.Signature_Template -->
