<?xml version="1.0" encoding="UTF-8"?>
<!-- Generated by org.testng.reporters.JUnitReportReporter -->
<testsuite skipped="0" hostname="DESKTOP-0FSTDRC" name="com.freshproposals.selenium.Existing_Template" tests="5" failures="0" timestamp="2019-11-08T14:51:18 IST" time="67.647" errors="0">
  <testcase name="login" time="0.620" classname="com.freshproposals.selenium.Existing_Template"/>
  <testcase name="openExistTemplate" time="13.348" classname="com.freshproposals.selenium.Existing_Template"/>
  <testcase name="properties" time="28.527" classname="com.freshproposals.selenium.Existing_Template"/>
  <testcase name="paragraphStyle" time="3.397" classname="com.freshproposals.selenium.Existing_Template"/>
  <testcase name="setting" time="21.755" classname="com.freshproposals.selenium.Existing_Template"/>
</testsuite> <!-- com.freshproposals.selenium.Existing_Template -->
